<?xml version="1.0" encoding="UTF-8"?>
<coverage generated="1675107821812" clover="3.2.0">
  <project timestamp="1675107821812" name="All files">
    <metrics statements="524" coveredstatements="288" conditionals="167" coveredconditionals="70" methods="195" coveredmethods="63" elements="886" coveredelements="421" complexity="0" loc="524" ncloc="524" packages="16" files="74" classes="74"/>
    <package name="assets.img">
      <metrics statements="1" coveredstatements="1" conditionals="0" coveredconditionals="0" methods="0" coveredmethods="0"/>
      <file name="logo.png" path="/Volumes/SSD/dev/tellr/tellrts/assets/img/logo.png">
        <metrics statements="1" coveredstatements="1" conditionals="0" coveredconditionals="0" methods="0" coveredmethods="0"/>
        <line num="1" count="1" type="stmt"/>
      </file>
    </package>
    <package name="src.components.Buttons">
      <metrics statements="45" coveredstatements="41" conditionals="10" coveredconditionals="9" methods="14" coveredmethods="10"/>
      <file name="Buttons.styles.ts" path="/Volumes/SSD/dev/tellr/tellrts/src/components/Buttons/Buttons.styles.ts">
        <metrics statements="0" coveredstatements="0" conditionals="0" coveredconditionals="0" methods="0" coveredmethods="0"/>
      </file>
      <file name="PrimaryButton.tsx" path="/Volumes/SSD/dev/tellr/tellrts/src/components/Buttons/PrimaryButton.tsx">
        <metrics statements="21" coveredstatements="21" conditionals="8" coveredconditionals="7" methods="5" coveredmethods="5"/>
        <line num="16" count="3" type="stmt"/>
        <line num="17" count="3" type="stmt"/>
        <line num="19" count="3" type="stmt"/>
        <line num="20" count="3" type="stmt"/>
        <line num="21" count="35" type="stmt"/>
        <line num="27" count="35" type="stmt"/>
        <line num="29" count="35" type="stmt"/>
        <line num="30" count="12" type="cond" truecount="2" falsecount="0"/>
        <line num="31" count="1" type="stmt"/>
        <line num="34" count="1" type="stmt"/>
        <line num="37" count="11" type="stmt"/>
        <line num="40" count="11" type="stmt"/>
        <line num="43" count="35" type="stmt"/>
        <line num="44" count="36" type="stmt"/>
        <line num="54" count="35" type="stmt"/>
        <line num="55" count="36" type="stmt"/>
        <line num="66" count="35" type="stmt"/>
        <line num="67" count="36" type="stmt"/>
        <line num="80" count="35" type="stmt"/>
        <line num="89" count="35" type="stmt"/>
        <line num="91" count="35" type="stmt"/>
      </file>
      <file name="SecondaryButton.tsx" path="/Volumes/SSD/dev/tellr/tellrts/src/components/Buttons/SecondaryButton.tsx">
        <metrics statements="15" coveredstatements="13" conditionals="2" coveredconditionals="2" methods="5" coveredmethods="3"/>
        <line num="15" count="3" type="stmt"/>
        <line num="16" count="3" type="stmt"/>
        <line num="18" count="3" type="stmt"/>
        <line num="19" count="34" type="stmt"/>
        <line num="20" count="34" type="stmt"/>
        <line num="21" count="35" type="stmt"/>
        <line num="41" count="34" type="stmt"/>
        <line num="42" count="35" type="stmt"/>
        <line num="52" count="34" type="stmt"/>
        <line num="60" count="34" type="stmt"/>
        <line num="66" count="34" type="stmt"/>
        <line num="67" count="0" type="stmt"/>
        <line num="70" count="34" type="stmt"/>
        <line num="71" count="0" type="stmt"/>
        <line num="73" count="34" type="stmt"/>
      </file>
      <file name="index.ts" path="/Volumes/SSD/dev/tellr/tellrts/src/components/Buttons/index.ts">
        <metrics statements="0" coveredstatements="0" conditionals="0" coveredconditionals="0" methods="0" coveredmethods="0"/>
      </file>
      <file name="useColorAnimation.ts" path="/Volumes/SSD/dev/tellr/tellrts/src/components/Buttons/useColorAnimation.ts">
        <metrics statements="9" coveredstatements="7" conditionals="0" coveredconditionals="0" methods="4" coveredmethods="2"/>
        <line num="10" count="3" type="stmt"/>
        <line num="11" count="35" type="stmt"/>
        <line num="12" count="35" type="stmt"/>
        <line num="13" count="0" type="stmt"/>
        <line num="17" count="35" type="stmt"/>
        <line num="18" count="0" type="stmt"/>
        <line num="20" count="35" type="stmt"/>
        <line num="21" count="36" type="stmt"/>
        <line num="35" count="35" type="stmt"/>
      </file>
    </package>
    <package name="src.components.CityPicker">
      <metrics statements="31" coveredstatements="3" conditionals="13" coveredconditionals="0" methods="12" coveredmethods="0"/>
      <file name="CityPicker.styles.ts" path="/Volumes/SSD/dev/tellr/tellrts/src/components/CityPicker/CityPicker.styles.ts">
        <metrics statements="0" coveredstatements="0" conditionals="0" coveredconditionals="0" methods="0" coveredmethods="0"/>
      </file>
      <file name="CityPicker.tsx" path="/Volumes/SSD/dev/tellr/tellrts/src/components/CityPicker/CityPicker.tsx">
        <metrics statements="31" coveredstatements="3" conditionals="13" coveredconditionals="0" methods="12" coveredmethods="0"/>
        <line num="17" count="2" type="stmt"/>
        <line num="33" count="2" type="stmt"/>
        <line num="34" count="0" type="stmt"/>
        <line num="35" count="0" type="stmt"/>
        <line num="47" count="2" type="stmt"/>
        <line num="48" count="0" type="stmt"/>
        <line num="49" count="0" type="stmt"/>
        <line num="50" count="0" type="cond" truecount="0" falsecount="2"/>
        <line num="51" count="0" type="stmt"/>
        <line num="53" count="0" type="stmt"/>
        <line num="58" count="0" type="stmt"/>
        <line num="59" count="0" type="stmt"/>
        <line num="60" count="0" type="stmt"/>
        <line num="63" count="0" type="stmt"/>
        <line num="64" count="0" type="cond" truecount="0" falsecount="2"/>
        <line num="65" count="0" type="stmt"/>
        <line num="67" count="0" type="stmt"/>
        <line num="71" count="0" type="stmt"/>
        <line num="75" count="0" type="stmt"/>
        <line num="76" count="0" type="stmt"/>
        <line num="77" count="0" type="stmt"/>
        <line num="80" count="0" type="stmt"/>
        <line num="91" count="0" type="stmt"/>
        <line num="96" count="0" type="stmt"/>
        <line num="98" count="0" type="stmt"/>
        <line num="110" count="0" type="stmt"/>
        <line num="116" count="0" type="stmt"/>
        <line num="117" count="0" type="cond" truecount="0" falsecount="2"/>
        <line num="118" count="0" type="stmt"/>
        <line num="120" count="0" type="stmt"/>
        <line num="134" count="0" type="stmt"/>
      </file>
      <file name="index.ts" path="/Volumes/SSD/dev/tellr/tellrts/src/components/CityPicker/index.ts">
        <metrics statements="0" coveredstatements="0" conditionals="0" coveredconditionals="0" methods="0" coveredmethods="0"/>
      </file>
    </package>
    <package name="src.components.CountryPicker">
      <metrics statements="34" coveredstatements="3" conditionals="6" coveredconditionals="0" methods="12" coveredmethods="0"/>
      <file name="CountryPicker.styles.ts" path="/Volumes/SSD/dev/tellr/tellrts/src/components/CountryPicker/CountryPicker.styles.ts">
        <metrics statements="0" coveredstatements="0" conditionals="0" coveredconditionals="0" methods="0" coveredmethods="0"/>
      </file>
      <file name="CountryPicker.tsx" path="/Volumes/SSD/dev/tellr/tellrts/src/components/CountryPicker/CountryPicker.tsx">
        <metrics statements="34" coveredstatements="3" conditionals="6" coveredconditionals="0" methods="12" coveredmethods="0"/>
        <line num="20" count="2" type="stmt"/>
        <line num="30" count="2" type="stmt"/>
        <line num="37" count="0" type="stmt"/>
        <line num="38" count="0" type="stmt"/>
        <line num="39" count="0" type="stmt"/>
        <line num="51" count="2" type="stmt"/>
        <line num="58" count="0" type="stmt"/>
        <line num="59" count="0" type="stmt"/>
        <line num="60" count="0" type="stmt"/>
        <line num="61" count="0" type="stmt"/>
        <line num="63" count="0" type="stmt"/>
        <line num="64" count="0" type="stmt"/>
        <line num="65" count="0" type="stmt"/>
        <line num="66" count="0" type="stmt"/>
        <line num="70" count="0" type="stmt"/>
        <line num="73" count="0" type="stmt"/>
        <line num="74" count="0" type="stmt"/>
        <line num="75" count="0" type="stmt"/>
        <line num="76" count="0" type="stmt"/>
        <line num="77" count="0" type="stmt"/>
        <line num="80" count="0" type="stmt"/>
        <line num="81" count="0" type="stmt"/>
        <line num="83" count="0" type="stmt"/>
        <line num="85" count="0" type="stmt"/>
        <line num="92" count="0" type="stmt"/>
        <line num="93" count="0" type="stmt"/>
        <line num="94" count="0" type="stmt"/>
        <line num="105" count="0" type="stmt"/>
        <line num="106" count="0" type="cond" truecount="0" falsecount="2"/>
        <line num="107" count="0" type="stmt"/>
        <line num="109" count="0" type="stmt"/>
        <line num="112" count="0" type="stmt"/>
        <line num="114" count="0" type="stmt"/>
        <line num="117" count="0" type="stmt"/>
      </file>
      <file name="index.ts" path="/Volumes/SSD/dev/tellr/tellrts/src/components/CountryPicker/index.ts">
        <metrics statements="0" coveredstatements="0" conditionals="0" coveredconditionals="0" methods="0" coveredmethods="0"/>
      </file>
    </package>
    <package name="src.components.DismissKeyboard">
      <metrics statements="3" coveredstatements="3" conditionals="0" coveredconditionals="0" methods="2" coveredmethods="2"/>
      <file name="DismissKeyboard.tsx" path="/Volumes/SSD/dev/tellr/tellrts/src/components/DismissKeyboard/DismissKeyboard.tsx">
        <metrics statements="3" coveredstatements="3" conditionals="0" coveredconditionals="0" methods="2" coveredmethods="2"/>
        <line num="9" count="2" type="stmt"/>
        <line num="10" count="10" type="stmt"/>
        <line num="11" count="2" type="stmt"/>
      </file>
      <file name="index.ts" path="/Volumes/SSD/dev/tellr/tellrts/src/components/DismissKeyboard/index.ts">
        <metrics statements="0" coveredstatements="0" conditionals="0" coveredconditionals="0" methods="0" coveredmethods="0"/>
      </file>
    </package>
    <package name="src.components.ErrorDisplay">
      <metrics statements="4" coveredstatements="4" conditionals="4" coveredconditionals="4" methods="1" coveredmethods="1"/>
      <file name="ErrorDisplay.styles.ts" path="/Volumes/SSD/dev/tellr/tellrts/src/components/ErrorDisplay/ErrorDisplay.styles.ts">
        <metrics statements="0" coveredstatements="0" conditionals="0" coveredconditionals="0" methods="0" coveredmethods="0"/>
      </file>
      <file name="ErrorDisplay.tsx" path="/Volumes/SSD/dev/tellr/tellrts/src/components/ErrorDisplay/ErrorDisplay.tsx">
        <metrics statements="4" coveredstatements="4" conditionals="4" coveredconditionals="4" methods="1" coveredmethods="1"/>
        <line num="11" count="3" type="stmt"/>
        <line num="19" count="3" type="stmt"/>
        <line num="20" count="1" type="stmt"/>
        <line num="22" count="1" type="stmt"/>
      </file>
      <file name="index.ts" path="/Volumes/SSD/dev/tellr/tellrts/src/components/ErrorDisplay/index.ts">
        <metrics statements="0" coveredstatements="0" conditionals="0" coveredconditionals="0" methods="0" coveredmethods="0"/>
      </file>
    </package>
    <package name="src.components.Field">
      <metrics statements="36" coveredstatements="25" conditionals="16" coveredconditionals="7" methods="12" coveredmethods="6"/>
      <file name="Datefield.tsx" path="/Volumes/SSD/dev/tellr/tellrts/src/components/Field/Datefield.tsx">
        <metrics statements="8" coveredstatements="6" conditionals="2" coveredconditionals="1" methods="3" coveredmethods="1"/>
        <line num="11" count="2" type="stmt"/>
        <line num="12" count="11" type="stmt"/>
        <line num="13" count="11" type="cond" truecount="1" falsecount="1"/>
        <line num="15" count="11" type="stmt"/>
        <line num="16" count="0" type="stmt"/>
        <line num="19" count="11" type="stmt"/>
        <line num="20" count="0" type="stmt"/>
        <line num="23" count="11" type="stmt"/>
      </file>
      <file name="Field.styles.ts" path="/Volumes/SSD/dev/tellr/tellrts/src/components/Field/Field.styles.ts">
        <metrics statements="0" coveredstatements="0" conditionals="0" coveredconditionals="0" methods="0" coveredmethods="0"/>
      </file>
      <file name="Field.tsx" path="/Volumes/SSD/dev/tellr/tellrts/src/components/Field/Field.tsx">
        <metrics statements="18" coveredstatements="11" conditionals="10" coveredconditionals="2" methods="5" coveredmethods="3"/>
        <line num="18" count="3" type="stmt"/>
        <line num="24" count="3" type="stmt"/>
        <line num="25" count="14" type="cond" truecount="1" falsecount="1"/>
        <line num="26" count="14" type="stmt"/>
        <line num="27" count="23" type="stmt"/>
        <line num="36" count="14" type="stmt"/>
        <line num="38" count="14" type="stmt"/>
        <line num="39" count="8" type="cond" truecount="1" falsecount="1"/>
        <line num="40" count="0" type="stmt"/>
        <line num="46" count="14" type="stmt"/>
        <line num="47" count="0" type="cond" truecount="0" falsecount="2"/>
        <line num="48" count="0" type="stmt"/>
        <line num="50" count="0" type="stmt"/>
        <line num="55" count="14" type="stmt"/>
        <line num="56" count="0" type="cond" truecount="0" falsecount="2"/>
        <line num="57" count="0" type="stmt"/>
        <line num="59" count="0" type="cond" truecount="0" falsecount="2"/>
        <line num="63" count="14" type="stmt"/>
      </file>
      <file name="FormField.tsx" path="/Volumes/SSD/dev/tellr/tellrts/src/components/Field/FormField.tsx">
        <metrics statements="10" coveredstatements="8" conditionals="4" coveredconditionals="4" methods="4" coveredmethods="2"/>
        <line num="15" count="1" type="stmt"/>
        <line num="23" count="1" type="stmt"/>
        <line num="24" count="2" type="stmt"/>
        <line num="26" count="2" type="stmt"/>
        <line num="27" count="0" type="stmt"/>
        <line num="30" count="2" type="stmt"/>
        <line num="31" count="0" type="stmt"/>
        <line num="36" count="2" type="stmt"/>
        <line num="37" count="4" type="stmt"/>
        <line num="47" count="2" type="stmt"/>
      </file>
      <file name="index.ts" path="/Volumes/SSD/dev/tellr/tellrts/src/components/Field/index.ts">
        <metrics statements="0" coveredstatements="0" conditionals="0" coveredconditionals="0" methods="0" coveredmethods="0"/>
      </file>
    </package>
    <package name="src.components.Links">
      <metrics statements="44" coveredstatements="37" conditionals="15" coveredconditionals="11" methods="13" coveredmethods="7"/>
      <file name="ArrowLink.tsx" path="/Volumes/SSD/dev/tellr/tellrts/src/components/Links/ArrowLink.tsx">
        <metrics statements="13" coveredstatements="11" conditionals="9" coveredconditionals="6" methods="4" coveredmethods="2"/>
        <line num="30" count="3" type="stmt"/>
        <line num="32" count="3" type="stmt"/>
        <line num="40" count="1" type="stmt"/>
        <line num="42" count="1" type="stmt"/>
        <line num="43" count="0" type="stmt"/>
        <line num="48" count="1" type="stmt"/>
        <line num="49" count="0" type="stmt"/>
        <line num="54" count="1" type="stmt"/>
        <line num="55" count="3" type="stmt"/>
        <line num="62" count="1" type="stmt"/>
        <line num="69" count="1" type="stmt"/>
        <line num="75" count="1" type="cond" truecount="1" falsecount="1"/>
        <line num="76" count="1" type="stmt"/>
      </file>
      <file name="ImageLink.tsx" path="/Volumes/SSD/dev/tellr/tellrts/src/components/Links/ImageLink.tsx">
        <metrics statements="12" coveredstatements="10" conditionals="0" coveredconditionals="0" methods="4" coveredmethods="2"/>
        <line num="20" count="3" type="stmt"/>
        <line num="22" count="3" type="stmt"/>
        <line num="23" count="1" type="stmt"/>
        <line num="25" count="1" type="stmt"/>
        <line num="26" count="3" type="stmt"/>
        <line num="40" count="1" type="stmt"/>
        <line num="41" count="0" type="stmt"/>
        <line num="46" count="1" type="stmt"/>
        <line num="47" count="0" type="stmt"/>
        <line num="52" count="1" type="stmt"/>
        <line num="56" count="1" type="stmt"/>
        <line num="58" count="1" type="stmt"/>
      </file>
      <file name="Link.styles.ts" path="/Volumes/SSD/dev/tellr/tellrts/src/components/Links/Link.styles.ts">
        <metrics statements="0" coveredstatements="0" conditionals="0" coveredconditionals="0" methods="0" coveredmethods="0"/>
      </file>
      <file name="Link.tsx" path="/Volumes/SSD/dev/tellr/tellrts/src/components/Links/Link.tsx">
        <metrics statements="19" coveredstatements="16" conditionals="6" coveredconditionals="5" methods="5" coveredmethods="3"/>
        <line num="23" count="3" type="stmt"/>
        <line num="32" count="3" type="stmt"/>
        <line num="33" count="3" type="stmt"/>
        <line num="35" count="3" type="stmt"/>
        <line num="36" count="0" type="stmt"/>
        <line num="41" count="3" type="stmt"/>
        <line num="42" count="0" type="stmt"/>
        <line num="47" count="3" type="stmt"/>
        <line num="48" count="2" type="cond" truecount="1" falsecount="1"/>
        <line num="49" count="0" type="stmt"/>
        <line num="51" count="2" type="cond" truecount="2" falsecount="0"/>
        <line num="52" count="1" type="stmt"/>
        <line num="53" count="1" type="stmt"/>
        <line num="63" count="1" type="stmt"/>
        <line num="74" count="3" type="stmt"/>
        <line num="75" count="8" type="stmt"/>
        <line num="94" count="3" type="stmt"/>
        <line num="95" count="3" type="stmt"/>
        <line num="97" count="3" type="stmt"/>
      </file>
      <file name="index.ts" path="/Volumes/SSD/dev/tellr/tellrts/src/components/Links/index.ts">
        <metrics statements="0" coveredstatements="0" conditionals="0" coveredconditionals="0" methods="0" coveredmethods="0"/>
      </file>
    </package>
    <package name="src.components.Modals">
      <metrics statements="21" coveredstatements="5" conditionals="6" coveredconditionals="0" methods="9" coveredmethods="0"/>
      <file name="FullScreenModal.tsx" path="/Volumes/SSD/dev/tellr/tellrts/src/components/Modals/FullScreenModal.tsx">
        <metrics statements="13" coveredstatements="3" conditionals="0" coveredconditionals="0" methods="5" coveredmethods="0"/>
        <line num="27" count="2" type="stmt"/>
        <line num="29" count="2" type="stmt"/>
        <line num="30" count="0" type="stmt"/>
        <line num="32" count="0" type="stmt"/>
        <line num="33" count="0" type="stmt"/>
        <line num="48" count="0" type="stmt"/>
        <line num="49" count="0" type="stmt"/>
        <line num="54" count="0" type="stmt"/>
        <line num="55" count="0" type="stmt"/>
        <line num="60" count="0" type="stmt"/>
        <line num="62" count="0" type="stmt"/>
        <line num="73" count="2" type="stmt"/>
        <line num="74" count="0" type="stmt"/>
      </file>
      <file name="Modals.style.ts" path="/Volumes/SSD/dev/tellr/tellrts/src/components/Modals/Modals.style.ts">
        <metrics statements="0" coveredstatements="0" conditionals="0" coveredconditionals="0" methods="0" coveredmethods="0"/>
      </file>
      <file name="countries.ts" path="/Volumes/SSD/dev/tellr/tellrts/src/components/Modals/countries.ts">
        <metrics statements="8" coveredstatements="2" conditionals="6" coveredconditionals="0" methods="4" coveredmethods="0"/>
        <line num="3" count="2" type="cond" truecount="0" falsecount="1"/>
        <line num="4" count="0" type="cond" truecount="0" falsecount="2"/>
        <line num="6" count="0" type="stmt"/>
        <line num="10" count="2" type="stmt"/>
        <line num="14" count="0" type="stmt"/>
        <line num="15" count="0" type="cond" truecount="0" falsecount="2"/>
        <line num="16" count="0" type="stmt"/>
        <line num="18" count="0" type="stmt"/>
      </file>
      <file name="index.ts" path="/Volumes/SSD/dev/tellr/tellrts/src/components/Modals/index.ts">
        <metrics statements="0" coveredstatements="0" conditionals="0" coveredconditionals="0" methods="0" coveredmethods="0"/>
      </file>
    </package>
    <package name="src.components.Navigation">
      <metrics statements="5" coveredstatements="4" conditionals="0" coveredconditionals="0" methods="2" coveredmethods="0"/>
      <file name="AuthNavigator.tsx" path="/Volumes/SSD/dev/tellr/tellrts/src/components/Navigation/AuthNavigator.tsx">
        <metrics statements="5" coveredstatements="4" conditionals="0" coveredconditionals="0" methods="2" coveredmethods="0"/>
        <line num="6" count="2" type="stmt"/>
        <line num="8" count="2" type="stmt"/>
        <line num="9" count="2" type="stmt"/>
        <line num="11" count="2" type="stmt"/>
        <line num="12" count="0" type="stmt"/>
      </file>
    </package>
    <package name="src.components.Option">
      <metrics statements="20" coveredstatements="18" conditionals="4" coveredconditionals="4" methods="6" coveredmethods="4"/>
      <file name="Option.styles.tsx" path="/Volumes/SSD/dev/tellr/tellrts/src/components/Option/Option.styles.tsx">
        <metrics statements="0" coveredstatements="0" conditionals="0" coveredconditionals="0" methods="0" coveredmethods="0"/>
      </file>
      <file name="OptionWithIcon.tsx" path="/Volumes/SSD/dev/tellr/tellrts/src/components/Option/OptionWithIcon.tsx">
        <metrics statements="20" coveredstatements="18" conditionals="4" coveredconditionals="4" methods="6" coveredmethods="4"/>
        <line num="17" count="2" type="stmt"/>
        <line num="18" count="2" type="stmt"/>
        <line num="32" count="20" type="stmt"/>
        <line num="33" count="20" type="stmt"/>
        <line num="35" count="20" type="stmt"/>
        <line num="36" count="11" type="cond" truecount="2" falsecount="0"/>
        <line num="37" count="8" type="stmt"/>
        <line num="41" count="3" type="stmt"/>
        <line num="47" count="20" type="stmt"/>
        <line num="48" count="18" type="stmt"/>
        <line num="65" count="20" type="stmt"/>
        <line num="66" count="18" type="stmt"/>
        <line num="73" count="20" type="stmt"/>
        <line num="74" count="0" type="stmt"/>
        <line num="77" count="20" type="stmt"/>
        <line num="78" count="0" type="stmt"/>
        <line num="83" count="20" type="stmt"/>
        <line num="89" count="20" type="stmt"/>
        <line num="90" count="20" type="stmt"/>
        <line num="95" count="20" type="stmt"/>
      </file>
    </package>
    <package name="src.components.Typography">
      <metrics statements="3" coveredstatements="3" conditionals="0" coveredconditionals="0" methods="3" coveredmethods="3"/>
      <file name="BodyCopy.tsx" path="/Volumes/SSD/dev/tellr/tellrts/src/components/Typography/BodyCopy.tsx">
        <metrics statements="1" coveredstatements="1" conditionals="0" coveredconditionals="0" methods="1" coveredmethods="1"/>
        <line num="7" count="77" type="stmt"/>
      </file>
      <file name="Subtitle.tsx" path="/Volumes/SSD/dev/tellr/tellrts/src/components/Typography/Subtitle.tsx">
        <metrics statements="1" coveredstatements="1" conditionals="0" coveredconditionals="0" methods="1" coveredmethods="1"/>
        <line num="7" count="1" type="stmt"/>
      </file>
      <file name="Title.tsx" path="/Volumes/SSD/dev/tellr/tellrts/src/components/Typography/Title.tsx">
        <metrics statements="1" coveredstatements="1" conditionals="0" coveredconditionals="0" methods="1" coveredmethods="1"/>
        <line num="7" count="32" type="stmt"/>
      </file>
      <file name="Typography.styles.ts" path="/Volumes/SSD/dev/tellr/tellrts/src/components/Typography/Typography.styles.ts">
        <metrics statements="0" coveredstatements="0" conditionals="0" coveredconditionals="0" methods="0" coveredmethods="0"/>
      </file>
      <file name="index.ts" path="/Volumes/SSD/dev/tellr/tellrts/src/components/Typography/index.ts">
        <metrics statements="0" coveredstatements="0" conditionals="0" coveredconditionals="0" methods="0" coveredmethods="0"/>
      </file>
    </package>
    <package name="src.screens.Login">
      <metrics statements="49" coveredstatements="21" conditionals="16" coveredconditionals="4" methods="18" coveredmethods="4"/>
      <file name="Email.tsx" path="/Volumes/SSD/dev/tellr/tellrts/src/screens/Login/Email.tsx">
        <metrics statements="4" coveredstatements="4" conditionals="2" coveredconditionals="1" methods="1" coveredmethods="1"/>
        <line num="15" count="2" type="stmt"/>
        <line num="26" count="2" type="stmt"/>
        <line num="34" count="1" type="stmt"/>
        <line num="35" count="1" type="stmt"/>
      </file>
      <file name="Form.tsx" path="/Volumes/SSD/dev/tellr/tellrts/src/screens/Login/Form.tsx">
        <metrics statements="14" coveredstatements="10" conditionals="4" coveredconditionals="3" methods="5" coveredmethods="2"/>
        <line num="15" count="2" type="stmt"/>
        <line num="17" count="2" type="stmt"/>
        <line num="26" count="2" type="stmt"/>
        <line num="30" count="2" type="stmt"/>
        <line num="34" count="2" type="stmt"/>
        <line num="35" count="1" type="stmt"/>
        <line num="36" count="1" type="stmt"/>
        <line num="37" count="1" type="stmt"/>
        <line num="41" count="1" type="stmt"/>
        <line num="50" count="0" type="stmt"/>
        <line num="51" count="0" type="stmt"/>
        <line num="53" count="0" type="stmt"/>
        <line num="60" count="1" type="stmt"/>
        <line num="75" count="0" type="stmt"/>
      </file>
      <file name="Login.styles.ts" path="/Volumes/SSD/dev/tellr/tellrts/src/screens/Login/Login.styles.ts">
        <metrics statements="0" coveredstatements="0" conditionals="0" coveredconditionals="0" methods="0" coveredmethods="0"/>
      </file>
      <file name="Login.tsx" path="/Volumes/SSD/dev/tellr/tellrts/src/screens/Login/Login.tsx">
        <metrics statements="2" coveredstatements="2" conditionals="0" coveredconditionals="0" methods="1" coveredmethods="1"/>
        <line num="8" count="2" type="stmt"/>
        <line num="9" count="1" type="stmt"/>
      </file>
      <file name="Password.tsx" path="/Volumes/SSD/dev/tellr/tellrts/src/screens/Login/Password.tsx">
        <metrics statements="29" coveredstatements="5" conditionals="10" coveredconditionals="0" methods="11" coveredmethods="0"/>
        <line num="20" count="2" type="stmt"/>
        <line num="28" count="2" type="stmt"/>
        <line num="32" count="2" type="stmt"/>
        <line num="36" count="2" type="stmt"/>
        <line num="46" count="2" type="stmt"/>
        <line num="47" count="0" type="stmt"/>
        <line num="48" count="0" type="stmt"/>
        <line num="50" count="0" type="stmt"/>
        <line num="52" count="0" type="stmt"/>
        <line num="62" count="0" type="cond" truecount="0" falsecount="2"/>
        <line num="63" count="0" type="stmt"/>
        <line num="64" count="0" type="stmt"/>
        <line num="67" count="0" type="cond" truecount="0" falsecount="2"/>
        <line num="68" count="0" type="stmt"/>
        <line num="69" count="0" type="stmt"/>
        <line num="73" count="0" type="stmt"/>
        <line num="75" count="0" type="stmt"/>
        <line num="79" count="0" type="stmt"/>
        <line num="82" count="0" type="stmt"/>
        <line num="83" count="0" type="stmt"/>
        <line num="87" count="0" type="stmt"/>
        <line num="88" count="0" type="stmt"/>
        <line num="91" count="0" type="stmt"/>
        <line num="95" count="0" type="stmt"/>
        <line num="96" count="0" type="stmt"/>
        <line num="106" count="0" type="stmt"/>
        <line num="107" count="0" type="stmt"/>
        <line num="111" count="0" type="stmt"/>
        <line num="130" count="0" type="stmt"/>
      </file>
      <file name="index.ts" path="/Volumes/SSD/dev/tellr/tellrts/src/screens/Login/index.ts">
        <metrics statements="0" coveredstatements="0" conditionals="0" coveredconditionals="0" methods="0" coveredmethods="0"/>
      </file>
    </package>
    <package name="src.screens.Register">
      <metrics statements="153" coveredstatements="74" conditionals="67" coveredconditionals="27" methods="63" coveredmethods="24"/>
      <file name="Register.Check.tsx" path="/Volumes/SSD/dev/tellr/tellrts/src/screens/Register/Register.Check.tsx">
        <metrics statements="15" coveredstatements="2" conditionals="6" coveredconditionals="0" methods="10" coveredmethods="0"/>
        <line num="28" count="2" type="stmt"/>
        <line num="29" count="0" type="stmt"/>
        <line num="30" count="0" type="stmt"/>
        <line num="38" count="2" type="stmt"/>
        <line num="39" count="0" type="stmt"/>
        <line num="40" count="0" type="stmt"/>
        <line num="41" count="0" type="stmt"/>
        <line num="48" count="0" type="stmt"/>
        <line num="55" count="0" type="stmt"/>
        <line num="60" count="0" type="stmt"/>
        <line num="69" count="0" type="stmt"/>
        <line num="74" count="0" type="stmt"/>
        <line num="79" count="0" type="stmt"/>
        <line num="85" count="0" type="stmt"/>
        <line num="103" count="0" type="stmt"/>
      </file>
      <file name="Register.ControlPanel.tsx" path="/Volumes/SSD/dev/tellr/tellrts/src/screens/Register/Register.ControlPanel.tsx">
        <metrics statements="2" coveredstatements="2" conditionals="2" coveredconditionals="1" methods="1" coveredmethods="1"/>
        <line num="21" count="32" type="stmt"/>
        <line num="22" count="32" type="stmt"/>
      </file>
      <file name="Register.Fieldcheck.tsx" path="/Volumes/SSD/dev/tellr/tellrts/src/screens/Register/Register.Fieldcheck.tsx">
        <metrics statements="15" coveredstatements="3" conditionals="2" coveredconditionals="0" methods="4" coveredmethods="0"/>
        <line num="20" count="2" type="stmt"/>
        <line num="21" count="2" type="stmt"/>
        <line num="23" count="2" type="stmt"/>
        <line num="24" count="0" type="stmt"/>
        <line num="26" count="0" type="stmt"/>
        <line num="27" count="0" type="stmt"/>
        <line num="37" count="0" type="stmt"/>
        <line num="38" count="0" type="stmt"/>
        <line num="48" count="0" type="stmt"/>
        <line num="49" count="0" type="stmt"/>
        <line num="51" count="0" type="stmt"/>
        <line num="52" count="0" type="cond" truecount="0" falsecount="2"/>
        <line num="53" count="0" type="stmt"/>
        <line num="57" count="0" type="stmt"/>
        <line num="63" count="0" type="stmt"/>
      </file>
      <file name="Register.FormNavigation.tsx" path="/Volumes/SSD/dev/tellr/tellrts/src/screens/Register/Register.FormNavigation.tsx">
        <metrics statements="8" coveredstatements="7" conditionals="25" coveredconditionals="14" methods="5" coveredmethods="4"/>
        <line num="32" count="2" type="stmt"/>
        <line num="43" count="32" type="stmt"/>
        <line num="44" count="32" type="stmt"/>
        <line num="65" count="2" type="stmt"/>
        <line num="88" count="3" type="stmt"/>
        <line num="116" count="2" type="stmt"/>
        <line num="117" count="2" type="cond" truecount="2" falsecount="0"/>
        <line num="199" count="0" type="stmt"/>
      </file>
      <file name="Register.Location.tsx" path="/Volumes/SSD/dev/tellr/tellrts/src/screens/Register/Register.Location.tsx">
        <metrics statements="13" coveredstatements="1" conditionals="2" coveredconditionals="0" methods="5" coveredmethods="0"/>
        <line num="15" count="2" type="stmt"/>
        <line num="16" count="0" type="stmt"/>
        <line num="17" count="0" type="stmt"/>
        <line num="18" count="0" type="stmt"/>
        <line num="19" count="0" type="stmt"/>
        <line num="20" count="0" type="stmt"/>
        <line num="21" count="0" type="stmt"/>
        <line num="22" count="0" type="stmt"/>
        <line num="23" count="0" type="stmt"/>
        <line num="25" count="0" type="stmt"/>
        <line num="29" count="0" type="stmt"/>
        <line num="30" count="0" type="stmt"/>
        <line num="31" count="0" type="stmt"/>
      </file>
      <file name="Register.Password.tsx" path="/Volumes/SSD/dev/tellr/tellrts/src/screens/Register/Register.Password.tsx">
        <metrics statements="3" coveredstatements="1" conditionals="2" coveredconditionals="0" methods="1" coveredmethods="0"/>
        <line num="16" count="2" type="stmt"/>
        <line num="17" count="0" type="stmt"/>
        <line num="19" count="0" type="stmt"/>
      </file>
      <file name="Register.Photo.tsx" path="/Volumes/SSD/dev/tellr/tellrts/src/screens/Register/Register.Photo.tsx">
        <metrics statements="25" coveredstatements="11" conditionals="12" coveredconditionals="3" methods="9" coveredmethods="2"/>
        <line num="17" count="2" type="stmt"/>
        <line num="18" count="1" type="stmt"/>
        <line num="20" count="1" type="stmt"/>
        <line num="22" count="1" type="stmt"/>
        <line num="23" count="0" type="cond" truecount="0" falsecount="2"/>
        <line num="24" count="0" type="cond" truecount="0" falsecount="2"/>
        <line num="25" count="0" type="stmt"/>
        <line num="26" count="0" type="cond" truecount="0" falsecount="2"/>
        <line num="27" count="0" type="stmt"/>
        <line num="28" count="0" type="stmt"/>
        <line num="29" count="0" type="stmt"/>
        <line num="31" count="0" type="stmt"/>
        <line num="34" count="0" type="stmt"/>
        <line num="37" count="1" type="stmt"/>
        <line num="38" count="0" type="stmt"/>
        <line num="39" count="0" type="stmt"/>
        <line num="40" count="0" type="stmt"/>
        <line num="43" count="1" type="stmt"/>
        <line num="44" count="0" type="stmt"/>
        <line num="47" count="1" type="stmt"/>
        <line num="48" count="1" type="stmt"/>
        <line num="62" count="1" type="stmt"/>
        <line num="63" count="1" type="stmt"/>
        <line num="65" count="1" type="stmt"/>
        <line num="72" count="0" type="stmt"/>
      </file>
      <file name="Register.SelectGender.tsx" path="/Volumes/SSD/dev/tellr/tellrts/src/screens/Register/Register.SelectGender.tsx">
        <metrics statements="4" coveredstatements="4" conditionals="0" coveredconditionals="0" methods="3" coveredmethods="3"/>
        <line num="14" count="9" type="stmt"/>
        <line num="15" count="9" type="stmt"/>
        <line num="22" count="1" type="stmt"/>
        <line num="29" count="2" type="stmt"/>
      </file>
      <file name="Register.Step.tsx" path="/Volumes/SSD/dev/tellr/tellrts/src/screens/Register/Register.Step.tsx">
        <metrics statements="4" coveredstatements="4" conditionals="2" coveredconditionals="1" methods="2" coveredmethods="2"/>
        <line num="13" count="2" type="stmt"/>
        <line num="37" count="2" type="stmt"/>
        <line num="44" count="32" type="stmt"/>
        <line num="73" count="32" type="stmt"/>
      </file>
      <file name="Register.StepTracker.tsx" path="/Volumes/SSD/dev/tellr/tellrts/src/screens/Register/Register.StepTracker.tsx">
        <metrics statements="6" coveredstatements="6" conditionals="4" coveredconditionals="4" methods="3" coveredmethods="3"/>
        <line num="20" count="2" type="stmt"/>
        <line num="21" count="224" type="stmt"/>
        <line num="26" count="224" type="stmt"/>
        <line num="29" count="2" type="stmt"/>
        <line num="30" count="32" type="stmt"/>
        <line num="33" count="224" type="stmt"/>
      </file>
      <file name="Register.graphql.ts" path="/Volumes/SSD/dev/tellr/tellrts/src/screens/Register/Register.graphql.ts">
        <metrics statements="1" coveredstatements="1" conditionals="0" coveredconditionals="0" methods="0" coveredmethods="0"/>
        <line num="3" count="2" type="stmt"/>
      </file>
      <file name="Register.styles.ts" path="/Volumes/SSD/dev/tellr/tellrts/src/screens/Register/Register.styles.ts">
        <metrics statements="0" coveredstatements="0" conditionals="0" coveredconditionals="0" methods="0" coveredmethods="0"/>
      </file>
      <file name="Register.tsx" path="/Volumes/SSD/dev/tellr/tellrts/src/screens/Register/Register.tsx">
        <metrics statements="44" coveredstatements="20" conditionals="8" coveredconditionals="2" methods="15" coveredmethods="5"/>
        <line num="29" count="2" type="stmt"/>
        <line num="33" count="9" type="stmt"/>
        <line num="34" count="9" type="stmt"/>
        <line num="35" count="9" type="stmt"/>
        <line num="36" count="9" type="stmt"/>
        <line num="37" count="1" type="cond" truecount="1" falsecount="1"/>
        <line num="38" count="1" type="stmt"/>
        <line num="39" count="1" type="stmt"/>
        <line num="41" count="0" type="stmt"/>
        <line num="42" count="0" type="stmt"/>
        <line num="45" count="9" type="stmt"/>
        <line num="47" count="9" type="stmt"/>
        <line num="48" count="9" type="stmt"/>
        <line num="50" count="9" type="stmt"/>
        <line num="51" count="0" type="stmt"/>
        <line num="52" count="0" type="stmt"/>
        <line num="55" count="9" type="stmt"/>
        <line num="56" count="1" type="stmt"/>
        <line num="60" count="0" type="stmt"/>
        <line num="65" count="0" type="stmt"/>
        <line num="69" count="9" type="stmt"/>
        <line num="70" count="0" type="cond" truecount="0" falsecount="2"/>
        <line num="71" count="0" type="stmt"/>
        <line num="72" count="0" type="stmt"/>
        <line num="74" count="0" type="stmt"/>
        <line num="75" count="0" type="stmt"/>
        <line num="79" count="9" type="stmt"/>
        <line num="83" count="0" type="cond" truecount="0" falsecount="2"/>
        <line num="84" count="0" type="stmt"/>
        <line num="88" count="0" type="stmt"/>
        <line num="89" count="0" type="stmt"/>
        <line num="90" count="0" type="stmt"/>
        <line num="93" count="0" type="stmt"/>
        <line num="97" count="9" type="stmt"/>
        <line num="100" count="0" type="stmt"/>
        <line num="102" count="0" type="stmt"/>
        <line num="103" count="0" type="stmt"/>
        <line num="107" count="9" type="stmt"/>
        <line num="108" count="0" type="stmt"/>
        <line num="109" count="0" type="stmt"/>
        <line num="110" count="0" type="stmt"/>
        <line num="125" count="9" type="stmt"/>
        <line num="139" count="0" type="stmt"/>
        <line num="142" count="34" type="stmt"/>
      </file>
      <file name="Register.utils.ts" path="/Volumes/SSD/dev/tellr/tellrts/src/screens/Register/Register.utils.ts">
        <metrics statements="13" coveredstatements="12" conditionals="2" coveredconditionals="2" methods="5" coveredmethods="4"/>
        <line num="8" count="2" type="stmt"/>
        <line num="16" count="2" type="stmt"/>
        <line num="31" count="2" type="stmt"/>
        <line num="38" count="2" type="stmt"/>
        <line num="45" count="2" type="stmt"/>
        <line num="46" count="2" type="stmt"/>
        <line num="63" count="2" type="stmt"/>
        <line num="73" count="9" type="stmt"/>
        <line num="74" count="9" type="stmt"/>
        <line num="79" count="0" type="stmt"/>
        <line num="81" count="9" type="stmt"/>
        <line num="82" count="123" type="stmt"/>
        <line num="90" count="2" type="stmt"/>
      </file>
      <file name="index.ts" path="/Volumes/SSD/dev/tellr/tellrts/src/screens/Register/index.ts">
        <metrics statements="0" coveredstatements="0" conditionals="0" coveredconditionals="0" methods="0" coveredmethods="0"/>
      </file>
    </package>
    <package name="src.utils">
      <metrics statements="37" coveredstatements="23" conditionals="10" coveredconditionals="4" methods="14" coveredmethods="2"/>
      <file name="animationConstants.ts" path="/Volumes/SSD/dev/tellr/tellrts/src/utils/animationConstants.ts">
        <metrics statements="2" coveredstatements="2" conditionals="0" coveredconditionals="0" methods="0" coveredmethods="0"/>
        <line num="1" count="5" type="stmt"/>
        <line num="7" count="5" type="stmt"/>
      </file>
      <file name="colors.ts" path="/Volumes/SSD/dev/tellr/tellrts/src/utils/colors.ts">
        <metrics statements="7" coveredstatements="7" conditionals="0" coveredconditionals="0" methods="1" coveredmethods="1"/>
        <line num="1" count="5" type="stmt"/>
        <line num="21" count="5" type="stmt"/>
        <line num="22" count="5" type="stmt"/>
        <line num="23" count="5" type="stmt"/>
        <line num="24" count="60" type="stmt"/>
        <line num="26" count="5" type="stmt"/>
        <line num="29" count="5" type="stmt"/>
      </file>
      <file name="countries.ts" path="/Volumes/SSD/dev/tellr/tellrts/src/utils/countries.ts">
        <metrics statements="1" coveredstatements="1" conditionals="0" coveredconditionals="0" methods="0" coveredmethods="0"/>
        <line num="10" count="2" type="stmt"/>
      </file>
      <file name="photo.ts" path="/Volumes/SSD/dev/tellr/tellrts/src/utils/photo.ts">
        <metrics statements="2" coveredstatements="1" conditionals="2" coveredconditionals="0" methods="1" coveredmethods="0"/>
        <line num="2" count="2" type="stmt"/>
        <line num="3" count="0" type="cond" truecount="0" falsecount="2"/>
      </file>
      <file name="photos.ts" path="/Volumes/SSD/dev/tellr/tellrts/src/utils/photos.ts">
        <metrics statements="11" coveredstatements="5" conditionals="0" coveredconditionals="0" methods="6" coveredmethods="0"/>
        <line num="4" count="2" type="stmt"/>
        <line num="16" count="2" type="stmt"/>
        <line num="20" count="0" type="stmt"/>
        <line num="21" count="0" type="stmt"/>
        <line num="22" count="0" type="stmt"/>
        <line num="25" count="2" type="stmt"/>
        <line num="29" count="0" type="stmt"/>
        <line num="30" count="0" type="stmt"/>
        <line num="31" count="0" type="stmt"/>
        <line num="34" count="2" type="stmt"/>
        <line num="35" count="2" type="stmt"/>
      </file>
      <file name="test-utils.tsx" path="/Volumes/SSD/dev/tellr/tellrts/src/utils/test-utils.tsx">
        <metrics statements="2" coveredstatements="2" conditionals="4" coveredconditionals="4" methods="1" coveredmethods="1"/>
        <line num="14" count="2" type="stmt"/>
        <line num="33" count="6" type="stmt"/>
      </file>
      <file name="toasts.ts" path="/Volumes/SSD/dev/tellr/tellrts/src/utils/toasts.ts">
        <metrics statements="12" coveredstatements="5" conditionals="4" coveredconditionals="0" methods="5" coveredmethods="0"/>
        <line num="5" count="2" type="stmt"/>
        <line num="10" count="0" type="stmt"/>
        <line num="18" count="2" type="stmt"/>
        <line num="23" count="0" type="stmt"/>
        <line num="30" count="2" type="stmt"/>
        <line num="35" count="0" type="stmt"/>
        <line num="45" count="2" type="stmt"/>
        <line num="50" count="0" type="stmt"/>
        <line num="60" count="2" type="stmt"/>
        <line num="61" count="0" type="stmt"/>
        <line num="62" count="0" type="stmt"/>
        <line num="64" count="0" type="stmt"/>
      </file>
    </package>
    <package name="src.utils.slices">
      <metrics statements="38" coveredstatements="23" conditionals="0" coveredconditionals="0" methods="14" coveredmethods="0"/>
      <file name="anketSlice.ts" path="/Volumes/SSD/dev/tellr/tellrts/src/utils/slices/anketSlice.ts">
        <metrics statements="5" coveredstatements="3" conditionals="0" coveredconditionals="0" methods="2" coveredmethods="0"/>
        <line num="8" count="2" type="stmt"/>
        <line num="12" count="2" type="stmt"/>
        <line num="17" count="0" type="stmt"/>
        <line num="20" count="0" type="stmt"/>
        <line num="25" count="2" type="stmt"/>
      </file>
      <file name="authSlice.ts" path="/Volumes/SSD/dev/tellr/tellrts/src/utils/slices/authSlice.ts">
        <metrics statements="6" coveredstatements="3" conditionals="0" coveredconditionals="0" methods="2" coveredmethods="0"/>
        <line num="8" count="2" type="stmt"/>
        <line num="12" count="2" type="stmt"/>
        <line num="17" count="0" type="stmt"/>
        <line num="20" count="0" type="stmt"/>
        <line num="21" count="0" type="stmt"/>
        <line num="26" count="2" type="stmt"/>
      </file>
      <file name="contactsInputSlice.ts" path="/Volumes/SSD/dev/tellr/tellrts/src/utils/slices/contactsInputSlice.ts">
        <metrics statements="7" coveredstatements="3" conditionals="0" coveredconditionals="0" methods="4" coveredmethods="0"/>
        <line num="8" count="2" type="stmt"/>
        <line num="13" count="2" type="stmt"/>
        <line num="18" count="0" type="stmt"/>
        <line num="21" count="0" type="stmt"/>
        <line num="24" count="0" type="stmt"/>
        <line num="27" count="0" type="stmt"/>
        <line num="33" count="2" type="stmt"/>
      </file>
      <file name="firebaseTokenSlice.ts" path="/Volumes/SSD/dev/tellr/tellrts/src/utils/slices/firebaseTokenSlice.ts">
        <metrics statements="4" coveredstatements="3" conditionals="0" coveredconditionals="0" methods="1" coveredmethods="0"/>
        <line num="7" count="2" type="stmt"/>
        <line num="11" count="2" type="stmt"/>
        <line num="16" count="0" type="stmt"/>
        <line num="21" count="2" type="stmt"/>
      </file>
      <file name="inChatSlice.ts" path="/Volumes/SSD/dev/tellr/tellrts/src/utils/slices/inChatSlice.ts">
        <metrics statements="5" coveredstatements="3" conditionals="0" coveredconditionals="0" methods="2" coveredmethods="0"/>
        <line num="7" count="2" type="stmt"/>
        <line num="11" count="2" type="stmt"/>
        <line num="16" count="0" type="stmt"/>
        <line num="19" count="0" type="stmt"/>
        <line num="24" count="2" type="stmt"/>
      </file>
      <file name="requestResultSlice.ts" path="/Volumes/SSD/dev/tellr/tellrts/src/utils/slices/requestResultSlice.ts">
        <metrics statements="5" coveredstatements="3" conditionals="0" coveredconditionals="0" methods="2" coveredmethods="0"/>
        <line num="8" count="2" type="stmt"/>
        <line num="12" count="2" type="stmt"/>
        <line num="17" count="0" type="stmt"/>
        <line num="20" count="0" type="stmt"/>
        <line num="26" count="2" type="stmt"/>
      </file>
      <file name="searchSettingsSlice.ts" path="/Volumes/SSD/dev/tellr/tellrts/src/utils/slices/searchSettingsSlice.ts">
        <metrics statements="6" coveredstatements="5" conditionals="0" coveredconditionals="0" methods="1" coveredmethods="0"/>
        <line num="3" count="2" type="stmt"/>
        <line num="4" count="2" type="stmt"/>
        <line num="9" count="2" type="stmt"/>
        <line num="13" count="2" type="stmt"/>
        <line num="21" count="0" type="stmt"/>
        <line num="26" count="2" type="stmt"/>
      </file>
    </package>
  </project>
</coverage>
