{"/Volumes/SSD/dev/tellr/tellrts/assets/img/logo.png": {"path":"/Volumes/SSD/dev/tellr/tellrts/assets/img/logo.png","statementMap":{"0":{"start":{"line":1,"column":0},"end":{"line":4,"column":6}}},"fnMap":{},"branchMap":{},"s":{"0":1},"f":{},"b":{},"inputSourceMap":null,"_coverageSchema":"1a1c01bbd47fc00a2c39e90264f33305004495a9","hash":"e6f29aead6766f0129abdf9480fc14e706e86628"}
,"/Volumes/SSD/dev/tellr/tellrts/src/components/Buttons/Buttons.styles.ts": {"path":"/Volumes/SSD/dev/tellr/tellrts/src/components/Buttons/Buttons.styles.ts","statementMap":{},"fnMap":{},"branchMap":{},"s":{},"f":{},"b":{},"_coverageSchema":"1a1c01bbd47fc00a2c39e90264f33305004495a9","hash":"61e4f5c451215c6f8c1b3abb7e10fecb57122bde"}
,"/Volumes/SSD/dev/tellr/tellrts/src/components/Buttons/PrimaryButton.tsx": {"path":"/Volumes/SSD/dev/tellr/tellrts/src/components/Buttons/PrimaryButton.tsx","statementMap":{"0":{"start":{"line":16,"column":20},"end":{"line":16,"column":65}},"1":{"start":{"line":17,"column":21},"end":{"line":17,"column":61}},"2":{"start":{"line":19,"column":2},"end":{"line":19,"column":42}},"3":{"start":{"line":20,"column":22},"end":{"line":107,"column":1}},"4":{"start":{"line":21,"column":45},"end":{"line":25,"column":3}},"5":{"start":{"line":27,"column":24},"end":{"line":27,"column":41}},"6":{"start":{"line":29,"column":2},"end":{"line":41,"column":36}},"7":{"start":{"line":30,"column":4},"end":{"line":35,"column":5}},"8":{"start":{"line":31,"column":6},"end":{"line":33,"column":9}},"9":{"start":{"line":34,"column":6},"end":{"line":34,"column":13}},"10":{"start":{"line":37,"column":4},"end":{"line":39,"column":7}},"11":{"start":{"line":40,"column":4},"end":{"line":40,"column":11}},"12":{"start":{"line":43,"column":29},"end":{"line":52,"column":3}},"13":{"start":{"line":44,"column":11},"end":{"line":50,"column":5}},"14":{"start":{"line":54,"column":29},"end":{"line":64,"column":3}},"15":{"start":{"line":55,"column":11},"end":{"line":62,"column":5}},"16":{"start":{"line":66,"column":43},"end":{"line":78,"column":3}},"17":{"start":{"line":67,"column":11},"end":{"line":76,"column":5}},"18":{"start":{"line":80,"column":17},"end":{"line":87,"column":3}},"19":{"start":{"line":89,"column":21},"end":{"line":89,"column":64}},"20":{"start":{"line":91,"column":2},"end":{"line":106,"column":4}}},"fnMap":{"0":{"name":"(anonymous_0)","decl":{"start":{"line":20,"column":22},"end":{"line":20,"column":23}},"loc":{"start":{"line":20,"column":57},"end":{"line":107,"column":1}},"line":20},"1":{"name":"(anonymous_1)","decl":{"start":{"line":29,"column":12},"end":{"line":29,"column":13}},"loc":{"start":{"line":29,"column":18},"end":{"line":41,"column":3}},"line":29},"2":{"name":"(anonymous_2)","decl":{"start":{"line":44,"column":4},"end":{"line":44,"column":5}},"loc":{"start":{"line":44,"column":11},"end":{"line":50,"column":5}},"line":44},"3":{"name":"(anonymous_3)","decl":{"start":{"line":55,"column":4},"end":{"line":55,"column":5}},"loc":{"start":{"line":55,"column":11},"end":{"line":62,"column":5}},"line":55},"4":{"name":"(anonymous_4)","decl":{"start":{"line":67,"column":4},"end":{"line":67,"column":5}},"loc":{"start":{"line":67,"column":11},"end":{"line":76,"column":5}},"line":67}},"branchMap":{"0":{"loc":{"start":{"line":30,"column":4},"end":{"line":35,"column":5}},"type":"if","locations":[{"start":{"line":30,"column":4},"end":{"line":35,"column":5}},{"start":{},"end":{}}],"line":30},"1":{"loc":{"start":{"line":75,"column":15},"end":{"line":75,"column":56}},"type":"cond-expr","locations":[{"start":{"line":75,"column":41},"end":{"line":75,"column":47}},{"start":{"line":75,"column":50},"end":{"line":75,"column":56}}],"line":75},"2":{"loc":{"start":{"line":85,"column":4},"end":{"line":85,"column":43}},"type":"binary-expr","locations":[{"start":{"line":85,"column":4},"end":{"line":85,"column":17}},{"start":{"line":85,"column":21},"end":{"line":85,"column":43}}],"line":85},"3":{"loc":{"start":{"line":98,"column":16},"end":{"line":98,"column":45}},"type":"binary-expr","locations":[{"start":{"line":98,"column":16},"end":{"line":98,"column":29}},{"start":{"line":98,"column":33},"end":{"line":98,"column":45}}],"line":98}},"s":{"0":3,"1":3,"2":3,"3":3,"4":35,"5":35,"6":35,"7":12,"8":1,"9":1,"10":11,"11":11,"12":35,"13":36,"14":35,"15":36,"16":35,"17":36,"18":35,"19":35,"20":35},"f":{"0":35,"1":12,"2":36,"3":36,"4":36},"b":{"0":[1,11],"1":[0,36],"2":[35,14],"3":[35,21]},"_coverageSchema":"1a1c01bbd47fc00a2c39e90264f33305004495a9","hash":"4b61899cbac031ac81c897b1e6e6f46b460d3146"}
,"/Volumes/SSD/dev/tellr/tellrts/src/components/Buttons/SecondaryButton.tsx": {"path":"/Volumes/SSD/dev/tellr/tellrts/src/components/Buttons/SecondaryButton.tsx","statementMap":{"0":{"start":{"line":15,"column":26},"end":{"line":15,"column":71}},"1":{"start":{"line":16,"column":21},"end":{"line":16,"column":61}},"2":{"start":{"line":18,"column":24},"end":{"line":83,"column":1}},"3":{"start":{"line":19,"column":20},"end":{"line":19,"column":37}},"4":{"start":{"line":20,"column":27},"end":{"line":39,"column":3}},"5":{"start":{"line":21,"column":11},"end":{"line":37,"column":5}},"6":{"start":{"line":41,"column":28},"end":{"line":50,"column":3}},"7":{"start":{"line":42,"column":11},"end":{"line":48,"column":5}},"8":{"start":{"line":52,"column":20},"end":{"line":58,"column":3}},"9":{"start":{"line":60,"column":21},"end":{"line":64,"column":3}},"10":{"start":{"line":66,"column":18},"end":{"line":68,"column":3}},"11":{"start":{"line":67,"column":4},"end":{"line":67,"column":78}},"12":{"start":{"line":70,"column":19},"end":{"line":72,"column":3}},"13":{"start":{"line":71,"column":4},"end":{"line":71,"column":79}},"14":{"start":{"line":73,"column":2},"end":{"line":82,"column":4}}},"fnMap":{"0":{"name":"(anonymous_0)","decl":{"start":{"line":18,"column":24},"end":{"line":18,"column":25}},"loc":{"start":{"line":18,"column":59},"end":{"line":83,"column":1}},"line":18},"1":{"name":"(anonymous_1)","decl":{"start":{"line":21,"column":4},"end":{"line":21,"column":5}},"loc":{"start":{"line":21,"column":11},"end":{"line":37,"column":5}},"line":21},"2":{"name":"(anonymous_2)","decl":{"start":{"line":42,"column":4},"end":{"line":42,"column":5}},"loc":{"start":{"line":42,"column":11},"end":{"line":48,"column":5}},"line":42},"3":{"name":"(anonymous_3)","decl":{"start":{"line":66,"column":18},"end":{"line":66,"column":19}},"loc":{"start":{"line":66,"column":24},"end":{"line":68,"column":3}},"line":66},"4":{"name":"(anonymous_4)","decl":{"start":{"line":70,"column":19},"end":{"line":70,"column":20}},"loc":{"start":{"line":70,"column":25},"end":{"line":72,"column":3}},"line":70}},"branchMap":{"0":{"loc":{"start":{"line":56,"column":4},"end":{"line":56,"column":43}},"type":"binary-expr","locations":[{"start":{"line":56,"column":4},"end":{"line":56,"column":17}},{"start":{"line":56,"column":21},"end":{"line":56,"column":43}}],"line":56}},"s":{"0":3,"1":3,"2":3,"3":34,"4":34,"5":35,"6":34,"7":35,"8":34,"9":34,"10":34,"11":0,"12":34,"13":0,"14":34},"f":{"0":34,"1":35,"2":35,"3":0,"4":0},"b":{"0":[34,1]},"_coverageSchema":"1a1c01bbd47fc00a2c39e90264f33305004495a9","hash":"4ce2ccf0264c41c30d5d457317b8e4ea6d2a2c7d"}
,"/Volumes/SSD/dev/tellr/tellrts/src/components/Buttons/index.ts": {"path":"/Volumes/SSD/dev/tellr/tellrts/src/components/Buttons/index.ts","statementMap":{},"fnMap":{},"branchMap":{},"s":{},"f":{},"b":{},"_coverageSchema":"1a1c01bbd47fc00a2c39e90264f33305004495a9","hash":"5f515e9107a9e6a08dd022ac2de142a0ed11ae7d"}
,"/Volumes/SSD/dev/tellr/tellrts/src/components/Buttons/useColorAnimation.ts": {"path":"/Volumes/SSD/dev/tellr/tellrts/src/components/Buttons/useColorAnimation.ts","statementMap":{"0":{"start":{"line":10,"column":26},"end":{"line":36,"column":1}},"1":{"start":{"line":11,"column":20},"end":{"line":11,"column":37}},"2":{"start":{"line":12,"column":18},"end":{"line":16,"column":3}},"3":{"start":{"line":13,"column":4},"end":{"line":15,"column":7}},"4":{"start":{"line":17,"column":19},"end":{"line":19,"column":3}},"5":{"start":{"line":18,"column":4},"end":{"line":18,"column":79}},"6":{"start":{"line":20,"column":24},"end":{"line":34,"column":3}},"7":{"start":{"line":21,"column":11},"end":{"line":32,"column":5}},"8":{"start":{"line":35,"column":2},"end":{"line":35,"column":44}}},"fnMap":{"0":{"name":"(anonymous_0)","decl":{"start":{"line":10,"column":26},"end":{"line":10,"column":27}},"loc":{"start":{"line":10,"column":76},"end":{"line":36,"column":1}},"line":10},"1":{"name":"(anonymous_1)","decl":{"start":{"line":12,"column":18},"end":{"line":12,"column":19}},"loc":{"start":{"line":12,"column":24},"end":{"line":16,"column":3}},"line":12},"2":{"name":"(anonymous_2)","decl":{"start":{"line":17,"column":19},"end":{"line":17,"column":20}},"loc":{"start":{"line":17,"column":25},"end":{"line":19,"column":3}},"line":17},"3":{"name":"(anonymous_3)","decl":{"start":{"line":21,"column":4},"end":{"line":21,"column":5}},"loc":{"start":{"line":21,"column":11},"end":{"line":32,"column":5}},"line":21}},"branchMap":{},"s":{"0":3,"1":35,"2":35,"3":0,"4":35,"5":0,"6":35,"7":36,"8":35},"f":{"0":35,"1":0,"2":0,"3":36},"b":{},"_coverageSchema":"1a1c01bbd47fc00a2c39e90264f33305004495a9","hash":"356a5546bc284987555cba4fa36c2d2cfc5d84f9"}
,"/Volumes/SSD/dev/tellr/tellrts/src/components/CityPicker/CityPicker.styles.ts": {"path":"/Volumes/SSD/dev/tellr/tellrts/src/components/CityPicker/CityPicker.styles.ts","statementMap":{},"fnMap":{},"branchMap":{},"s":{},"f":{},"b":{},"_coverageSchema":"1a1c01bbd47fc00a2c39e90264f33305004495a9","hash":"0aa40f137b7ae03d54a1050a629421b8f3d753bc"}
,"/Volumes/SSD/dev/tellr/tellrts/src/components/CityPicker/CityPicker.tsx": {"path":"/Volumes/SSD/dev/tellr/tellrts/src/components/CityPicker/CityPicker.tsx","statementMap":{"0":{"start":{"line":17,"column":23},"end":{"line":17,"column":64}},"1":{"start":{"line":33,"column":19},"end":{"line":45,"column":1}},"2":{"start":{"line":34,"column":20},"end":{"line":34,"column":72}},"3":{"start":{"line":35,"column":2},"end":{"line":44,"column":4}},"4":{"start":{"line":47,"column":13},"end":{"line":144,"column":1}},"5":{"start":{"line":48,"column":14},"end":{"line":48,"column":30}},"6":{"start":{"line":49,"column":40},"end":{"line":49,"column":55}},"7":{"start":{"line":50,"column":36},"end":{"line":50,"column":69}},"8":{"start":{"line":51,"column":19},"end":{"line":51,"column":35}},"9":{"start":{"line":53,"column":27},"end":{"line":61,"column":3}},"10":{"start":{"line":58,"column":4},"end":{"line":58,"column":23}},"11":{"start":{"line":59,"column":4},"end":{"line":59,"column":24}},"12":{"start":{"line":60,"column":4},"end":{"line":60,"column":18}},"13":{"start":{"line":63,"column":26},"end":{"line":69,"column":3}},"14":{"start":{"line":64,"column":4},"end":{"line":68,"column":5}},"15":{"start":{"line":65,"column":6},"end":{"line":65,"column":47}},"16":{"start":{"line":67,"column":6},"end":{"line":67,"column":31}},"17":{"start":{"line":71,"column":32},"end":{"line":89,"column":3}},"18":{"start":{"line":75,"column":32},"end":{"line":75,"column":59}},"19":{"start":{"line":76,"column":4},"end":{"line":88,"column":7}},"20":{"start":{"line":77,"column":6},"end":{"line":87,"column":8}},"21":{"start":{"line":80,"column":10},"end":{"line":84,"column":11}},"22":{"start":{"line":91,"column":2},"end":{"line":143,"column":4}},"23":{"start":{"line":96,"column":27},"end":{"line":96,"column":47}},"24":{"start":{"line":98,"column":26},"end":{"line":98,"column":47}},"25":{"start":{"line":110,"column":12},"end":{"line":138,"column":15}},"26":{"start":{"line":116,"column":18},"end":{"line":116,"column":37}},"27":{"start":{"line":117,"column":18},"end":{"line":121,"column":19}},"28":{"start":{"line":118,"column":20},"end":{"line":118,"column":43}},"29":{"start":{"line":120,"column":20},"end":{"line":120,"column":34}},"30":{"start":{"line":134,"column":35},"end":{"line":134,"column":56}}},"fnMap":{"0":{"name":"(anonymous_0)","decl":{"start":{"line":33,"column":19},"end":{"line":33,"column":20}},"loc":{"start":{"line":33,"column":57},"end":{"line":45,"column":1}},"line":33},"1":{"name":"(anonymous_1)","decl":{"start":{"line":47,"column":13},"end":{"line":47,"column":14}},"loc":{"start":{"line":47,"column":65},"end":{"line":144,"column":1}},"line":47},"2":{"name":"(anonymous_2)","decl":{"start":{"line":53,"column":27},"end":{"line":53,"column":28}},"loc":{"start":{"line":57,"column":7},"end":{"line":61,"column":3}},"line":57},"3":{"name":"(anonymous_3)","decl":{"start":{"line":63,"column":26},"end":{"line":63,"column":27}},"loc":{"start":{"line":63,"column":32},"end":{"line":69,"column":3}},"line":63},"4":{"name":"(anonymous_4)","decl":{"start":{"line":71,"column":32},"end":{"line":71,"column":33}},"loc":{"start":{"line":74,"column":24},"end":{"line":89,"column":3}},"line":74},"5":{"name":"(anonymous_5)","decl":{"start":{"line":76,"column":35},"end":{"line":76,"column":36}},"loc":{"start":{"line":77,"column":6},"end":{"line":87,"column":8}},"line":77},"6":{"name":"(anonymous_6)","decl":{"start":{"line":79,"column":17},"end":{"line":79,"column":18}},"loc":{"start":{"line":80,"column":10},"end":{"line":84,"column":11}},"line":80},"7":{"name":"(anonymous_7)","decl":{"start":{"line":96,"column":21},"end":{"line":96,"column":22}},"loc":{"start":{"line":96,"column":27},"end":{"line":96,"column":47}},"line":96},"8":{"name":"(anonymous_8)","decl":{"start":{"line":98,"column":20},"end":{"line":98,"column":21}},"loc":{"start":{"line":98,"column":26},"end":{"line":98,"column":47}},"line":98},"9":{"name":"(anonymous_9)","decl":{"start":{"line":109,"column":11},"end":{"line":109,"column":12}},"loc":{"start":{"line":110,"column":12},"end":{"line":138,"column":15}},"line":110},"10":{"name":"(anonymous_10)","decl":{"start":{"line":115,"column":30},"end":{"line":115,"column":31}},"loc":{"start":{"line":115,"column":48},"end":{"line":122,"column":17}},"line":115},"11":{"name":"(anonymous_11)","decl":{"start":{"line":134,"column":29},"end":{"line":134,"column":30}},"loc":{"start":{"line":134,"column":35},"end":{"line":134,"column":56}},"line":134}},"branchMap":{"0":{"loc":{"start":{"line":50,"column":45},"end":{"line":50,"column":68}},"type":"binary-expr","locations":[{"start":{"line":50,"column":45},"end":{"line":50,"column":62}},{"start":{"line":50,"column":66},"end":{"line":50,"column":68}}],"line":50},"1":{"loc":{"start":{"line":64,"column":4},"end":{"line":68,"column":5}},"type":"if","locations":[{"start":{"line":64,"column":4},"end":{"line":68,"column":5}},{"start":{"line":66,"column":11},"end":{"line":68,"column":5}}],"line":64},"2":{"loc":{"start":{"line":117,"column":18},"end":{"line":121,"column":19}},"type":"if","locations":[{"start":{"line":117,"column":18},"end":{"line":121,"column":19}},{"start":{"line":119,"column":25},"end":{"line":121,"column":19}}],"line":117},"3":{"loc":{"start":{"line":125,"column":17},"end":{"line":127,"column":17}},"type":"binary-expr","locations":[{"start":{"line":125,"column":17},"end":{"line":125,"column":28}},{"start":{"line":125,"column":32},"end":{"line":125,"column":52}},{"start":{"line":126,"column":18},"end":{"line":126,"column":75}}],"line":125},"4":{"loc":{"start":{"line":128,"column":17},"end":{"line":129,"column":69}},"type":"binary-expr","locations":[{"start":{"line":128,"column":17},"end":{"line":128,"column":41}},{"start":{"line":129,"column":18},"end":{"line":129,"column":69}}],"line":128},"5":{"loc":{"start":{"line":130,"column":17},"end":{"line":136,"column":17}},"type":"binary-expr","locations":[{"start":{"line":130,"column":17},"end":{"line":130,"column":40}},{"start":{"line":131,"column":18},"end":{"line":135,"column":20}}],"line":130}},"s":{"0":2,"1":2,"2":0,"3":0,"4":2,"5":0,"6":0,"7":0,"8":0,"9":0,"10":0,"11":0,"12":0,"13":0,"14":0,"15":0,"16":0,"17":0,"18":0,"19":0,"20":0,"21":0,"22":0,"23":0,"24":0,"25":0,"26":0,"27":0,"28":0,"29":0,"30":0},"f":{"0":0,"1":0,"2":0,"3":0,"4":0,"5":0,"6":0,"7":0,"8":0,"9":0,"10":0,"11":0},"b":{"0":[0,0],"1":[0,0],"2":[0,0],"3":[0,0,0],"4":[0,0],"5":[0,0]},"_coverageSchema":"1a1c01bbd47fc00a2c39e90264f33305004495a9","hash":"ac9ac870d21ae0b6ccc2a5ab3830dfa055a2ea69"}
,"/Volumes/SSD/dev/tellr/tellrts/src/components/CityPicker/index.ts": {"path":"/Volumes/SSD/dev/tellr/tellrts/src/components/CityPicker/index.ts","statementMap":{},"fnMap":{},"branchMap":{},"s":{},"f":{},"b":{},"_coverageSchema":"1a1c01bbd47fc00a2c39e90264f33305004495a9","hash":"28ec26e6d02d240fdd412700bf8012e0962957de"}
,"/Volumes/SSD/dev/tellr/tellrts/src/components/CountryPicker/CountryPicker.styles.ts": {"path":"/Volumes/SSD/dev/tellr/tellrts/src/components/CountryPicker/CountryPicker.styles.ts","statementMap":{},"fnMap":{},"branchMap":{},"s":{},"f":{},"b":{},"_coverageSchema":"1a1c01bbd47fc00a2c39e90264f33305004495a9","hash":"a32178afba3764dd00774af94739eee700a393c9"}
,"/Volumes/SSD/dev/tellr/tellrts/src/components/CountryPicker/CountryPicker.tsx": {"path":"/Volumes/SSD/dev/tellr/tellrts/src/components/CountryPicker/CountryPicker.tsx","statementMap":{"0":{"start":{"line":20,"column":26},"end":{"line":20,"column":71}},"1":{"start":{"line":30,"column":20},"end":{"line":49,"column":1}},"2":{"start":{"line":37,"column":17},"end":{"line":37,"column":33}},"3":{"start":{"line":38,"column":32},"end":{"line":38,"column":45}},"4":{"start":{"line":39,"column":2},"end":{"line":48,"column":4}},"5":{"start":{"line":51,"column":22},"end":{"line":131,"column":1}},"6":{"start":{"line":58,"column":44},"end":{"line":58,"column":59}},"7":{"start":{"line":59,"column":48},"end":{"line":59,"column":75}},"8":{"start":{"line":60,"column":14},"end":{"line":60,"column":30}},"9":{"start":{"line":61,"column":19},"end":{"line":61,"column":35}},"10":{"start":{"line":63,"column":33},"end":{"line":71,"column":3}},"11":{"start":{"line":64,"column":4},"end":{"line":64,"column":23}},"12":{"start":{"line":65,"column":4},"end":{"line":65,"column":33}},"13":{"start":{"line":66,"column":29},"end":{"line":69,"column":5}},"14":{"start":{"line":70,"column":4},"end":{"line":70,"column":41}},"15":{"start":{"line":73,"column":37},"end":{"line":78,"column":3}},"16":{"start":{"line":74,"column":4},"end":{"line":74,"column":25}},"17":{"start":{"line":75,"column":4},"end":{"line":75,"column":44}},"18":{"start":{"line":76,"column":4},"end":{"line":76,"column":33}},"19":{"start":{"line":77,"column":4},"end":{"line":77,"column":27}},"20":{"start":{"line":80,"column":32},"end":{"line":90,"column":3}},"21":{"start":{"line":81,"column":4},"end":{"line":89,"column":11}},"22":{"start":{"line":83,"column":8},"end":{"line":87,"column":10}},"23":{"start":{"line":85,"column":25},"end":{"line":85,"column":60}},"24":{"start":{"line":92,"column":30},"end":{"line":103,"column":3}},"25":{"start":{"line":93,"column":4},"end":{"line":102,"column":20}},"26":{"start":{"line":94,"column":21},"end":{"line":94,"column":44}},"27":{"start":{"line":105,"column":26},"end":{"line":110,"column":3}},"28":{"start":{"line":106,"column":4},"end":{"line":108,"column":5}},"29":{"start":{"line":107,"column":6},"end":{"line":107,"column":53}},"30":{"start":{"line":109,"column":4},"end":{"line":109,"column":59}},"31":{"start":{"line":112,"column":2},"end":{"line":130,"column":4}},"32":{"start":{"line":114,"column":27},"end":{"line":114,"column":49}},"33":{"start":{"line":117,"column":26},"end":{"line":117,"column":49}}},"fnMap":{"0":{"name":"(anonymous_0)","decl":{"start":{"line":30,"column":20},"end":{"line":30,"column":21}},"loc":{"start":{"line":36,"column":6},"end":{"line":49,"column":1}},"line":36},"1":{"name":"(anonymous_1)","decl":{"start":{"line":51,"column":22},"end":{"line":51,"column":23}},"loc":{"start":{"line":57,"column":20},"end":{"line":131,"column":1}},"line":57},"2":{"name":"(anonymous_2)","decl":{"start":{"line":63,"column":33},"end":{"line":63,"column":34}},"loc":{"start":{"line":63,"column":58},"end":{"line":71,"column":3}},"line":63},"3":{"name":"(anonymous_3)","decl":{"start":{"line":73,"column":37},"end":{"line":73,"column":38}},"loc":{"start":{"line":73,"column":63},"end":{"line":78,"column":3}},"line":73},"4":{"name":"(anonymous_4)","decl":{"start":{"line":80,"column":32},"end":{"line":80,"column":33}},"loc":{"start":{"line":81,"column":4},"end":{"line":89,"column":11}},"line":81},"5":{"name":"(anonymous_5)","decl":{"start":{"line":82,"column":27},"end":{"line":82,"column":28}},"loc":{"start":{"line":83,"column":8},"end":{"line":87,"column":10}},"line":83},"6":{"name":"(anonymous_6)","decl":{"start":{"line":85,"column":19},"end":{"line":85,"column":20}},"loc":{"start":{"line":85,"column":25},"end":{"line":85,"column":60}},"line":85},"7":{"name":"(anonymous_7)","decl":{"start":{"line":92,"column":30},"end":{"line":92,"column":31}},"loc":{"start":{"line":93,"column":4},"end":{"line":102,"column":20}},"line":93},"8":{"name":"(anonymous_8)","decl":{"start":{"line":94,"column":15},"end":{"line":94,"column":16}},"loc":{"start":{"line":94,"column":21},"end":{"line":94,"column":44}},"line":94},"9":{"name":"(anonymous_9)","decl":{"start":{"line":105,"column":26},"end":{"line":105,"column":27}},"loc":{"start":{"line":105,"column":40},"end":{"line":110,"column":3}},"line":105},"10":{"name":"(anonymous_10)","decl":{"start":{"line":114,"column":21},"end":{"line":114,"column":22}},"loc":{"start":{"line":114,"column":27},"end":{"line":114,"column":49}},"line":114},"11":{"name":"(anonymous_11)","decl":{"start":{"line":117,"column":20},"end":{"line":117,"column":21}},"loc":{"start":{"line":117,"column":26},"end":{"line":117,"column":49}},"line":117}},"branchMap":{"0":{"loc":{"start":{"line":106,"column":4},"end":{"line":108,"column":5}},"type":"if","locations":[{"start":{"line":106,"column":4},"end":{"line":108,"column":5}},{"start":{},"end":{}}],"line":106},"1":{"loc":{"start":{"line":126,"column":9},"end":{"line":126,"column":62}},"type":"binary-expr","locations":[{"start":{"line":126,"column":9},"end":{"line":126,"column":35}},{"start":{"line":126,"column":39},"end":{"line":126,"column":62}}],"line":126},"2":{"loc":{"start":{"line":127,"column":9},"end":{"line":127,"column":58}},"type":"binary-expr","locations":[{"start":{"line":127,"column":9},"end":{"line":127,"column":33}},{"start":{"line":127,"column":37},"end":{"line":127,"column":58}}],"line":127}},"s":{"0":2,"1":2,"2":0,"3":0,"4":0,"5":2,"6":0,"7":0,"8":0,"9":0,"10":0,"11":0,"12":0,"13":0,"14":0,"15":0,"16":0,"17":0,"18":0,"19":0,"20":0,"21":0,"22":0,"23":0,"24":0,"25":0,"26":0,"27":0,"28":0,"29":0,"30":0,"31":0,"32":0,"33":0},"f":{"0":0,"1":0,"2":0,"3":0,"4":0,"5":0,"6":0,"7":0,"8":0,"9":0,"10":0,"11":0},"b":{"0":[0,0],"1":[0,0],"2":[0,0]},"_coverageSchema":"1a1c01bbd47fc00a2c39e90264f33305004495a9","hash":"583350e3bead137f48256030c29900b0fddde8eb"}
,"/Volumes/SSD/dev/tellr/tellrts/src/components/CountryPicker/index.ts": {"path":"/Volumes/SSD/dev/tellr/tellrts/src/components/CountryPicker/index.ts","statementMap":{},"fnMap":{},"branchMap":{},"s":{},"f":{},"b":{},"_coverageSchema":"1a1c01bbd47fc00a2c39e90264f33305004495a9","hash":"ffa694714e1e4016edfe6e3588bee3160c309417"}
,"/Volumes/SSD/dev/tellr/tellrts/src/components/DismissKeyboard/DismissKeyboard.tsx": {"path":"/Volumes/SSD/dev/tellr/tellrts/src/components/DismissKeyboard/DismissKeyboard.tsx","statementMap":{"0":{"start":{"line":9,"column":24},"end":{"line":15,"column":1}},"1":{"start":{"line":10,"column":2},"end":{"line":14,"column":29}},"2":{"start":{"line":11,"column":19},"end":{"line":11,"column":37}}},"fnMap":{"0":{"name":"(anonymous_0)","decl":{"start":{"line":9,"column":24},"end":{"line":9,"column":25}},"loc":{"start":{"line":10,"column":2},"end":{"line":14,"column":29}},"line":10},"1":{"name":"(anonymous_1)","decl":{"start":{"line":11,"column":13},"end":{"line":11,"column":14}},"loc":{"start":{"line":11,"column":19},"end":{"line":11,"column":37}},"line":11}},"branchMap":{},"s":{"0":2,"1":10,"2":2},"f":{"0":10,"1":2},"b":{},"_coverageSchema":"1a1c01bbd47fc00a2c39e90264f33305004495a9","hash":"c352a39179c3e8b8dc34f595a9a0795814a218ee"}
,"/Volumes/SSD/dev/tellr/tellrts/src/components/DismissKeyboard/index.ts": {"path":"/Volumes/SSD/dev/tellr/tellrts/src/components/DismissKeyboard/index.ts","statementMap":{},"fnMap":{},"branchMap":{},"s":{},"f":{},"b":{},"_coverageSchema":"1a1c01bbd47fc00a2c39e90264f33305004495a9","hash":"31fdf545708d7490bed1b13833cfee975d47c47d"}
,"/Volumes/SSD/dev/tellr/tellrts/src/components/ErrorDisplay/ErrorDisplay.styles.ts": {"path":"/Volumes/SSD/dev/tellr/tellrts/src/components/ErrorDisplay/ErrorDisplay.styles.ts","statementMap":{},"fnMap":{},"branchMap":{},"s":{},"f":{},"b":{},"_coverageSchema":"1a1c01bbd47fc00a2c39e90264f33305004495a9","hash":"8061415e1236e007e795dadd551fe2e780f93021"}
,"/Volumes/SSD/dev/tellr/tellrts/src/components/ErrorDisplay/ErrorDisplay.tsx": {"path":"/Volumes/SSD/dev/tellr/tellrts/src/components/ErrorDisplay/ErrorDisplay.tsx","statementMap":{"0":{"start":{"line":11,"column":21},"end":{"line":11,"column":61}},"1":{"start":{"line":19,"column":21},"end":{"line":31,"column":1}},"2":{"start":{"line":20,"column":21},"end":{"line":20,"column":56}},"3":{"start":{"line":22,"column":2},"end":{"line":30,"column":4}}},"fnMap":{"0":{"name":"(anonymous_0)","decl":{"start":{"line":19,"column":21},"end":{"line":19,"column":22}},"loc":{"start":{"line":19,"column":50},"end":{"line":31,"column":1}},"line":19}},"branchMap":{"0":{"loc":{"start":{"line":25,"column":16},"end":{"line":25,"column":57}},"type":"binary-expr","locations":[{"start":{"line":25,"column":16},"end":{"line":25,"column":29}},{"start":{"line":25,"column":33},"end":{"line":25,"column":57}}],"line":25},"1":{"loc":{"start":{"line":26,"column":15},"end":{"line":26,"column":56}},"type":"binary-expr","locations":[{"start":{"line":26,"column":15},"end":{"line":26,"column":27}},{"start":{"line":26,"column":31},"end":{"line":26,"column":56}}],"line":26}},"s":{"0":3,"1":3,"2":1,"3":1},"f":{"0":1},"b":{"0":[1,1],"1":[1,1]},"_coverageSchema":"1a1c01bbd47fc00a2c39e90264f33305004495a9","hash":"ec03468dc8349e8d408aaa39fece8311d69dc4c3"}
,"/Volumes/SSD/dev/tellr/tellrts/src/components/ErrorDisplay/index.ts": {"path":"/Volumes/SSD/dev/tellr/tellrts/src/components/ErrorDisplay/index.ts","statementMap":{},"fnMap":{},"branchMap":{},"s":{},"f":{},"b":{},"_coverageSchema":"1a1c01bbd47fc00a2c39e90264f33305004495a9","hash":"d94a9dc5abe867346a30175c39584a945a1919ea"}
,"/Volumes/SSD/dev/tellr/tellrts/src/components/Field/Datefield.tsx": {"path":"/Volumes/SSD/dev/tellr/tellrts/src/components/Field/Datefield.tsx","statementMap":{"0":{"start":{"line":11,"column":18},"end":{"line":34,"column":1}},"1":{"start":{"line":12,"column":34},"end":{"line":12,"column":49}},"2":{"start":{"line":13,"column":21},"end":{"line":13,"column":79}},"3":{"start":{"line":15,"column":22},"end":{"line":17,"column":3}},"4":{"start":{"line":16,"column":4},"end":{"line":16,"column":22}},"5":{"start":{"line":19,"column":21},"end":{"line":21,"column":3}},"6":{"start":{"line":20,"column":4},"end":{"line":20,"column":23}},"7":{"start":{"line":23,"column":2},"end":{"line":33,"column":4}}},"fnMap":{"0":{"name":"(anonymous_0)","decl":{"start":{"line":11,"column":18},"end":{"line":11,"column":19}},"loc":{"start":{"line":11,"column":60},"end":{"line":34,"column":1}},"line":11},"1":{"name":"(anonymous_1)","decl":{"start":{"line":15,"column":22},"end":{"line":15,"column":23}},"loc":{"start":{"line":15,"column":28},"end":{"line":17,"column":3}},"line":15},"2":{"name":"(anonymous_2)","decl":{"start":{"line":19,"column":21},"end":{"line":19,"column":22}},"loc":{"start":{"line":19,"column":27},"end":{"line":21,"column":3}},"line":19}},"branchMap":{"0":{"loc":{"start":{"line":13,"column":36},"end":{"line":13,"column":66}},"type":"binary-expr","locations":[{"start":{"line":13,"column":36},"end":{"line":13,"column":44}},{"start":{"line":13,"column":48},"end":{"line":13,"column":66}}],"line":13}},"s":{"0":2,"1":11,"2":11,"3":11,"4":0,"5":11,"6":0,"7":11},"f":{"0":11,"1":0,"2":0},"b":{"0":[11,0]},"_coverageSchema":"1a1c01bbd47fc00a2c39e90264f33305004495a9","hash":"c6d455749a2aa78fd896dc24b504b83ca1962ad6"}
,"/Volumes/SSD/dev/tellr/tellrts/src/components/Field/Field.styles.ts": {"path":"/Volumes/SSD/dev/tellr/tellrts/src/components/Field/Field.styles.ts","statementMap":{},"fnMap":{},"branchMap":{},"s":{},"f":{},"b":{},"_coverageSchema":"1a1c01bbd47fc00a2c39e90264f33305004495a9","hash":"1dcb9dfe5fd3bb60273ff678f274b72376a6662c"}
,"/Volumes/SSD/dev/tellr/tellrts/src/components/Field/Field.tsx": {"path":"/Volumes/SSD/dev/tellr/tellrts/src/components/Field/Field.tsx","statementMap":{"0":{"start":{"line":18,"column":28},"end":{"line":18,"column":73}},"1":{"start":{"line":24,"column":14},"end":{"line":72,"column":1}},"2":{"start":{"line":25,"column":30},"end":{"line":25,"column":63}},"3":{"start":{"line":26,"column":24},"end":{"line":35,"column":3}},"4":{"start":{"line":27,"column":11},"end":{"line":33,"column":5}},"5":{"start":{"line":36,"column":21},"end":{"line":36,"column":67}},"6":{"start":{"line":38,"column":2},"end":{"line":44,"column":39}},"7":{"start":{"line":39,"column":4},"end":{"line":43,"column":5}},"8":{"start":{"line":40,"column":6},"end":{"line":42,"column":9}},"9":{"start":{"line":46,"column":22},"end":{"line":53,"column":3}},"10":{"start":{"line":47,"column":4},"end":{"line":49,"column":5}},"11":{"start":{"line":48,"column":6},"end":{"line":48,"column":22}},"12":{"start":{"line":50,"column":4},"end":{"line":52,"column":7}},"13":{"start":{"line":55,"column":21},"end":{"line":62,"column":3}},"14":{"start":{"line":56,"column":4},"end":{"line":58,"column":5}},"15":{"start":{"line":57,"column":6},"end":{"line":57,"column":21}},"16":{"start":{"line":59,"column":4},"end":{"line":61,"column":7}},"17":{"start":{"line":63,"column":2},"end":{"line":71,"column":4}}},"fnMap":{"0":{"name":"(anonymous_0)","decl":{"start":{"line":24,"column":14},"end":{"line":24,"column":15}},"loc":{"start":{"line":24,"column":52},"end":{"line":72,"column":1}},"line":24},"1":{"name":"(anonymous_1)","decl":{"start":{"line":27,"column":4},"end":{"line":27,"column":5}},"loc":{"start":{"line":27,"column":11},"end":{"line":33,"column":5}},"line":27},"2":{"name":"(anonymous_2)","decl":{"start":{"line":38,"column":12},"end":{"line":38,"column":13}},"loc":{"start":{"line":38,"column":18},"end":{"line":44,"column":3}},"line":38},"3":{"name":"(anonymous_3)","decl":{"start":{"line":46,"column":22},"end":{"line":46,"column":23}},"loc":{"start":{"line":46,"column":76},"end":{"line":53,"column":3}},"line":46},"4":{"name":"(anonymous_4)","decl":{"start":{"line":55,"column":21},"end":{"line":55,"column":22}},"loc":{"start":{"line":55,"column":75},"end":{"line":62,"column":3}},"line":55}},"branchMap":{"0":{"loc":{"start":{"line":25,"column":45},"end":{"line":25,"column":62}},"type":"cond-expr","locations":[{"start":{"line":25,"column":57},"end":{"line":25,"column":58}},{"start":{"line":25,"column":61},"end":{"line":25,"column":62}}],"line":25},"1":{"loc":{"start":{"line":39,"column":4},"end":{"line":43,"column":5}},"type":"if","locations":[{"start":{"line":39,"column":4},"end":{"line":43,"column":5}},{"start":{},"end":{}}],"line":39},"2":{"loc":{"start":{"line":47,"column":4},"end":{"line":49,"column":5}},"type":"if","locations":[{"start":{"line":47,"column":4},"end":{"line":49,"column":5}},{"start":{},"end":{}}],"line":47},"3":{"loc":{"start":{"line":56,"column":4},"end":{"line":58,"column":5}},"type":"if","locations":[{"start":{"line":56,"column":4},"end":{"line":58,"column":5}},{"start":{},"end":{}}],"line":56},"4":{"loc":{"start":{"line":59,"column":43},"end":{"line":59,"column":60}},"type":"cond-expr","locations":[{"start":{"line":59,"column":55},"end":{"line":59,"column":56}},{"start":{"line":59,"column":59},"end":{"line":59,"column":60}}],"line":59}},"s":{"0":3,"1":3,"2":14,"3":14,"4":23,"5":14,"6":14,"7":8,"8":0,"9":14,"10":0,"11":0,"12":0,"13":14,"14":0,"15":0,"16":0,"17":14},"f":{"0":14,"1":23,"2":8,"3":0,"4":0},"b":{"0":[0,14],"1":[0,8],"2":[0,0],"3":[0,0],"4":[0,0]},"_coverageSchema":"1a1c01bbd47fc00a2c39e90264f33305004495a9","hash":"b036d182d8013e78d0681269dac3a50e9b20347e"}
,"/Volumes/SSD/dev/tellr/tellrts/src/components/Field/FormField.tsx": {"path":"/Volumes/SSD/dev/tellr/tellrts/src/components/Field/FormField.tsx","statementMap":{"0":{"start":{"line":15,"column":19},"end":{"line":15,"column":59}},"1":{"start":{"line":23,"column":18},"end":{"line":60,"column":1}},"2":{"start":{"line":24,"column":22},"end":{"line":24,"column":39}},"3":{"start":{"line":26,"column":18},"end":{"line":28,"column":3}},"4":{"start":{"line":27,"column":4},"end":{"line":27,"column":80}},"5":{"start":{"line":30,"column":17},"end":{"line":34,"column":3}},"6":{"start":{"line":31,"column":4},"end":{"line":33,"column":7}},"7":{"start":{"line":36,"column":29},"end":{"line":45,"column":3}},"8":{"start":{"line":37,"column":11},"end":{"line":43,"column":5}},"9":{"start":{"line":47,"column":2},"end":{"line":59,"column":4}}},"fnMap":{"0":{"name":"(anonymous_0)","decl":{"start":{"line":23,"column":18},"end":{"line":23,"column":19}},"loc":{"start":{"line":23,"column":71},"end":{"line":60,"column":1}},"line":23},"1":{"name":"(anonymous_1)","decl":{"start":{"line":26,"column":18},"end":{"line":26,"column":19}},"loc":{"start":{"line":26,"column":24},"end":{"line":28,"column":3}},"line":26},"2":{"name":"(anonymous_2)","decl":{"start":{"line":30,"column":17},"end":{"line":30,"column":18}},"loc":{"start":{"line":30,"column":23},"end":{"line":34,"column":3}},"line":30},"3":{"name":"(anonymous_3)","decl":{"start":{"line":37,"column":4},"end":{"line":37,"column":5}},"loc":{"start":{"line":37,"column":11},"end":{"line":43,"column":5}},"line":37}},"branchMap":{"0":{"loc":{"start":{"line":49,"column":7},"end":{"line":53,"column":7}},"type":"binary-expr","locations":[{"start":{"line":49,"column":7},"end":{"line":49,"column":12}},{"start":{"line":50,"column":8},"end":{"line":52,"column":21}}],"line":49},"1":{"loc":{"start":{"line":55,"column":7},"end":{"line":57,"column":7}},"type":"binary-expr","locations":[{"start":{"line":55,"column":7},"end":{"line":55,"column":21}},{"start":{"line":56,"column":8},"end":{"line":56,"column":68}}],"line":55}},"s":{"0":1,"1":1,"2":2,"3":2,"4":0,"5":2,"6":0,"7":2,"8":4,"9":2},"f":{"0":2,"1":0,"2":0,"3":4},"b":{"0":[2,1],"1":[2,1]},"_coverageSchema":"1a1c01bbd47fc00a2c39e90264f33305004495a9","hash":"3b7997b29dd8b7b4258301759b9b4ab8792e85e9"}
,"/Volumes/SSD/dev/tellr/tellrts/src/components/Field/index.ts": {"path":"/Volumes/SSD/dev/tellr/tellrts/src/components/Field/index.ts","statementMap":{},"fnMap":{},"branchMap":{},"s":{},"f":{},"b":{},"_coverageSchema":"1a1c01bbd47fc00a2c39e90264f33305004495a9","hash":"10893a6f11cc1b18e09a77d4fdb6ad31b1549f84"}
,"/Volumes/SSD/dev/tellr/tellrts/src/components/Links/ArrowLink.tsx": {"path":"/Volumes/SSD/dev/tellr/tellrts/src/components/Links/ArrowLink.tsx","statementMap":{"0":{"start":{"line":30,"column":26},"end":{"line":30,"column":71}},"1":{"start":{"line":32,"column":18},"end":{"line":93,"column":1}},"2":{"start":{"line":40,"column":24},"end":{"line":40,"column":41}},"3":{"start":{"line":42,"column":20},"end":{"line":46,"column":3}},"4":{"start":{"line":43,"column":4},"end":{"line":45,"column":7}},"5":{"start":{"line":48,"column":21},"end":{"line":52,"column":3}},"6":{"start":{"line":49,"column":4},"end":{"line":51,"column":7}},"7":{"start":{"line":54,"column":24},"end":{"line":60,"column":3}},"8":{"start":{"line":55,"column":11},"end":{"line":58,"column":5}},"9":{"start":{"line":62,"column":26},"end":{"line":67,"column":3}},"10":{"start":{"line":69,"column":22},"end":{"line":73,"column":3}},"11":{"start":{"line":75,"column":21},"end":{"line":75,"column":67}},"12":{"start":{"line":76,"column":2},"end":{"line":92,"column":4}}},"fnMap":{"0":{"name":"(anonymous_0)","decl":{"start":{"line":32,"column":18},"end":{"line":32,"column":19}},"loc":{"start":{"line":39,"column":13},"end":{"line":93,"column":1}},"line":39},"1":{"name":"(anonymous_1)","decl":{"start":{"line":42,"column":20},"end":{"line":42,"column":21}},"loc":{"start":{"line":42,"column":26},"end":{"line":46,"column":3}},"line":42},"2":{"name":"(anonymous_2)","decl":{"start":{"line":48,"column":21},"end":{"line":48,"column":22}},"loc":{"start":{"line":48,"column":27},"end":{"line":52,"column":3}},"line":48},"3":{"name":"(anonymous_3)","decl":{"start":{"line":55,"column":4},"end":{"line":55,"column":5}},"loc":{"start":{"line":55,"column":11},"end":{"line":58,"column":5}},"line":55}},"branchMap":{"0":{"loc":{"start":{"line":37,"column":2},"end":{"line":37,"column":24}},"type":"default-arg","locations":[{"start":{"line":37,"column":18},"end":{"line":37,"column":24}}],"line":37},"1":{"loc":{"start":{"line":65,"column":4},"end":{"line":65,"column":65}},"type":"binary-expr","locations":[{"start":{"line":65,"column":4},"end":{"line":65,"column":31}},{"start":{"line":65,"column":35},"end":{"line":65,"column":65}}],"line":65},"2":{"loc":{"start":{"line":70,"column":4},"end":{"line":72,"column":28}},"type":"cond-expr","locations":[{"start":{"line":71,"column":8},"end":{"line":71,"column":31}},{"start":{"line":72,"column":8},"end":{"line":72,"column":28}}],"line":70},"3":{"loc":{"start":{"line":75,"column":50},"end":{"line":75,"column":66}},"type":"binary-expr","locations":[{"start":{"line":75,"column":50},"end":{"line":75,"column":55}},{"start":{"line":75,"column":59},"end":{"line":75,"column":66}}],"line":75},"4":{"loc":{"start":{"line":84,"column":15},"end":{"line":84,"column":38}},"type":"binary-expr","locations":[{"start":{"line":84,"column":15},"end":{"line":84,"column":20}},{"start":{"line":84,"column":24},"end":{"line":84,"column":38}}],"line":84}},"s":{"0":3,"1":3,"2":1,"3":1,"4":0,"5":1,"6":0,"7":1,"8":3,"9":1,"10":1,"11":1,"12":1},"f":{"0":1,"1":0,"2":0,"3":3},"b":{"0":[0],"1":[1,1],"2":[1,0],"3":[1,0],"4":[1,1]},"_coverageSchema":"1a1c01bbd47fc00a2c39e90264f33305004495a9","hash":"aabe381321c37917573a32ba8c46423a10f1f5cd"}
,"/Volumes/SSD/dev/tellr/tellrts/src/components/Links/ImageLink.tsx": {"path":"/Volumes/SSD/dev/tellr/tellrts/src/components/Links/ImageLink.tsx","statementMap":{"0":{"start":{"line":20,"column":26},"end":{"line":20,"column":71}},"1":{"start":{"line":22,"column":18},"end":{"line":67,"column":1}},"2":{"start":{"line":23,"column":24},"end":{"line":23,"column":41}},"3":{"start":{"line":25,"column":24},"end":{"line":38,"column":3}},"4":{"start":{"line":26,"column":11},"end":{"line":36,"column":5}},"5":{"start":{"line":40,"column":20},"end":{"line":44,"column":3}},"6":{"start":{"line":41,"column":4},"end":{"line":43,"column":7}},"7":{"start":{"line":46,"column":21},"end":{"line":50,"column":3}},"8":{"start":{"line":47,"column":4},"end":{"line":49,"column":7}},"9":{"start":{"line":52,"column":22},"end":{"line":55,"column":3}},"10":{"start":{"line":56,"column":26},"end":{"line":56,"column":68}},"11":{"start":{"line":58,"column":2},"end":{"line":66,"column":4}}},"fnMap":{"0":{"name":"(anonymous_0)","decl":{"start":{"line":22,"column":18},"end":{"line":22,"column":19}},"loc":{"start":{"line":22,"column":63},"end":{"line":67,"column":1}},"line":22},"1":{"name":"(anonymous_1)","decl":{"start":{"line":26,"column":4},"end":{"line":26,"column":5}},"loc":{"start":{"line":26,"column":11},"end":{"line":36,"column":5}},"line":26},"2":{"name":"(anonymous_2)","decl":{"start":{"line":40,"column":20},"end":{"line":40,"column":21}},"loc":{"start":{"line":40,"column":26},"end":{"line":44,"column":3}},"line":40},"3":{"name":"(anonymous_3)","decl":{"start":{"line":46,"column":21},"end":{"line":46,"column":22}},"loc":{"start":{"line":46,"column":27},"end":{"line":50,"column":3}},"line":46}},"branchMap":{},"s":{"0":3,"1":3,"2":1,"3":1,"4":3,"5":1,"6":0,"7":1,"8":0,"9":1,"10":1,"11":1},"f":{"0":1,"1":3,"2":0,"3":0},"b":{},"_coverageSchema":"1a1c01bbd47fc00a2c39e90264f33305004495a9","hash":"8d34a96245a97af0b6d489264063419d37283287"}
,"/Volumes/SSD/dev/tellr/tellrts/src/components/Links/Link.styles.ts": {"path":"/Volumes/SSD/dev/tellr/tellrts/src/components/Links/Link.styles.ts","statementMap":{},"fnMap":{},"branchMap":{},"s":{},"f":{},"b":{},"_coverageSchema":"1a1c01bbd47fc00a2c39e90264f33305004495a9","hash":"0fcc1466927cde5ffa909e31cb9cd40cac9e4dab"}
,"/Volumes/SSD/dev/tellr/tellrts/src/components/Links/Link.tsx": {"path":"/Volumes/SSD/dev/tellr/tellrts/src/components/Links/Link.tsx","statementMap":{"0":{"start":{"line":23,"column":21},"end":{"line":23,"column":61}},"1":{"start":{"line":32,"column":13},"end":{"line":108,"column":1}},"2":{"start":{"line":33,"column":24},"end":{"line":33,"column":41}},"3":{"start":{"line":35,"column":20},"end":{"line":39,"column":3}},"4":{"start":{"line":36,"column":4},"end":{"line":38,"column":7}},"5":{"start":{"line":41,"column":21},"end":{"line":45,"column":3}},"6":{"start":{"line":42,"column":4},"end":{"line":44,"column":7}},"7":{"start":{"line":47,"column":21},"end":{"line":72,"column":3}},"8":{"start":{"line":48,"column":4},"end":{"line":50,"column":5}},"9":{"start":{"line":49,"column":6},"end":{"line":49,"column":18}},"10":{"start":{"line":51,"column":4},"end":{"line":62,"column":5}},"11":{"start":{"line":52,"column":23},"end":{"line":52,"column":41}},"12":{"start":{"line":53,"column":6},"end":{"line":61,"column":8}},"13":{"start":{"line":63,"column":4},"end":{"line":71,"column":6}},"14":{"start":{"line":74,"column":24},"end":{"line":92,"column":3}},"15":{"start":{"line":75,"column":11},"end":{"line":90,"column":5}},"16":{"start":{"line":94,"column":21},"end":{"line":94,"column":60}},"17":{"start":{"line":95,"column":25},"end":{"line":95,"column":59}},"18":{"start":{"line":97,"column":2},"end":{"line":107,"column":4}}},"fnMap":{"0":{"name":"(anonymous_0)","decl":{"start":{"line":32,"column":13},"end":{"line":32,"column":14}},"loc":{"start":{"line":32,"column":78},"end":{"line":108,"column":1}},"line":32},"1":{"name":"(anonymous_1)","decl":{"start":{"line":35,"column":20},"end":{"line":35,"column":21}},"loc":{"start":{"line":35,"column":26},"end":{"line":39,"column":3}},"line":35},"2":{"name":"(anonymous_2)","decl":{"start":{"line":41,"column":21},"end":{"line":41,"column":22}},"loc":{"start":{"line":41,"column":27},"end":{"line":45,"column":3}},"line":41},"3":{"name":"(anonymous_3)","decl":{"start":{"line":47,"column":21},"end":{"line":47,"column":22}},"loc":{"start":{"line":47,"column":27},"end":{"line":72,"column":3}},"line":47},"4":{"name":"(anonymous_4)","decl":{"start":{"line":75,"column":4},"end":{"line":75,"column":5}},"loc":{"start":{"line":75,"column":11},"end":{"line":90,"column":5}},"line":75}},"branchMap":{"0":{"loc":{"start":{"line":48,"column":4},"end":{"line":50,"column":5}},"type":"if","locations":[{"start":{"line":48,"column":4},"end":{"line":50,"column":5}},{"start":{},"end":{}}],"line":48},"1":{"loc":{"start":{"line":51,"column":4},"end":{"line":62,"column":5}},"type":"if","locations":[{"start":{"line":51,"column":4},"end":{"line":62,"column":5}},{"start":{},"end":{}}],"line":51},"2":{"loc":{"start":{"line":104,"column":7},"end":{"line":104,"column":27}},"type":"binary-expr","locations":[{"start":{"line":104,"column":7},"end":{"line":104,"column":11}},{"start":{"line":104,"column":15},"end":{"line":104,"column":27}}],"line":104}},"s":{"0":3,"1":3,"2":3,"3":3,"4":0,"5":3,"6":0,"7":3,"8":2,"9":0,"10":2,"11":1,"12":1,"13":1,"14":3,"15":8,"16":3,"17":3,"18":3},"f":{"0":3,"1":0,"2":0,"3":2,"4":8},"b":{"0":[0,2],"1":[1,1],"2":[3,2]},"_coverageSchema":"1a1c01bbd47fc00a2c39e90264f33305004495a9","hash":"11815885d85b2ed37c3e0d8be31ab9a47ce772f1"}
,"/Volumes/SSD/dev/tellr/tellrts/src/components/Links/index.ts": {"path":"/Volumes/SSD/dev/tellr/tellrts/src/components/Links/index.ts","statementMap":{},"fnMap":{},"branchMap":{},"s":{},"f":{},"b":{},"_coverageSchema":"1a1c01bbd47fc00a2c39e90264f33305004495a9","hash":"d971c650f9fef4b76e28a48ee4be9e356fdfa002"}
,"/Volumes/SSD/dev/tellr/tellrts/src/components/Modals/FullScreenModal.tsx": {"path":"/Volumes/SSD/dev/tellr/tellrts/src/components/Modals/FullScreenModal.tsx","statementMap":{"0":{"start":{"line":27,"column":26},"end":{"line":27,"column":71}},"1":{"start":{"line":29,"column":17},"end":{"line":71,"column":1}},"2":{"start":{"line":30,"column":24},"end":{"line":30,"column":41}},"3":{"start":{"line":32,"column":24},"end":{"line":46,"column":3}},"4":{"start":{"line":33,"column":11},"end":{"line":44,"column":5}},"5":{"start":{"line":48,"column":20},"end":{"line":52,"column":3}},"6":{"start":{"line":49,"column":4},"end":{"line":51,"column":7}},"7":{"start":{"line":54,"column":21},"end":{"line":58,"column":3}},"8":{"start":{"line":55,"column":4},"end":{"line":57,"column":7}},"9":{"start":{"line":60,"column":20},"end":{"line":60,"column":52}},"10":{"start":{"line":62,"column":2},"end":{"line":70,"column":4}},"11":{"start":{"line":73,"column":24},"end":{"line":89,"column":1}},"12":{"start":{"line":74,"column":2},"end":{"line":88,"column":4}}},"fnMap":{"0":{"name":"(anonymous_0)","decl":{"start":{"line":29,"column":17},"end":{"line":29,"column":18}},"loc":{"start":{"line":29,"column":47},"end":{"line":71,"column":1}},"line":29},"1":{"name":"(anonymous_1)","decl":{"start":{"line":33,"column":4},"end":{"line":33,"column":5}},"loc":{"start":{"line":33,"column":11},"end":{"line":44,"column":5}},"line":33},"2":{"name":"(anonymous_2)","decl":{"start":{"line":48,"column":20},"end":{"line":48,"column":21}},"loc":{"start":{"line":48,"column":26},"end":{"line":52,"column":3}},"line":48},"3":{"name":"(anonymous_3)","decl":{"start":{"line":54,"column":21},"end":{"line":54,"column":22}},"loc":{"start":{"line":54,"column":27},"end":{"line":58,"column":3}},"line":54},"4":{"name":"(anonymous_4)","decl":{"start":{"line":73,"column":24},"end":{"line":73,"column":25}},"loc":{"start":{"line":73,"column":74},"end":{"line":89,"column":1}},"line":73}},"branchMap":{},"s":{"0":2,"1":2,"2":0,"3":0,"4":0,"5":0,"6":0,"7":0,"8":0,"9":0,"10":0,"11":2,"12":0},"f":{"0":0,"1":0,"2":0,"3":0,"4":0},"b":{},"_coverageSchema":"1a1c01bbd47fc00a2c39e90264f33305004495a9","hash":"1134c8c6729825db3336633c872314cb9c6d892b"}
,"/Volumes/SSD/dev/tellr/tellrts/src/components/Modals/Modals.style.ts": {"path":"/Volumes/SSD/dev/tellr/tellrts/src/components/Modals/Modals.style.ts","statementMap":{},"fnMap":{},"branchMap":{},"s":{},"f":{},"b":{},"_coverageSchema":"1a1c01bbd47fc00a2c39e90264f33305004495a9","hash":"0f4e055faa192ca2a0fdba48139d276bc13d482b"}
,"/Volumes/SSD/dev/tellr/tellrts/src/components/Modals/countries.ts": {"path":"/Volumes/SSD/dev/tellr/tellrts/src/components/Modals/countries.ts","statementMap":{"0":{"start":{"line":3,"column":34},"end":{"line":8,"column":8}},"1":{"start":{"line":4,"column":2},"end":{"line":8,"column":8}},"2":{"start":{"line":6,"column":8},"end":{"line":6,"column":78}},"3":{"start":{"line":10,"column":36},"end":{"line":19,"column":1}},"4":{"start":{"line":14,"column":18},"end":{"line":14,"column":54}},"5":{"start":{"line":14,"column":38},"end":{"line":14,"column":53}},"6":{"start":{"line":15,"column":2},"end":{"line":17,"column":3}},"7":{"start":{"line":16,"column":4},"end":{"line":16,"column":14}},"8":{"start":{"line":18,"column":2},"end":{"line":18,"column":28}}},"fnMap":{"0":{"name":"(anonymous_0)","decl":{"start":{"line":3,"column":34},"end":{"line":3,"column":35}},"loc":{"start":{"line":4,"column":2},"end":{"line":8,"column":8}},"line":4},"1":{"name":"(anonymous_1)","decl":{"start":{"line":5,"column":23},"end":{"line":5,"column":24}},"loc":{"start":{"line":6,"column":8},"end":{"line":6,"column":78}},"line":6},"2":{"name":"(anonymous_2)","decl":{"start":{"line":10,"column":36},"end":{"line":10,"column":37}},"loc":{"start":{"line":13,"column":5},"end":{"line":19,"column":1}},"line":13},"3":{"name":"(anonymous_3)","decl":{"start":{"line":14,"column":33},"end":{"line":14,"column":34}},"loc":{"start":{"line":14,"column":38},"end":{"line":14,"column":53}},"line":14}},"branchMap":{"0":{"loc":{"start":{"line":3,"column":49},"end":{"line":3,"column":73}},"type":"default-arg","locations":[{"start":{"line":3,"column":69},"end":{"line":3,"column":73}}],"line":3},"1":{"loc":{"start":{"line":4,"column":2},"end":{"line":8,"column":8}},"type":"cond-expr","locations":[{"start":{"line":5,"column":6},"end":{"line":7,"column":7}},{"start":{"line":8,"column":6},"end":{"line":8,"column":8}}],"line":4},"2":{"loc":{"start":{"line":12,"column":2},"end":{"line":12,"column":26}},"type":"default-arg","locations":[{"start":{"line":12,"column":22},"end":{"line":12,"column":26}}],"line":12},"3":{"loc":{"start":{"line":15,"column":2},"end":{"line":17,"column":3}},"type":"if","locations":[{"start":{"line":15,"column":2},"end":{"line":17,"column":3}},{"start":{},"end":{}}],"line":15}},"s":{"0":2,"1":0,"2":0,"3":2,"4":0,"5":0,"6":0,"7":0,"8":0},"f":{"0":0,"1":0,"2":0,"3":0},"b":{"0":[0],"1":[0,0],"2":[0],"3":[0,0]},"_coverageSchema":"1a1c01bbd47fc00a2c39e90264f33305004495a9","hash":"4e9f3b5a64cada758a22f2ac415ff4c94f1cb775"}
,"/Volumes/SSD/dev/tellr/tellrts/src/components/Modals/index.ts": {"path":"/Volumes/SSD/dev/tellr/tellrts/src/components/Modals/index.ts","statementMap":{},"fnMap":{},"branchMap":{},"s":{},"f":{},"b":{},"_coverageSchema":"1a1c01bbd47fc00a2c39e90264f33305004495a9","hash":"d9c3fa8e926ebd53c5120082e1ba3f49f997a607"}
,"/Volumes/SSD/dev/tellr/tellrts/src/components/Navigation/AuthNavigator.tsx": {"path":"/Volumes/SSD/dev/tellr/tellrts/src/components/Navigation/AuthNavigator.tsx","statementMap":{"0":{"start":{"line":6,"column":27},"end":{"line":6,"column":55}},"1":{"start":{"line":8,"column":28},"end":{"line":8,"column":35}},"2":{"start":{"line":9,"column":29},"end":{"line":9,"column":37}},"3":{"start":{"line":11,"column":22},"end":{"line":20,"column":1}},"4":{"start":{"line":12,"column":2},"end":{"line":19,"column":33}},"5":{"start":{"line":12,"column":62},"end":{"line":12,"column":66}}},"fnMap":{"0":{"name":"(anonymous_0)","decl":{"start":{"line":11,"column":22},"end":{"line":11,"column":23}},"loc":{"start":{"line":12,"column":2},"end":{"line":19,"column":33}},"line":12},"1":{"name":"(anonymous_1)","decl":{"start":{"line":12,"column":56},"end":{"line":12,"column":57}},"loc":{"start":{"line":12,"column":62},"end":{"line":12,"column":66}},"line":12}},"branchMap":{},"s":{"0":2,"1":2,"2":2,"3":2,"4":0,"5":0},"f":{"0":0,"1":0},"b":{},"_coverageSchema":"1a1c01bbd47fc00a2c39e90264f33305004495a9","hash":"dbee906ee49ea8c782bf5d1a0f1bc7d7c2077820"}
,"/Volumes/SSD/dev/tellr/tellrts/src/components/Option/Option.styles.tsx": {"path":"/Volumes/SSD/dev/tellr/tellrts/src/components/Option/Option.styles.tsx","statementMap":{},"fnMap":{},"branchMap":{},"s":{},"f":{},"b":{},"_coverageSchema":"1a1c01bbd47fc00a2c39e90264f33305004495a9","hash":"c23ecb08e6f6a4ca1230701dd6542be283dfe84e"}
,"/Volumes/SSD/dev/tellr/tellrts/src/components/Option/OptionWithIcon.tsx": {"path":"/Volumes/SSD/dev/tellr/tellrts/src/components/Option/OptionWithIcon.tsx","statementMap":{"0":{"start":{"line":17,"column":28},"end":{"line":17,"column":73}},"1":{"start":{"line":18,"column":23},"end":{"line":18,"column":63}},"2":{"start":{"line":32,"column":22},"end":{"line":32,"column":39}},"3":{"start":{"line":33,"column":22},"end":{"line":33,"column":39}},"4":{"start":{"line":35,"column":2},"end":{"line":45,"column":30}},"5":{"start":{"line":36,"column":4},"end":{"line":44,"column":5}},"6":{"start":{"line":37,"column":6},"end":{"line":39,"column":9}},"7":{"start":{"line":41,"column":6},"end":{"line":43,"column":9}},"8":{"start":{"line":47,"column":27},"end":{"line":63,"column":3}},"9":{"start":{"line":48,"column":11},"end":{"line":61,"column":5}},"10":{"start":{"line":65,"column":28},"end":{"line":71,"column":3}},"11":{"start":{"line":66,"column":11},"end":{"line":69,"column":5}},"12":{"start":{"line":73,"column":20},"end":{"line":75,"column":3}},"13":{"start":{"line":74,"column":4},"end":{"line":74,"column":80}},"14":{"start":{"line":77,"column":21},"end":{"line":81,"column":3}},"15":{"start":{"line":78,"column":4},"end":{"line":80,"column":7}},"16":{"start":{"line":83,"column":19},"end":{"line":88,"column":3}},"17":{"start":{"line":89,"column":20},"end":{"line":89,"column":52}},"18":{"start":{"line":90,"column":20},"end":{"line":94,"column":3}},"19":{"start":{"line":95,"column":2},"end":{"line":104,"column":4}}},"fnMap":{"0":{"name":"(anonymous_0)","decl":{"start":{"line":31,"column":15},"end":{"line":31,"column":16}},"loc":{"start":{"line":31,"column":76},"end":{"line":105,"column":1}},"line":31},"1":{"name":"(anonymous_1)","decl":{"start":{"line":35,"column":12},"end":{"line":35,"column":13}},"loc":{"start":{"line":35,"column":18},"end":{"line":45,"column":3}},"line":35},"2":{"name":"(anonymous_2)","decl":{"start":{"line":48,"column":4},"end":{"line":48,"column":5}},"loc":{"start":{"line":48,"column":11},"end":{"line":61,"column":5}},"line":48},"3":{"name":"(anonymous_3)","decl":{"start":{"line":66,"column":4},"end":{"line":66,"column":5}},"loc":{"start":{"line":66,"column":11},"end":{"line":69,"column":5}},"line":66},"4":{"name":"(anonymous_4)","decl":{"start":{"line":73,"column":20},"end":{"line":73,"column":21}},"loc":{"start":{"line":73,"column":26},"end":{"line":75,"column":3}},"line":73},"5":{"name":"(anonymous_5)","decl":{"start":{"line":77,"column":21},"end":{"line":77,"column":22}},"loc":{"start":{"line":77,"column":27},"end":{"line":81,"column":3}},"line":77}},"branchMap":{"0":{"loc":{"start":{"line":36,"column":4},"end":{"line":44,"column":5}},"type":"if","locations":[{"start":{"line":36,"column":4},"end":{"line":44,"column":5}},{"start":{"line":40,"column":11},"end":{"line":44,"column":5}}],"line":36},"1":{"loc":{"start":{"line":93,"column":4},"end":{"line":93,"column":33}},"type":"binary-expr","locations":[{"start":{"line":93,"column":4},"end":{"line":93,"column":12}},{"start":{"line":93,"column":16},"end":{"line":93,"column":33}}],"line":93}},"s":{"0":2,"1":2,"2":20,"3":20,"4":20,"5":11,"6":8,"7":3,"8":20,"9":18,"10":20,"11":18,"12":20,"13":0,"14":20,"15":0,"16":20,"17":20,"18":20,"19":20},"f":{"0":20,"1":11,"2":18,"3":18,"4":0,"5":0},"b":{"0":[8,3],"1":[20,7]},"_coverageSchema":"1a1c01bbd47fc00a2c39e90264f33305004495a9","hash":"c55d396966dfff5653cbf214899fbcb1e7967da6"}
,"/Volumes/SSD/dev/tellr/tellrts/src/components/Typography/BodyCopy.tsx": {"path":"/Volumes/SSD/dev/tellr/tellrts/src/components/Typography/BodyCopy.tsx","statementMap":{"0":{"start":{"line":7,"column":2},"end":{"line":11,"column":4}}},"fnMap":{"0":{"name":"(anonymous_0)","decl":{"start":{"line":6,"column":15},"end":{"line":6,"column":16}},"loc":{"start":{"line":6,"column":68},"end":{"line":12,"column":1}},"line":6}},"branchMap":{},"s":{"0":77},"f":{"0":77},"b":{},"_coverageSchema":"1a1c01bbd47fc00a2c39e90264f33305004495a9","hash":"36a33142b0276f4304fe670c465c047a8e0b108c"}
,"/Volumes/SSD/dev/tellr/tellrts/src/components/Typography/Subtitle.tsx": {"path":"/Volumes/SSD/dev/tellr/tellrts/src/components/Typography/Subtitle.tsx","statementMap":{"0":{"start":{"line":7,"column":2},"end":{"line":11,"column":4}}},"fnMap":{"0":{"name":"(anonymous_0)","decl":{"start":{"line":6,"column":15},"end":{"line":6,"column":16}},"loc":{"start":{"line":6,"column":68},"end":{"line":12,"column":1}},"line":6}},"branchMap":{},"s":{"0":1},"f":{"0":1},"b":{},"_coverageSchema":"1a1c01bbd47fc00a2c39e90264f33305004495a9","hash":"805b6e7f6e7e9f68fabb27bca61e5a73654ba76f"}
,"/Volumes/SSD/dev/tellr/tellrts/src/components/Typography/Title.tsx": {"path":"/Volumes/SSD/dev/tellr/tellrts/src/components/Typography/Title.tsx","statementMap":{"0":{"start":{"line":7,"column":2},"end":{"line":11,"column":4}}},"fnMap":{"0":{"name":"(anonymous_0)","decl":{"start":{"line":6,"column":15},"end":{"line":6,"column":16}},"loc":{"start":{"line":6,"column":68},"end":{"line":12,"column":1}},"line":6}},"branchMap":{},"s":{"0":32},"f":{"0":32},"b":{},"_coverageSchema":"1a1c01bbd47fc00a2c39e90264f33305004495a9","hash":"803f42c04a37442b564a223d258e78456dfaa6c0"}
,"/Volumes/SSD/dev/tellr/tellrts/src/components/Typography/Typography.styles.ts": {"path":"/Volumes/SSD/dev/tellr/tellrts/src/components/Typography/Typography.styles.ts","statementMap":{},"fnMap":{},"branchMap":{},"s":{},"f":{},"b":{},"_coverageSchema":"1a1c01bbd47fc00a2c39e90264f33305004495a9","hash":"d7b888320a6b7c7d1f5efe6dbc5c984024c3557a"}
,"/Volumes/SSD/dev/tellr/tellrts/src/components/Typography/index.ts": {"path":"/Volumes/SSD/dev/tellr/tellrts/src/components/Typography/index.ts","statementMap":{},"fnMap":{},"branchMap":{},"s":{},"f":{},"b":{},"_coverageSchema":"1a1c01bbd47fc00a2c39e90264f33305004495a9","hash":"3f9afd290e006ca81a95be9aa3a794c1935a6537"}
,"/Volumes/SSD/dev/tellr/tellrts/src/screens/Login/Email.tsx": {"path":"/Volumes/SSD/dev/tellr/tellrts/src/screens/Login/Email.tsx","statementMap":{"0":{"start":{"line":15,"column":21},"end":{"line":15,"column":61}},"1":{"start":{"line":26,"column":14},"end":{"line":60,"column":1}},"2":{"start":{"line":34,"column":14},"end":{"line":34,"column":30}},"3":{"start":{"line":35,"column":2},"end":{"line":59,"column":4}}},"fnMap":{"0":{"name":"(anonymous_0)","decl":{"start":{"line":26,"column":14},"end":{"line":26,"column":15}},"loc":{"start":{"line":33,"column":13},"end":{"line":60,"column":1}},"line":33}},"branchMap":{"0":{"loc":{"start":{"line":51,"column":7},"end":{"line":51,"column":46}},"type":"binary-expr","locations":[{"start":{"line":51,"column":7},"end":{"line":51,"column":12}},{"start":{"line":51,"column":16},"end":{"line":51,"column":46}}],"line":51}},"s":{"0":2,"1":2,"2":1,"3":1},"f":{"0":1},"b":{"0":[1,0]},"_coverageSchema":"1a1c01bbd47fc00a2c39e90264f33305004495a9","hash":"44da13c9657beca6805bea7c31843d0d2c1805fa"}
,"/Volumes/SSD/dev/tellr/tellrts/src/screens/Login/Form.tsx": {"path":"/Volumes/SSD/dev/tellr/tellrts/src/screens/Login/Form.tsx","statementMap":{"0":{"start":{"line":15,"column":21},"end":{"line":15,"column":61}},"1":{"start":{"line":17,"column":26},"end":{"line":24,"column":1}},"2":{"start":{"line":26,"column":15},"end":{"line":28,"column":2}},"3":{"start":{"line":30,"column":22},"end":{"line":32,"column":1}},"4":{"start":{"line":34,"column":13},"end":{"line":83,"column":1}},"5":{"start":{"line":35,"column":14},"end":{"line":35,"column":30}},"6":{"start":{"line":36,"column":26},"end":{"line":36,"column":44}},"7":{"start":{"line":37,"column":59},"end":{"line":40,"column":3}},"8":{"start":{"line":41,"column":2},"end":{"line":82,"column":4}},"9":{"start":{"line":50,"column":10},"end":{"line":54,"column":11}},"10":{"start":{"line":51,"column":12},"end":{"line":51,"column":74}},"11":{"start":{"line":51,"column":62},"end":{"line":51,"column":72}},"12":{"start":{"line":53,"column":12},"end":{"line":53,"column":28}},"13":{"start":{"line":60,"column":10},"end":{"line":78,"column":13}},"14":{"start":{"line":75,"column":30},"end":{"line":75,"column":40}}},"fnMap":{"0":{"name":"(anonymous_0)","decl":{"start":{"line":34,"column":13},"end":{"line":34,"column":14}},"loc":{"start":{"line":34,"column":19},"end":{"line":83,"column":1}},"line":34},"1":{"name":"(anonymous_1)","decl":{"start":{"line":49,"column":18},"end":{"line":49,"column":19}},"loc":{"start":{"line":49,"column":37},"end":{"line":55,"column":9}},"line":49},"2":{"name":"(anonymous_2)","decl":{"start":{"line":51,"column":56},"end":{"line":51,"column":57}},"loc":{"start":{"line":51,"column":62},"end":{"line":51,"column":72}},"line":51},"3":{"name":"(anonymous_3)","decl":{"start":{"line":59,"column":9},"end":{"line":59,"column":10}},"loc":{"start":{"line":60,"column":10},"end":{"line":78,"column":13}},"line":60},"4":{"name":"(anonymous_4)","decl":{"start":{"line":75,"column":24},"end":{"line":75,"column":25}},"loc":{"start":{"line":75,"column":30},"end":{"line":75,"column":40}},"line":75}},"branchMap":{"0":{"loc":{"start":{"line":61,"column":13},"end":{"line":70,"column":13}},"type":"binary-expr","locations":[{"start":{"line":61,"column":13},"end":{"line":61,"column":23}},{"start":{"line":62,"column":14},"end":{"line":69,"column":16}}],"line":61},"1":{"loc":{"start":{"line":71,"column":13},"end":{"line":77,"column":13}},"type":"binary-expr","locations":[{"start":{"line":71,"column":13},"end":{"line":71,"column":23}},{"start":{"line":72,"column":14},"end":{"line":76,"column":16}}],"line":71}},"s":{"0":2,"1":2,"2":2,"3":2,"4":2,"5":1,"6":1,"7":1,"8":1,"9":0,"10":0,"11":0,"12":0,"13":1,"14":0},"f":{"0":1,"1":0,"2":0,"3":1,"4":0},"b":{"0":[1,1],"1":[1,0]},"_coverageSchema":"1a1c01bbd47fc00a2c39e90264f33305004495a9","hash":"c401cc7007daf6607e2fe04d6ebf1e8ce32b0a31"}
,"/Volumes/SSD/dev/tellr/tellrts/src/screens/Login/Login.styles.ts": {"path":"/Volumes/SSD/dev/tellr/tellrts/src/screens/Login/Login.styles.ts","statementMap":{},"fnMap":{},"branchMap":{},"s":{},"f":{},"b":{},"_coverageSchema":"1a1c01bbd47fc00a2c39e90264f33305004495a9","hash":"5b4ea6fea841b91bd305ebf6f264d0d58c2f4693"}
,"/Volumes/SSD/dev/tellr/tellrts/src/screens/Login/Login.tsx": {"path":"/Volumes/SSD/dev/tellr/tellrts/src/screens/Login/Login.tsx","statementMap":{"0":{"start":{"line":8,"column":14},"end":{"line":24,"column":1}},"1":{"start":{"line":9,"column":2},"end":{"line":23,"column":4}}},"fnMap":{"0":{"name":"(anonymous_0)","decl":{"start":{"line":8,"column":14},"end":{"line":8,"column":15}},"loc":{"start":{"line":8,"column":20},"end":{"line":24,"column":1}},"line":8}},"branchMap":{},"s":{"0":2,"1":1},"f":{"0":1},"b":{},"_coverageSchema":"1a1c01bbd47fc00a2c39e90264f33305004495a9","hash":"56de4c2daf04cfcc33073f173d78bfefbf3a6148"}
,"/Volumes/SSD/dev/tellr/tellrts/src/screens/Login/Password.tsx": {"path":"/Volumes/SSD/dev/tellr/tellrts/src/screens/Login/Password.tsx","statementMap":{"0":{"start":{"line":20,"column":21},"end":{"line":20,"column":61}},"1":{"start":{"line":28,"column":33},"end":{"line":30,"column":2}},"2":{"start":{"line":32,"column":22},"end":{"line":34,"column":1}},"3":{"start":{"line":36,"column":23},"end":{"line":44,"column":1}},"4":{"start":{"line":46,"column":17},"end":{"line":140,"column":1}},"5":{"start":{"line":47,"column":14},"end":{"line":47,"column":30}},"6":{"start":{"line":48,"column":21},"end":{"line":48,"column":36}},"7":{"start":{"line":50,"column":19},"end":{"line":50,"column":32}},"8":{"start":{"line":52,"column":35},"end":{"line":71,"column":3}},"9":{"start":{"line":62,"column":4},"end":{"line":65,"column":5}},"10":{"start":{"line":63,"column":6},"end":{"line":63,"column":22}},"11":{"start":{"line":64,"column":6},"end":{"line":64,"column":13}},"12":{"start":{"line":67,"column":4},"end":{"line":70,"column":5}},"13":{"start":{"line":68,"column":6},"end":{"line":68,"column":31}},"14":{"start":{"line":69,"column":6},"end":{"line":69,"column":13}},"15":{"start":{"line":73,"column":43},"end":{"line":73,"column":74}},"16":{"start":{"line":75,"column":22},"end":{"line":85,"column":3}},"17":{"start":{"line":79,"column":4},"end":{"line":84,"column":7}},"18":{"start":{"line":82,"column":8},"end":{"line":82,"column":67}},"19":{"start":{"line":83,"column":24},"end":{"line":83,"column":47}},"20":{"start":{"line":87,"column":29},"end":{"line":93,"column":3}},"21":{"start":{"line":88,"column":4},"end":{"line":92,"column":6}},"22":{"start":{"line":91,"column":21},"end":{"line":91,"column":64}},"23":{"start":{"line":95,"column":26},"end":{"line":129,"column":3}},"24":{"start":{"line":96,"column":4},"end":{"line":128,"column":6}},"25":{"start":{"line":106,"column":12},"end":{"line":108,"column":13}},"26":{"start":{"line":107,"column":14},"end":{"line":107,"column":48}},"27":{"start":{"line":111,"column":12},"end":{"line":124,"column":15}},"28":{"start":{"line":130,"column":2},"end":{"line":139,"column":4}}},"fnMap":{"0":{"name":"(anonymous_0)","decl":{"start":{"line":46,"column":17},"end":{"line":46,"column":18}},"loc":{"start":{"line":46,"column":58},"end":{"line":140,"column":1}},"line":46},"1":{"name":"(anonymous_1)","decl":{"start":{"line":52,"column":35},"end":{"line":52,"column":36}},"loc":{"start":{"line":61,"column":7},"end":{"line":71,"column":3}},"line":61},"2":{"name":"(anonymous_2)","decl":{"start":{"line":75,"column":22},"end":{"line":75,"column":23}},"loc":{"start":{"line":78,"column":7},"end":{"line":85,"column":3}},"line":78},"3":{"name":"(anonymous_3)","decl":{"start":{"line":81,"column":19},"end":{"line":81,"column":20}},"loc":{"start":{"line":82,"column":8},"end":{"line":82,"column":67}},"line":82},"4":{"name":"(anonymous_4)","decl":{"start":{"line":83,"column":15},"end":{"line":83,"column":16}},"loc":{"start":{"line":83,"column":24},"end":{"line":83,"column":47}},"line":83},"5":{"name":"(anonymous_5)","decl":{"start":{"line":87,"column":29},"end":{"line":87,"column":30}},"loc":{"start":{"line":88,"column":4},"end":{"line":92,"column":6}},"line":88},"6":{"name":"(anonymous_6)","decl":{"start":{"line":91,"column":15},"end":{"line":91,"column":16}},"loc":{"start":{"line":91,"column":21},"end":{"line":91,"column":64}},"line":91},"7":{"name":"(anonymous_7)","decl":{"start":{"line":95,"column":26},"end":{"line":95,"column":27}},"loc":{"start":{"line":95,"column":32},"end":{"line":129,"column":3}},"line":95},"8":{"name":"(anonymous_8)","decl":{"start":{"line":105,"column":20},"end":{"line":105,"column":21}},"loc":{"start":{"line":106,"column":12},"end":{"line":108,"column":13}},"line":106},"9":{"name":"(anonymous_9)","decl":{"start":{"line":106,"column":41},"end":{"line":106,"column":42}},"loc":{"start":{"line":107,"column":14},"end":{"line":107,"column":48}},"line":107},"10":{"name":"(anonymous_10)","decl":{"start":{"line":110,"column":11},"end":{"line":110,"column":12}},"loc":{"start":{"line":111,"column":12},"end":{"line":124,"column":15}},"line":111}},"branchMap":{"0":{"loc":{"start":{"line":62,"column":4},"end":{"line":65,"column":5}},"type":"if","locations":[{"start":{"line":62,"column":4},"end":{"line":65,"column":5}},{"start":{},"end":{}}],"line":62},"1":{"loc":{"start":{"line":67,"column":4},"end":{"line":70,"column":5}},"type":"if","locations":[{"start":{"line":67,"column":4},"end":{"line":70,"column":5}},{"start":{},"end":{}}],"line":67},"2":{"loc":{"start":{"line":118,"column":15},"end":{"line":118,"column":77}},"type":"binary-expr","locations":[{"start":{"line":118,"column":15},"end":{"line":118,"column":30}},{"start":{"line":118,"column":34},"end":{"line":118,"column":77}}],"line":118},"3":{"loc":{"start":{"line":136,"column":7},"end":{"line":136,"column":43}},"type":"binary-expr","locations":[{"start":{"line":136,"column":7},"end":{"line":136,"column":19}},{"start":{"line":136,"column":23},"end":{"line":136,"column":43}}],"line":136},"4":{"loc":{"start":{"line":137,"column":7},"end":{"line":137,"column":39}},"type":"binary-expr","locations":[{"start":{"line":137,"column":7},"end":{"line":137,"column":18}},{"start":{"line":137,"column":22},"end":{"line":137,"column":39}}],"line":137}},"s":{"0":2,"1":2,"2":2,"3":2,"4":2,"5":0,"6":0,"7":0,"8":0,"9":0,"10":0,"11":0,"12":0,"13":0,"14":0,"15":0,"16":0,"17":0,"18":0,"19":0,"20":0,"21":0,"22":0,"23":0,"24":0,"25":0,"26":0,"27":0,"28":0},"f":{"0":0,"1":0,"2":0,"3":0,"4":0,"5":0,"6":0,"7":0,"8":0,"9":0,"10":0},"b":{"0":[0,0],"1":[0,0],"2":[0,0],"3":[0,0],"4":[0,0]},"_coverageSchema":"1a1c01bbd47fc00a2c39e90264f33305004495a9","hash":"416c93dac5d34ae13a320e3ea4c68f30d6b93b72"}
,"/Volumes/SSD/dev/tellr/tellrts/src/screens/Login/index.ts": {"path":"/Volumes/SSD/dev/tellr/tellrts/src/screens/Login/index.ts","statementMap":{},"fnMap":{},"branchMap":{},"s":{},"f":{},"b":{},"_coverageSchema":"1a1c01bbd47fc00a2c39e90264f33305004495a9","hash":"2032d9687520a84a53b264fe9c6b0ca9b693910c"}
,"/Volumes/SSD/dev/tellr/tellrts/src/screens/Register/Register.Check.tsx": {"path":"/Volumes/SSD/dev/tellr/tellrts/src/screens/Register/Register.Check.tsx","statementMap":{"0":{"start":{"line":28,"column":23},"end":{"line":36,"column":1}},"1":{"start":{"line":29,"column":14},"end":{"line":29,"column":30}},"2":{"start":{"line":30,"column":2},"end":{"line":35,"column":4}},"3":{"start":{"line":38,"column":14},"end":{"line":109,"column":1}},"4":{"start":{"line":39,"column":54},"end":{"line":39,"column":69}},"5":{"start":{"line":40,"column":14},"end":{"line":40,"column":30}},"6":{"start":{"line":41,"column":2},"end":{"line":108,"column":4}},"7":{"start":{"line":48,"column":27},"end":{"line":48,"column":42}},"8":{"start":{"line":55,"column":32},"end":{"line":55,"column":47}},"9":{"start":{"line":60,"column":32},"end":{"line":60,"column":47}},"10":{"start":{"line":69,"column":32},"end":{"line":69,"column":47}},"11":{"start":{"line":74,"column":32},"end":{"line":74,"column":47}},"12":{"start":{"line":79,"column":32},"end":{"line":79,"column":59}},"13":{"start":{"line":85,"column":26},"end":{"line":85,"column":54}},"14":{"start":{"line":103,"column":27},"end":{"line":103,"column":55}}},"fnMap":{"0":{"name":"(anonymous_0)","decl":{"start":{"line":28,"column":23},"end":{"line":28,"column":24}},"loc":{"start":{"line":28,"column":74},"end":{"line":36,"column":1}},"line":28},"1":{"name":"(anonymous_1)","decl":{"start":{"line":38,"column":14},"end":{"line":38,"column":15}},"loc":{"start":{"line":38,"column":71},"end":{"line":109,"column":1}},"line":38},"2":{"name":"(anonymous_2)","decl":{"start":{"line":48,"column":21},"end":{"line":48,"column":22}},"loc":{"start":{"line":48,"column":27},"end":{"line":48,"column":42}},"line":48},"3":{"name":"(anonymous_3)","decl":{"start":{"line":55,"column":26},"end":{"line":55,"column":27}},"loc":{"start":{"line":55,"column":32},"end":{"line":55,"column":47}},"line":55},"4":{"name":"(anonymous_4)","decl":{"start":{"line":60,"column":26},"end":{"line":60,"column":27}},"loc":{"start":{"line":60,"column":32},"end":{"line":60,"column":47}},"line":60},"5":{"name":"(anonymous_5)","decl":{"start":{"line":69,"column":26},"end":{"line":69,"column":27}},"loc":{"start":{"line":69,"column":32},"end":{"line":69,"column":47}},"line":69},"6":{"name":"(anonymous_6)","decl":{"start":{"line":74,"column":26},"end":{"line":74,"column":27}},"loc":{"start":{"line":74,"column":32},"end":{"line":74,"column":47}},"line":74},"7":{"name":"(anonymous_7)","decl":{"start":{"line":79,"column":26},"end":{"line":79,"column":27}},"loc":{"start":{"line":79,"column":32},"end":{"line":79,"column":59}},"line":79},"8":{"name":"(anonymous_8)","decl":{"start":{"line":85,"column":20},"end":{"line":85,"column":21}},"loc":{"start":{"line":85,"column":26},"end":{"line":85,"column":54}},"line":85},"9":{"name":"(anonymous_9)","decl":{"start":{"line":103,"column":21},"end":{"line":103,"column":22}},"loc":{"start":{"line":103,"column":27},"end":{"line":103,"column":55}},"line":103}},"branchMap":{"0":{"loc":{"start":{"line":33,"column":36},"end":{"line":33,"column":72}},"type":"binary-expr","locations":[{"start":{"line":33,"column":36},"end":{"line":33,"column":41}},{"start":{"line":33,"column":45},"end":{"line":33,"column":72}}],"line":33},"1":{"loc":{"start":{"line":43,"column":7},"end":{"line":82,"column":7}},"type":"cond-expr","locations":[{"start":{"line":44,"column":8},"end":{"line":44,"column":67}},{"start":{"line":46,"column":8},"end":{"line":81,"column":15}}],"line":43},"2":{"loc":{"start":{"line":65,"column":14},"end":{"line":67,"column":42}},"type":"cond-expr","locations":[{"start":{"line":66,"column":18},"end":{"line":66,"column":40}},{"start":{"line":67,"column":18},"end":{"line":67,"column":42}}],"line":65}},"s":{"0":2,"1":0,"2":0,"3":2,"4":0,"5":0,"6":0,"7":0,"8":0,"9":0,"10":0,"11":0,"12":0,"13":0,"14":0},"f":{"0":0,"1":0,"2":0,"3":0,"4":0,"5":0,"6":0,"7":0,"8":0,"9":0},"b":{"0":[0,0],"1":[0,0],"2":[0,0]},"_coverageSchema":"1a1c01bbd47fc00a2c39e90264f33305004495a9","hash":"753124f48899fac6972e624e0df591ffa424fdd0"}
,"/Volumes/SSD/dev/tellr/tellrts/src/screens/Register/Register.ControlPanel.tsx": {"path":"/Volumes/SSD/dev/tellr/tellrts/src/screens/Register/Register.ControlPanel.tsx","statementMap":{"0":{"start":{"line":21,"column":14},"end":{"line":21,"column":30}},"1":{"start":{"line":22,"column":2},"end":{"line":38,"column":4}}},"fnMap":{"0":{"name":"(anonymous_0)","decl":{"start":{"line":15,"column":15},"end":{"line":15,"column":16}},"loc":{"start":{"line":20,"column":33},"end":{"line":39,"column":1}},"line":20}},"branchMap":{"0":{"loc":{"start":{"line":23,"column":39},"end":{"line":23,"column":59}},"type":"cond-expr","locations":[{"start":{"line":23,"column":47},"end":{"line":23,"column":52}},{"start":{"line":23,"column":55},"end":{"line":23,"column":59}}],"line":23}},"s":{"0":32,"1":32},"f":{"0":32},"b":{"0":[0,32]},"_coverageSchema":"1a1c01bbd47fc00a2c39e90264f33305004495a9","hash":"b4a753518fa724c6a397341ac8404474ce594ea2"}
,"/Volumes/SSD/dev/tellr/tellrts/src/screens/Register/Register.Fieldcheck.tsx": {"path":"/Volumes/SSD/dev/tellr/tellrts/src/screens/Register/Register.Fieldcheck.tsx","statementMap":{"0":{"start":{"line":20,"column":20},"end":{"line":20,"column":60}},"1":{"start":{"line":21,"column":21},"end":{"line":21,"column":61}},"2":{"start":{"line":23,"column":19},"end":{"line":69,"column":1}},"3":{"start":{"line":24,"column":28},"end":{"line":24,"column":45}},"4":{"start":{"line":26,"column":27},"end":{"line":35,"column":3}},"5":{"start":{"line":27,"column":11},"end":{"line":33,"column":5}},"6":{"start":{"line":37,"column":28},"end":{"line":46,"column":3}},"7":{"start":{"line":38,"column":11},"end":{"line":44,"column":5}},"8":{"start":{"line":48,"column":19},"end":{"line":48,"column":59}},"9":{"start":{"line":49,"column":20},"end":{"line":49,"column":62}},"10":{"start":{"line":51,"column":2},"end":{"line":61,"column":37}},"11":{"start":{"line":52,"column":4},"end":{"line":60,"column":5}},"12":{"start":{"line":53,"column":6},"end":{"line":55,"column":9}},"13":{"start":{"line":57,"column":6},"end":{"line":59,"column":9}},"14":{"start":{"line":63,"column":2},"end":{"line":68,"column":4}}},"fnMap":{"0":{"name":"(anonymous_0)","decl":{"start":{"line":23,"column":19},"end":{"line":23,"column":20}},"loc":{"start":{"line":23,"column":50},"end":{"line":69,"column":1}},"line":23},"1":{"name":"(anonymous_1)","decl":{"start":{"line":27,"column":4},"end":{"line":27,"column":5}},"loc":{"start":{"line":27,"column":11},"end":{"line":33,"column":5}},"line":27},"2":{"name":"(anonymous_2)","decl":{"start":{"line":38,"column":4},"end":{"line":38,"column":5}},"loc":{"start":{"line":38,"column":11},"end":{"line":44,"column":5}},"line":38},"3":{"name":"(anonymous_3)","decl":{"start":{"line":51,"column":12},"end":{"line":51,"column":13}},"loc":{"start":{"line":51,"column":18},"end":{"line":61,"column":3}},"line":51}},"branchMap":{"0":{"loc":{"start":{"line":52,"column":4},"end":{"line":60,"column":5}},"type":"if","locations":[{"start":{"line":52,"column":4},"end":{"line":60,"column":5}},{"start":{"line":56,"column":11},"end":{"line":60,"column":5}}],"line":52}},"s":{"0":2,"1":2,"2":2,"3":0,"4":0,"5":0,"6":0,"7":0,"8":0,"9":0,"10":0,"11":0,"12":0,"13":0,"14":0},"f":{"0":0,"1":0,"2":0,"3":0},"b":{"0":[0,0]},"_coverageSchema":"1a1c01bbd47fc00a2c39e90264f33305004495a9","hash":"6a6171929ad19fcf8fc32c682cde2720ccd77329"}
,"/Volumes/SSD/dev/tellr/tellrts/src/screens/Register/Register.FormNavigation.tsx": {"path":"/Volumes/SSD/dev/tellr/tellrts/src/screens/Register/Register.FormNavigation.tsx","statementMap":{"0":{"start":{"line":32,"column":31},"end":{"line":211,"column":1}},"1":{"start":{"line":43,"column":14},"end":{"line":43,"column":30}},"2":{"start":{"line":44,"column":2},"end":{"line":210,"column":4}},"3":{"start":{"line":65,"column":16},"end":{"line":65,"column":56}},"4":{"start":{"line":88,"column":36},"end":{"line":88,"column":74}},"5":{"start":{"line":116,"column":16},"end":{"line":116,"column":65}},"6":{"start":{"line":117,"column":16},"end":{"line":121,"column":61}},"7":{"start":{"line":199,"column":31},"end":{"line":199,"column":65}}},"fnMap":{"0":{"name":"(anonymous_0)","decl":{"start":{"line":32,"column":31},"end":{"line":32,"column":32}},"loc":{"start":{"line":42,"column":13},"end":{"line":211,"column":1}},"line":42},"1":{"name":"(anonymous_1)","decl":{"start":{"line":64,"column":28},"end":{"line":64,"column":29}},"loc":{"start":{"line":65,"column":16},"end":{"line":65,"column":56}},"line":65},"2":{"name":"(anonymous_2)","decl":{"start":{"line":88,"column":28},"end":{"line":88,"column":29}},"loc":{"start":{"line":88,"column":36},"end":{"line":88,"column":74}},"line":88},"3":{"name":"(anonymous_3)","decl":{"start":{"line":115,"column":28},"end":{"line":115,"column":29}},"loc":{"start":{"line":115,"column":37},"end":{"line":122,"column":15}},"line":115},"4":{"name":"(anonymous_4)","decl":{"start":{"line":199,"column":25},"end":{"line":199,"column":26}},"loc":{"start":{"line":199,"column":31},"end":{"line":199,"column":65}},"line":199}},"branchMap":{"0":{"loc":{"start":{"line":46,"column":7},"end":{"line":72,"column":7}},"type":"binary-expr","locations":[{"start":{"line":46,"column":7},"end":{"line":46,"column":17}},{"start":{"line":47,"column":8},"end":{"line":71,"column":15}}],"line":46},"1":{"loc":{"start":{"line":73,"column":7},"end":{"line":92,"column":7}},"type":"binary-expr","locations":[{"start":{"line":73,"column":7},"end":{"line":73,"column":17}},{"start":{"line":74,"column":8},"end":{"line":91,"column":15}}],"line":73},"2":{"loc":{"start":{"line":93,"column":7},"end":{"line":127,"column":7}},"type":"binary-expr","locations":[{"start":{"line":93,"column":7},"end":{"line":93,"column":17}},{"start":{"line":94,"column":8},"end":{"line":126,"column":15}}],"line":93},"3":{"loc":{"start":{"line":117,"column":16},"end":{"line":121,"column":60}},"type":"cond-expr","locations":[{"start":{"line":118,"column":20},"end":{"line":120,"column":21}},{"start":{"line":121,"column":20},"end":{"line":121,"column":60}}],"line":117},"4":{"loc":{"start":{"line":128,"column":7},"end":{"line":146,"column":7}},"type":"binary-expr","locations":[{"start":{"line":128,"column":7},"end":{"line":128,"column":17}},{"start":{"line":129,"column":8},"end":{"line":145,"column":15}}],"line":128},"5":{"loc":{"start":{"line":137,"column":12},"end":{"line":139,"column":47}},"type":"cond-expr","locations":[{"start":{"line":138,"column":16},"end":{"line":138,"column":55}},{"start":{"line":139,"column":16},"end":{"line":139,"column":47}}],"line":137},"6":{"loc":{"start":{"line":147,"column":7},"end":{"line":171,"column":7}},"type":"binary-expr","locations":[{"start":{"line":147,"column":7},"end":{"line":147,"column":17}},{"start":{"line":148,"column":8},"end":{"line":170,"column":15}}],"line":147},"7":{"loc":{"start":{"line":159,"column":14},"end":{"line":165,"column":15}},"type":"binary-expr","locations":[{"start":{"line":159,"column":14},"end":{"line":159,"column":73}},{"start":{"line":160,"column":14},"end":{"line":162,"column":15}},{"start":{"line":163,"column":14},"end":{"line":165,"column":15}}],"line":159},"8":{"loc":{"start":{"line":172,"column":7},"end":{"line":191,"column":7}},"type":"binary-expr","locations":[{"start":{"line":172,"column":7},"end":{"line":172,"column":17}},{"start":{"line":173,"column":8},"end":{"line":190,"column":15}}],"line":172},"9":{"loc":{"start":{"line":185,"column":14},"end":{"line":186,"column":80}},"type":"binary-expr","locations":[{"start":{"line":185,"column":14},"end":{"line":185,"column":77}},{"start":{"line":186,"column":14},"end":{"line":186,"column":80}}],"line":185},"10":{"loc":{"start":{"line":192,"column":7},"end":{"line":208,"column":7}},"type":"binary-expr","locations":[{"start":{"line":192,"column":7},"end":{"line":192,"column":17}},{"start":{"line":193,"column":8},"end":{"line":207,"column":15}}],"line":192},"11":{"loc":{"start":{"line":200,"column":20},"end":{"line":200,"column":78}},"type":"binary-expr","locations":[{"start":{"line":200,"column":20},"end":{"line":200,"column":59}},{"start":{"line":200,"column":63},"end":{"line":200,"column":78}}],"line":200}},"s":{"0":2,"1":32,"2":32,"3":2,"4":3,"5":2,"6":2,"7":0},"f":{"0":32,"1":2,"2":3,"3":2,"4":0},"b":{"0":[32,11],"1":[32,9],"2":[32,11],"3":[1,1],"4":[32,1],"5":[0,1],"6":[32,0],"7":[0,0,0],"8":[32,0],"9":[0,0],"10":[32,0],"11":[0,0]},"_coverageSchema":"1a1c01bbd47fc00a2c39e90264f33305004495a9","hash":"9b4f0ceb8861da520e17b27a24313a017b9f87a7"}
[...]
,"/Volumes/SSD/dev/tellr/tellrts/src/screens/Register/Register.utils.ts": {"path":"/Volumes/SSD/dev/tellr/tellrts/src/screens/Register/Register.utils.ts","statementMap":{"0":{"start":{"line":8,"column":0},"end":{"line":8,"column":17}},"1":{"start":{"line":16,"column":66},"end":{"line":29,"column":1}},"2":{"start":{"line":31,"column":35},"end":{"line":36,"column":1}},"3":{"start":{"line":38,"column":40},"end":{"line":43,"column":44}},"4":{"start":{"line":45,"column":30},"end":{"line":45,"column":31}},"5":{"start":{"line":46,"column":30},"end":{"line":46,"column":32}},"6":{"start":{"line":63,"column":26},"end":{"line":71,"column":1}},"7":{"start":{"line":73,"column":30},"end":{"line":88,"column":5}},"8":{"start":{"line":73,"column":47},"end":{"line":88,"column":5}},"9":{"start":{"line":74,"column":2},"end":{"line":88,"column":5}},"10":{"start":{"line":79,"column":17},"end":{"line":79,"column":19}},"11":{"start":{"line":81,"column":6},"end":{"line":87,"column":7}},"12":{"start":{"line":82,"column":46},"end":{"line":85,"column":9}},"13":{"start":{"line":90,"column":22},"end":{"line":128,"column":2}}},"fnMap":{"0":{"name":"(anonymous_0)","decl":{"start":{"line":73,"column":30},"end":{"line":73,"column":31}},"loc":{"start":{"line":73,"column":47},"end":{"line":88,"column":5}},"line":73},"1":{"name":"(anonymous_1)","decl":{"start":{"line":73,"column":47},"end":{"line":73,"column":48}},"loc":{"start":{"line":74,"column":2},"end":{"line":88,"column":5}},"line":74},"2":{"name":"(anonymous_2)","decl":{"start":{"line":79,"column":10},"end":{"line":79,"column":11}},"loc":{"start":{"line":79,"column":17},"end":{"line":79,"column":19}},"line":79},"3":{"name":"(anonymous_3)","decl":{"start":{"line":80,"column":11},"end":{"line":80,"column":12}},"loc":{"start":{"line":81,"column":6},"end":{"line":87,"column":7}},"line":81},"4":{"name":"(anonymous_4)","decl":{"start":{"line":82,"column":8},"end":{"line":82,"column":9}},"loc":{"start":{"line":82,"column":46},"end":{"line":85,"column":9}},"line":82}},"branchMap":{"0":{"loc":{"start":{"line":84,"column":19},"end":{"line":84,"column":35}},"type":"binary-expr","locations":[{"start":{"line":84,"column":19},"end":{"line":84,"column":29}},{"start":{"line":84,"column":33},"end":{"line":84,"column":35}}],"line":84}},"s":{"0":2,"1":2,"2":2,"3":2,"4":2,"5":2,"6":2,"7":2,"8":9,"9":9,"10":0,"11":9,"12":123,"13":2},"f":{"0":9,"1":9,"2":0,"3":9,"4":123},"b":{"0":[123,81]},"_coverageSchema":"1a1c01bbd47fc00a2c39e90264f33305004495a9","hash":"3be9b4b06b14c0c18f71f2f40bba7683f34f204b"}
,"/Volumes/SSD/dev/tellr/tellrts/src/screens/Register/index.ts": {"path":"/Volumes/SSD/dev/tellr/tellrts/src/screens/Register/index.ts","statementMap":{},"fnMap":{},"branchMap":{},"s":{},"f":{},"b":{},"_coverageSchema":"1a1c01bbd47fc00a2c39e90264f33305004495a9","hash":"ad40b861169629ab473c6842b848f8f22cfa204c"}
,"/Volumes/SSD/dev/tellr/tellrts/src/utils/animationConstants.ts": {"path":"/Volumes/SSD/dev/tellr/tellrts/src/utils/animationConstants.ts","statementMap":{"0":{"start":{"line":1,"column":52},"end":{"line":5,"column":1}},"1":{"start":{"line":7,"column":41},"end":{"line":7,"column":44}}},"fnMap":{},"branchMap":{},"s":{"0":5,"1":5},"f":{},"b":{},"_coverageSchema":"1a1c01bbd47fc00a2c39e90264f33305004495a9","hash":"21729374e2dbf50efe20c56333ede852bbf3837b"}
,"/Volumes/SSD/dev/tellr/tellrts/src/utils/colors.ts": {"path":"/Volumes/SSD/dev/tellr/tellrts/src/utils/colors.ts","statementMap":{"0":{"start":{"line":1,"column":15},"end":{"line":14,"column":1}},"1":{"start":{"line":21,"column":31},"end":{"line":27,"column":1}},"2":{"start":{"line":22,"column":36},"end":{"line":22,"column":38}},"3":{"start":{"line":23,"column":2},"end":{"line":25,"column":3}},"4":{"start":{"line":24,"column":4},"end":{"line":24,"column":30}},"5":{"start":{"line":26,"column":2},"end":{"line":26,"column":16}},"6":{"start":{"line":29,"column":30},"end":{"line":29,"column":54}}},"fnMap":{"0":{"name":"(anonymous_0)","decl":{"start":{"line":21,"column":31},"end":{"line":21,"column":32}},"loc":{"start":{"line":21,"column":45},"end":{"line":27,"column":1}},"line":21}},"branchMap":{},"s":{"0":5,"1":5,"2":5,"3":5,"4":60,"5":5,"6":5},"f":{"0":5},"b":{},"_coverageSchema":"1a1c01bbd47fc00a2c39e90264f33305004495a9","hash":"8f50130c576cdc423f2ab5b7ca0905461cf2ece1"}
,"/Volumes/SSD/dev/tellr/tellrts/src/utils/countries.ts": {"path":"/Volumes/SSD/dev/tellr/tellrts/src/utils/countries.ts","statementMap":{"0":{"start":{"line":10,"column":29},"end":{"line":1795,"column":1}}},"fnMap":{},"branchMap":{},"s":{"0":2},"f":{},"b":{},"_coverageSchema":"1a1c01bbd47fc00a2c39e90264f33305004495a9","hash":"e1bc3651df157fd4c0b11d6ea6785fe52ae3c733"}
,"/Volumes/SSD/dev/tellr/tellrts/src/utils/photo.ts": {"path":"/Volumes/SSD/dev/tellr/tellrts/src/utils/photo.ts","statementMap":{"0":{"start":{"line":2,"column":30},"end":{"line":10,"column":1}},"1":{"start":{"line":3,"column":2},"end":{"line":9,"column":11}}},"fnMap":{"0":{"name":"(anonymous_0)","decl":{"start":{"line":2,"column":30},"end":{"line":2,"column":31}},"loc":{"start":{"line":2,"column":46},"end":{"line":10,"column":1}},"line":2}},"branchMap":{"0":{"loc":{"start":{"line":3,"column":9},"end":{"line":9,"column":10}},"type":"cond-expr","locations":[{"start":{"line":4,"column":6},"end":{"line":8,"column":8}},{"start":{"line":9,"column":6},"end":{"line":9,"column":10}}],"line":3}},"s":{"0":2,"1":0},"f":{"0":0},"b":{"0":[0,0]},"_coverageSchema":"1a1c01bbd47fc00a2c39e90264f33305004495a9","hash":"37d576962f3bd8951dbc0988583bafeef3c782c3"}
,"/Volumes/SSD/dev/tellr/tellrts/src/utils/photos.ts": {"path":"/Volumes/SSD/dev/tellr/tellrts/src/utils/photos.ts","statementMap":{"0":{"start":{"line":4,"column":29},"end":{"line":14,"column":1}},"1":{"start":{"line":16,"column":33},"end":{"line":23,"column":1}},"2":{"start":{"line":20,"column":2},"end":{"line":22,"column":28}},"3":{"start":{"line":21,"column":19},"end":{"line":21,"column":35}},"4":{"start":{"line":22,"column":16},"end":{"line":22,"column":26}},"5":{"start":{"line":25,"column":31},"end":{"line":32,"column":1}},"6":{"start":{"line":29,"column":2},"end":{"line":31,"column":28}},"7":{"start":{"line":30,"column":19},"end":{"line":30,"column":35}},"8":{"start":{"line":31,"column":16},"end":{"line":31,"column":26}},"9":{"start":{"line":34,"column":29},"end":{"line":34,"column":32}},"10":{"start":{"line":35,"column":35},"end":{"line":35,"column":38}}},"fnMap":{"0":{"name":"(anonymous_0)","decl":{"start":{"line":16,"column":33},"end":{"line":16,"column":34}},"loc":{"start":{"line":19,"column":5},"end":{"line":23,"column":1}},"line":19},"1":{"name":"(anonymous_1)","decl":{"start":{"line":21,"column":10},"end":{"line":21,"column":11}},"loc":{"start":{"line":21,"column":19},"end":{"line":21,"column":35}},"line":21},"2":{"name":"(anonymous_2)","decl":{"start":{"line":22,"column":11},"end":{"line":22,"column":12}},"loc":{"start":{"line":22,"column":16},"end":{"line":22,"column":26}},"line":22},"3":{"name":"(anonymous_3)","decl":{"start":{"line":25,"column":31},"end":{"line":25,"column":32}},"loc":{"start":{"line":28,"column":5},"end":{"line":32,"column":1}},"line":28},"4":{"name":"(anonymous_4)","decl":{"start":{"line":30,"column":10},"end":{"line":30,"column":11}},"loc":{"start":{"line":30,"column":19},"end":{"line":30,"column":35}},"line":30},"5":{"name":"(anonymous_5)","decl":{"start":{"line":31,"column":11},"end":{"line":31,"column":12}},"loc":{"start":{"line":31,"column":16},"end":{"line":31,"column":26}},"line":31}},"branchMap":{},"s":{"0":2,"1":2,"2":0,"3":0,"4":0,"5":2,"6":0,"7":0,"8":0,"9":2,"10":2},"f":{"0":0,"1":0,"2":0,"3":0,"4":0,"5":0},"b":{},"_coverageSchema":"1a1c01bbd47fc00a2c39e90264f33305004495a9","hash":"ae821885cf2ab40587be26266c2fb29b5222b16b"}
,"/Volumes/SSD/dev/tellr/tellrts/src/utils/test-utils.tsx": {"path":"/Volumes/SSD/dev/tellr/tellrts/src/utils/test-utils.tsx","statementMap":{"0":{"start":{"line":14,"column":16},"end":{"line":22,"column":1}},"1":{"start":{"line":33,"column":2},"end":{"line":39,"column":4}}},"fnMap":{"0":{"name":"renderWithProviders","decl":{"start":{"line":24,"column":16},"end":{"line":24,"column":35}},"loc":{"start":{"line":32,"column":2},"end":{"line":40,"column":1}},"line":32}},"branchMap":{"0":{"loc":{"start":{"line":26,"column":2},"end":{"line":31,"column":8}},"type":"default-arg","locations":[{"start":{"line":31,"column":6},"end":{"line":31,"column":8}}],"line":26},"1":{"loc":{"start":{"line":27,"column":4},"end":{"line":27,"column":23}},"type":"default-arg","locations":[{"start":{"line":27,"column":21},"end":{"line":27,"column":23}}],"line":27},"2":{"loc":{"start":{"line":28,"column":4},"end":{"line":28,"column":14}},"type":"default-arg","locations":[{"start":{"line":28,"column":12},"end":{"line":28,"column":14}}],"line":28},"3":{"loc":{"start":{"line":29,"column":4},"end":{"line":29,"column":53}},"type":"default-arg","locations":[{"start":{"line":29,"column":12},"end":{"line":29,"column":53}}],"line":29}},"s":{"0":2,"1":6},"f":{"0":6},"b":{"0":[5],"1":[6],"2":[6],"3":[6]},"_coverageSchema":"1a1c01bbd47fc00a2c39e90264f33305004495a9","hash":"cd15cd575f187be89ea1b054d56f50985dc8823a"}
,"/Volumes/SSD/dev/tellr/tellrts/src/utils/toasts.ts": {"path":"/Volumes/SSD/dev/tellr/tellrts/src/utils/toasts.ts","statementMap":{"0":{"start":{"line":5,"column":30},"end":{"line":16,"column":1}},"1":{"start":{"line":10,"column":2},"end":{"line":15,"column":5}},"2":{"start":{"line":18,"column":21},"end":{"line":28,"column":1}},"3":{"start":{"line":23,"column":2},"end":{"line":27,"column":4}},"4":{"start":{"line":30,"column":29},"end":{"line":43,"column":1}},"5":{"start":{"line":35,"column":2},"end":{"line":42,"column":5}},"6":{"start":{"line":45,"column":32},"end":{"line":58,"column":1}},"7":{"start":{"line":50,"column":2},"end":{"line":57,"column":5}},"8":{"start":{"line":60,"column":28},"end":{"line":66,"column":1}},"9":{"start":{"line":61,"column":2},"end":{"line":65,"column":3}},"10":{"start":{"line":62,"column":4},"end":{"line":62,"column":9}},"11":{"start":{"line":64,"column":4},"end":{"line":64,"column":20}}},"fnMap":{"0":{"name":"(anonymous_0)","decl":{"start":{"line":5,"column":30},"end":{"line":5,"column":31}},"loc":{"start":{"line":9,"column":5},"end":{"line":16,"column":1}},"line":9},"1":{"name":"(anonymous_1)","decl":{"start":{"line":18,"column":21},"end":{"line":18,"column":22}},"loc":{"start":{"line":22,"column":5},"end":{"line":28,"column":1}},"line":22},"2":{"name":"(anonymous_2)","decl":{"start":{"line":30,"column":29},"end":{"line":30,"column":30}},"loc":{"start":{"line":34,"column":5},"end":{"line":43,"column":1}},"line":34},"3":{"name":"(anonymous_3)","decl":{"start":{"line":45,"column":32},"end":{"line":45,"column":33}},"loc":{"start":{"line":49,"column":5},"end":{"line":58,"column":1}},"line":49},"4":{"name":"(anonymous_4)","decl":{"start":{"line":60,"column":28},"end":{"line":60,"column":29}},"loc":{"start":{"line":60,"column":54},"end":{"line":66,"column":1}},"line":60}},"branchMap":{"0":{"loc":{"start":{"line":24,"column":4},"end":{"line":24,"column":32}},"type":"binary-expr","locations":[{"start":{"line":24,"column":4},"end":{"line":24,"column":10}},{"start":{"line":24,"column":14},"end":{"line":24,"column":32}}],"line":24},"1":{"loc":{"start":{"line":25,"column":4},"end":{"line":25,"column":37}},"type":"binary-expr","locations":[{"start":{"line":25,"column":4},"end":{"line":25,"column":13}},{"start":{"line":25,"column":17},"end":{"line":25,"column":37}}],"line":25}},"s":{"0":2,"1":0,"2":2,"3":0,"4":2,"5":0,"6":2,"7":0,"8":2,"9":0,"10":0,"11":0},"f":{"0":0,"1":0,"2":0,"3":0,"4":0},"b":{"0":[0,0],"1":[0,0]},"_coverageSchema":"1a1c01bbd47fc00a2c39e90264f33305004495a9","hash":"a6367e633cbb065f694f5a95656f95452d7a3724"}
,"/Volumes/SSD/dev/tellr/tellrts/src/utils/slices/anketSlice.ts": {"path":"/Volumes/SSD/dev/tellr/tellrts/src/utils/slices/anketSlice.ts","statementMap":{"0":{"start":{"line":8,"column":33},"end":{"line":10,"column":1}},"1":{"start":{"line":12,"column":26},"end":{"line":23,"column":2}},"2":{"start":{"line":17,"column":6},"end":{"line":17,"column":41}},"3":{"start":{"line":20,"column":6},"end":{"line":20,"column":25}},"4":{"start":{"line":25,"column":38},"end":{"line":25,"column":56}}},"fnMap":{"0":{"name":"(anonymous_0)","decl":{"start":{"line":16,"column":14},"end":{"line":16,"column":15}},"loc":{"start":{"line":16,"column":60},"end":{"line":18,"column":5}},"line":16},"1":{"name":"(anonymous_1)","decl":{"start":{"line":19,"column":16},"end":{"line":19,"column":17}},"loc":{"start":{"line":19,"column":25},"end":{"line":21,"column":5}},"line":19}},"branchMap":{},"s":{"0":2,"1":2,"2":0,"3":0,"4":2},"f":{"0":0,"1":0},"b":{},"_coverageSchema":"1a1c01bbd47fc00a2c39e90264f33305004495a9","hash":"786f6ea1b7ff346202d9d95a6744d8effe5a439a"}
,"/Volumes/SSD/dev/tellr/tellrts/src/utils/slices/authSlice.ts": {"path":"/Volumes/SSD/dev/tellr/tellrts/src/utils/slices/authSlice.ts","statementMap":{"0":{"start":{"line":8,"column":32},"end":{"line":10,"column":1}},"1":{"start":{"line":12,"column":25},"end":{"line":24,"column":2}},"2":{"start":{"line":17,"column":6},"end":{"line":17,"column":41}},"3":{"start":{"line":20,"column":6},"end":{"line":20,"column":25}},"4":{"start":{"line":21,"column":6},"end":{"line":21,"column":26}},"5":{"start":{"line":26,"column":31},"end":{"line":26,"column":48}}},"fnMap":{"0":{"name":"(anonymous_0)","decl":{"start":{"line":16,"column":11},"end":{"line":16,"column":12}},"loc":{"start":{"line":16,"column":56},"end":{"line":18,"column":5}},"line":16},"1":{"name":"(anonymous_1)","decl":{"start":{"line":19,"column":12},"end":{"line":19,"column":13}},"loc":{"start":{"line":19,"column":21},"end":{"line":22,"column":5}},"line":19}},"branchMap":{},"s":{"0":2,"1":2,"2":0,"3":0,"4":0,"5":2},"f":{"0":0,"1":0},"b":{},"_coverageSchema":"1a1c01bbd47fc00a2c39e90264f33305004495a9","hash":"bda135dc062880ec04a70c90fbc833f542734a97"}
,"/Volumes/SSD/dev/tellr/tellrts/src/utils/slices/contactsInputSlice.ts": {"path":"/Volumes/SSD/dev/tellr/tellrts/src/utils/slices/contactsInputSlice.ts","statementMap":{"0":{"start":{"line":8,"column":41},"end":{"line":11,"column":1}},"1":{"start":{"line":13,"column":34},"end":{"line":30,"column":2}},"2":{"start":{"line":18,"column":6},"end":{"line":18,"column":29}},"3":{"start":{"line":21,"column":6},"end":{"line":21,"column":30}},"4":{"start":{"line":24,"column":6},"end":{"line":24,"column":40}},"5":{"start":{"line":27,"column":6},"end":{"line":27,"column":28}},"6":{"start":{"line":33,"column":2},"end":{"line":33,"column":28}}},"fnMap":{"0":{"name":"(anonymous_0)","decl":{"start":{"line":17,"column":18},"end":{"line":17,"column":19}},"loc":{"start":{"line":17,"column":27},"end":{"line":19,"column":5}},"line":17},"1":{"name":"(anonymous_1)","decl":{"start":{"line":20,"column":15},"end":{"line":20,"column":16}},"loc":{"start":{"line":20,"column":24},"end":{"line":22,"column":5}},"line":20},"2":{"name":"(anonymous_2)","decl":{"start":{"line":23,"column":19},"end":{"line":23,"column":20}},"loc":{"start":{"line":23,"column":61},"end":{"line":25,"column":5}},"line":23},"3":{"name":"(anonymous_3)","decl":{"start":{"line":26,"column":21},"end":{"line":26,"column":22}},"loc":{"start":{"line":26,"column":30},"end":{"line":28,"column":5}},"line":26}},"branchMap":{},"s":{"0":2,"1":2,"2":0,"3":0,"4":0,"5":0,"6":2},"f":{"0":0,"1":0,"2":0,"3":0},"b":{},"_coverageSchema":"1a1c01bbd47fc00a2c39e90264f33305004495a9","hash":"8758c8e852411f846fa942544d2d9df212c12c9c"}
,"/Volumes/SSD/dev/tellr/tellrts/src/utils/slices/firebaseTokenSlice.ts": {"path":"/Volumes/SSD/dev/tellr/tellrts/src/utils/slices/firebaseTokenSlice.ts","statementMap":{"0":{"start":{"line":7,"column":32},"end":{"line":9,"column":1}},"1":{"start":{"line":11,"column":25},"end":{"line":19,"column":2}},"2":{"start":{"line":16,"column":6},"end":{"line":16,"column":57}},"3":{"start":{"line":21,"column":27},"end":{"line":21,"column":44}}},"fnMap":{"0":{"name":"(anonymous_0)","decl":{"start":{"line":15,"column":15},"end":{"line":15,"column":16}},"loc":{"start":{"line":15,"column":60},"end":{"line":17,"column":5}},"line":15}},"branchMap":{},"s":{"0":2,"1":2,"2":0,"3":2},"f":{"0":0},"b":{},"_coverageSchema":"1a1c01bbd47fc00a2c39e90264f33305004495a9","hash":"69c4abf0ae94e3c3127a5be0e7b47f760cb8b866"}
,"/Volumes/SSD/dev/tellr/tellrts/src/utils/slices/inChatSlice.ts": {"path":"/Volumes/SSD/dev/tellr/tellrts/src/utils/slices/inChatSlice.ts","statementMap":{"0":{"start":{"line":7,"column":34},"end":{"line":9,"column":1}},"1":{"start":{"line":11,"column":27},"end":{"line":22,"column":2}},"2":{"start":{"line":16,"column":6},"end":{"line":16,"column":26}},"3":{"start":{"line":19,"column":6},"end":{"line":19,"column":27}},"4":{"start":{"line":24,"column":37},"end":{"line":24,"column":56}}},"fnMap":{"0":{"name":"(anonymous_0)","decl":{"start":{"line":15,"column":15},"end":{"line":15,"column":16}},"loc":{"start":{"line":15,"column":24},"end":{"line":17,"column":5}},"line":15},"1":{"name":"(anonymous_1)","decl":{"start":{"line":18,"column":14},"end":{"line":18,"column":15}},"loc":{"start":{"line":18,"column":23},"end":{"line":20,"column":5}},"line":18}},"branchMap":{},"s":{"0":2,"1":2,"2":0,"3":0,"4":2},"f":{"0":0,"1":0},"b":{},"_coverageSchema":"1a1c01bbd47fc00a2c39e90264f33305004495a9","hash":"509c1dc9e8a4f9260c4f6a04e9f496b132ce7023"}
,"/Volumes/SSD/dev/tellr/tellrts/src/utils/slices/requestResultSlice.ts": {"path":"/Volumes/SSD/dev/tellr/tellrts/src/utils/slices/requestResultSlice.ts","statementMap":{"0":{"start":{"line":8,"column":41},"end":{"line":10,"column":1}},"1":{"start":{"line":12,"column":34},"end":{"line":23,"column":2}},"2":{"start":{"line":17,"column":6},"end":{"line":17,"column":57}},"3":{"start":{"line":20,"column":6},"end":{"line":20,"column":33}},"4":{"start":{"line":26,"column":2},"end":{"line":26,"column":28}}},"fnMap":{"0":{"name":"(anonymous_0)","decl":{"start":{"line":16,"column":22},"end":{"line":16,"column":23}},"loc":{"start":{"line":16,"column":76},"end":{"line":18,"column":5}},"line":16},"1":{"name":"(anonymous_1)","decl":{"start":{"line":19,"column":24},"end":{"line":19,"column":25}},"loc":{"start":{"line":19,"column":33},"end":{"line":21,"column":5}},"line":19}},"branchMap":{},"s":{"0":2,"1":2,"2":0,"3":0,"4":2},"f":{"0":0,"1":0},"b":{},"_coverageSchema":"1a1c01bbd47fc00a2c39e90264f33305004495a9","hash":"7f1d9df5c971b9298387e868f3cc8ee82800d59c"}
,"/Volumes/SSD/dev/tellr/tellrts/src/utils/slices/searchSettingsSlice.ts": {"path":"/Volumes/SSD/dev/tellr/tellrts/src/utils/slices/searchSettingsSlice.ts","statementMap":{"0":{"start":{"line":3,"column":30},"end":{"line":3,"column":37}},"1":{"start":{"line":4,"column":33},"end":{"line":4,"column":43}},"2":{"start":{"line":9,"column":42},"end":{"line":11,"column":1}},"3":{"start":{"line":13,"column":35},"end":{"line":24,"column":2}},"4":{"start":{"line":21,"column":6},"end":{"line":21,"column":38}},"5":{"start":{"line":26,"column":35},"end":{"line":26,"column":62}}},"fnMap":{"0":{"name":"(anonymous_0)","decl":{"start":{"line":17,"column":23},"end":{"line":17,"column":24}},"loc":{"start":{"line":20,"column":9},"end":{"line":22,"column":5}},"line":20}},"branchMap":{},"s":{"0":2,"1":2,"2":2,"3":2,"4":0,"5":2},"f":{"0":0},"b":{},"_coverageSchema":"1a1c01bbd47fc00a2c39e90264f33305004495a9","hash":"9fe14a98106782a4cb19d8bee89ffd8f2577ed04"}
}
