TN:
SF:assets/img/logo.png
FNF:0
FNH:0
DA:1,1
LF:1
LH:1
BRF:0
BRH:0
end_of_record
TN:
SF:src/components/Buttons/Buttons.styles.ts
FNF:0
FNH:0
LF:0
LH:0
BRF:0
BRH:0
end_of_record
TN:
SF:src/components/Buttons/PrimaryButton.tsx
FN:20,(anonymous_0)
FN:29,(anonymous_1)
FN:44,(anonymous_2)
FN:55,(anonymous_3)
FN:67,(anonymous_4)
FNF:5
FNH:5
FNDA:35,(anonymous_0)
FNDA:12,(anonymous_1)
FNDA:36,(anonymous_2)
FNDA:36,(anonymous_3)
FNDA:36,(anonymous_4)
DA:16,3
DA:17,3
DA:19,3
DA:20,3
DA:21,35
DA:27,35
DA:29,35
DA:30,12
DA:31,1
DA:34,1
DA:37,11
DA:40,11
DA:43,35
DA:44,36
DA:54,35
DA:55,36
DA:66,35
DA:67,36
DA:80,35
DA:89,35
DA:91,35
LF:21
LH:21
BRDA:30,0,0,1
BRDA:30,0,1,11
BRDA:75,1,0,0
BRDA:75,1,1,36
BRDA:85,2,0,35
BRDA:85,2,1,14
BRDA:98,3,0,35
BRDA:98,3,1,21
BRF:8
BRH:7
end_of_record
TN:
SF:src/components/Buttons/SecondaryButton.tsx
FN:18,(anonymous_0)
FN:21,(anonymous_1)
FN:42,(anonymous_2)
FN:66,(anonymous_3)
FN:70,(anonymous_4)
FNF:5
FNH:3
FNDA:34,(anonymous_0)
FNDA:35,(anonymous_1)
FNDA:35,(anonymous_2)
FNDA:0,(anonymous_3)
FNDA:0,(anonymous_4)
DA:15,3
DA:16,3
DA:18,3
DA:19,34
DA:20,34
DA:21,35
DA:41,34
DA:42,35
DA:52,34
DA:60,34
DA:66,34
DA:67,0
DA:70,34
DA:71,0
DA:73,34
LF:15
LH:13
BRDA:56,0,0,34
BRDA:56,0,1,1
BRF:2
BRH:2
end_of_record
TN:
SF:src/components/Buttons/index.ts
FNF:0
FNH:0
LF:0
LH:0
BRF:0
BRH:0
end_of_record
TN:
SF:src/components/Buttons/useColorAnimation.ts
FN:10,(anonymous_0)
FN:12,(anonymous_1)
FN:17,(anonymous_2)
FN:21,(anonymous_3)
FNF:4
FNH:2
FNDA:35,(anonymous_0)
FNDA:0,(anonymous_1)
FNDA:0,(anonymous_2)
FNDA:36,(anonymous_3)
DA:10,3
DA:11,35
DA:12,35
DA:13,0
DA:17,35
DA:18,0
DA:20,35
DA:21,36
DA:35,35
LF:9
LH:7
BRF:0
BRH:0
end_of_record
TN:
SF:src/components/CityPicker/CityPicker.styles.ts
FNF:0
FNH:0
LF:0
LH:0
BRF:0
BRH:0
end_of_record
TN:
SF:src/components/CityPicker/CityPicker.tsx
FN:33,(anonymous_0)
FN:47,(anonymous_1)
FN:53,(anonymous_2)
FN:63,(anonymous_3)
FN:71,(anonymous_4)
FN:76,(anonymous_5)
FN:79,(anonymous_6)
FN:96,(anonymous_7)
FN:98,(anonymous_8)
FN:109,(anonymous_9)
FN:115,(anonymous_10)
FN:134,(anonymous_11)
FNF:12
FNH:0
FNDA:0,(anonymous_0)
FNDA:0,(anonymous_1)
FNDA:0,(anonymous_2)
FNDA:0,(anonymous_3)
FNDA:0,(anonymous_4)
FNDA:0,(anonymous_5)
FNDA:0,(anonymous_6)
FNDA:0,(anonymous_7)
FNDA:0,(anonymous_8)
FNDA:0,(anonymous_9)
FNDA:0,(anonymous_10)
FNDA:0,(anonymous_11)
DA:17,2
DA:33,2
DA:34,0
DA:35,0
DA:47,2
DA:48,0
DA:49,0
DA:50,0
DA:51,0
DA:53,0
DA:58,0
DA:59,0
DA:60,0
DA:63,0
DA:64,0
DA:65,0
DA:67,0
DA:71,0
DA:75,0
DA:76,0
DA:77,0
DA:80,0
DA:91,0
DA:96,0
DA:98,0
DA:110,0
DA:116,0
DA:117,0
DA:118,0
DA:120,0
DA:134,0
LF:31
LH:3
BRDA:50,0,0,0
BRDA:50,0,1,0
BRDA:64,1,0,0
BRDA:64,1,1,0
BRDA:117,2,0,0
BRDA:117,2,1,0
BRDA:125,3,0,0
BRDA:125,3,1,0
BRDA:125,3,2,0
BRDA:128,4,0,0
BRDA:128,4,1,0
BRDA:130,5,0,0
BRDA:130,5,1,0
BRF:13
BRH:0
end_of_record
TN:
SF:src/components/CityPicker/index.ts
FNF:0
FNH:0
LF:0
LH:0
BRF:0
BRH:0
end_of_record
TN:
SF:src/components/CountryPicker/CountryPicker.styles.ts
FNF:0
FNH:0
LF:0
LH:0
BRF:0
BRH:0
end_of_record
TN:
SF:src/components/CountryPicker/CountryPicker.tsx
FN:30,(anonymous_0)
FN:51,(anonymous_1)
FN:63,(anonymous_2)
FN:73,(anonymous_3)
FN:80,(anonymous_4)
FN:82,(anonymous_5)
FN:85,(anonymous_6)
FN:92,(anonymous_7)
FN:94,(anonymous_8)
FN:105,(anonymous_9)
FN:114,(anonymous_10)
FN:117,(anonymous_11)
FNF:12
FNH:0
FNDA:0,(anonymous_0)
FNDA:0,(anonymous_1)
FNDA:0,(anonymous_2)
FNDA:0,(anonymous_3)
FNDA:0,(anonymous_4)
FNDA:0,(anonymous_5)
FNDA:0,(anonymous_6)
FNDA:0,(anonymous_7)
FNDA:0,(anonymous_8)
FNDA:0,(anonymous_9)
FNDA:0,(anonymous_10)
FNDA:0,(anonymous_11)
DA:20,2
DA:30,2
DA:37,0
DA:38,0
DA:39,0
DA:51,2
DA:58,0
DA:59,0
DA:60,0
DA:61,0
DA:63,0
DA:64,0
DA:65,0
DA:66,0
DA:70,0
DA:73,0
DA:74,0
DA:75,0
DA:76,0
DA:77,0
DA:80,0
DA:81,0
DA:83,0
DA:85,0
DA:92,0
DA:93,0
DA:94,0
DA:105,0
DA:106,0
DA:107,0
DA:109,0
DA:112,0
DA:114,0
DA:117,0
LF:34
LH:3
BRDA:106,0,0,0
BRDA:106,0,1,0
BRDA:126,1,0,0
BRDA:126,1,1,0
BRDA:127,2,0,0
BRDA:127,2,1,0
BRF:6
BRH:0
end_of_record
TN:
SF:src/components/CountryPicker/index.ts
FNF:0
FNH:0
LF:0
LH:0
BRF:0
BRH:0
end_of_record
TN:
SF:src/components/DismissKeyboard/DismissKeyboard.tsx
FN:9,(anonymous_0)
FN:11,(anonymous_1)
FNF:2
FNH:2
FNDA:10,(anonymous_0)
FNDA:2,(anonymous_1)
DA:9,2
DA:10,10
DA:11,2
LF:3
LH:3
BRF:0
BRH:0
end_of_record
TN:
SF:src/components/DismissKeyboard/index.ts
FNF:0
FNH:0
LF:0
LH:0
BRF:0
BRH:0
end_of_record
TN:
SF:src/components/ErrorDisplay/ErrorDisplay.styles.ts
FNF:0
FNH:0
LF:0
LH:0
BRF:0
BRH:0
end_of_record
TN:
SF:src/components/ErrorDisplay/ErrorDisplay.tsx
FN:19,(anonymous_0)
FNF:1
FNH:1
FNDA:1,(anonymous_0)
DA:11,3
DA:19,3
DA:20,1
DA:22,1
LF:4
LH:4
BRDA:25,0,0,1
BRDA:25,0,1,1
BRDA:26,1,0,1
BRDA:26,1,1,1
BRF:4
BRH:4
end_of_record
TN:
SF:src/components/ErrorDisplay/index.ts
FNF:0
FNH:0
LF:0
LH:0
BRF:0
BRH:0
end_of_record
TN:
SF:src/components/Field/Datefield.tsx
FN:11,(anonymous_0)
FN:15,(anonymous_1)
FN:19,(anonymous_2)
FNF:3
FNH:1
FNDA:11,(anonymous_0)
FNDA:0,(anonymous_1)
FNDA:0,(anonymous_2)
DA:11,2
DA:12,11
DA:13,11
DA:15,11
DA:16,0
DA:19,11
DA:20,0
DA:23,11
LF:8
LH:6
BRDA:13,0,0,11
BRDA:13,0,1,0
BRF:2
BRH:1
end_of_record
TN:
SF:src/components/Field/Field.styles.ts
FNF:0
FNH:0
LF:0
LH:0
BRF:0
BRH:0
end_of_record
TN:
SF:src/components/Field/Field.tsx
FN:24,(anonymous_0)
FN:27,(anonymous_1)
FN:38,(anonymous_2)
FN:46,(anonymous_3)
FN:55,(anonymous_4)
FNF:5
FNH:3
FNDA:14,(anonymous_0)
FNDA:23,(anonymous_1)
FNDA:8,(anonymous_2)
FNDA:0,(anonymous_3)
FNDA:0,(anonymous_4)
DA:18,3
DA:24,3
DA:25,14
DA:26,14
DA:27,23
DA:36,14
DA:38,14
DA:39,8
DA:40,0
DA:46,14
DA:47,0
DA:48,0
DA:50,0
DA:55,14
DA:56,0
DA:57,0
DA:59,0
DA:63,14
LF:18
LH:11
BRDA:25,0,0,0
BRDA:25,0,1,14
BRDA:39,1,0,0
BRDA:39,1,1,8
BRDA:47,2,0,0
BRDA:47,2,1,0
BRDA:56,3,0,0
BRDA:56,3,1,0
BRDA:59,4,0,0
BRDA:59,4,1,0
BRF:10
BRH:2
end_of_record
TN:
SF:src/components/Field/FormField.tsx
FN:23,(anonymous_0)
FN:26,(anonymous_1)
FN:30,(anonymous_2)
FN:37,(anonymous_3)
FNF:4
FNH:2
FNDA:2,(anonymous_0)
FNDA:0,(anonymous_1)
FNDA:0,(anonymous_2)
FNDA:4,(anonymous_3)
DA:15,1
DA:23,1
DA:24,2
DA:26,2
DA:27,0
DA:30,2
DA:31,0
DA:36,2
DA:37,4
DA:47,2
LF:10
LH:8
BRDA:49,0,0,2
BRDA:49,0,1,1
BRDA:55,1,0,2
BRDA:55,1,1,1
BRF:4
BRH:4
end_of_record
TN:
SF:src/components/Field/index.ts
FNF:0
FNH:0
LF:0
LH:0
BRF:0
BRH:0
end_of_record
TN:
SF:src/components/Links/ArrowLink.tsx
FN:32,(anonymous_0)
FN:42,(anonymous_1)
FN:48,(anonymous_2)
FN:55,(anonymous_3)
FNF:4
FNH:2
FNDA:1,(anonymous_0)
FNDA:0,(anonymous_1)
FNDA:0,(anonymous_2)
FNDA:3,(anonymous_3)
DA:30,3
DA:32,3
DA:40,1
DA:42,1
DA:43,0
DA:48,1
DA:49,0
DA:54,1
DA:55,3
DA:62,1
DA:69,1
DA:75,1
DA:76,1
LF:13
LH:11
BRDA:37,0,0,0
BRDA:65,1,0,1
BRDA:65,1,1,1
BRDA:70,2,0,1
BRDA:70,2,1,0
BRDA:75,3,0,1
BRDA:75,3,1,0
BRDA:84,4,0,1
BRDA:84,4,1,1
BRF:9
BRH:6
end_of_record
TN:
SF:src/components/Links/ImageLink.tsx
FN:22,(anonymous_0)
FN:26,(anonymous_1)
FN:40,(anonymous_2)
FN:46,(anonymous_3)
FNF:4
FNH:2
FNDA:1,(anonymous_0)
FNDA:3,(anonymous_1)
FNDA:0,(anonymous_2)
FNDA:0,(anonymous_3)
DA:20,3
DA:22,3
DA:23,1
DA:25,1
DA:26,3
DA:40,1
DA:41,0
DA:46,1
DA:47,0
DA:52,1
DA:56,1
DA:58,1
LF:12
LH:10
BRF:0
BRH:0
end_of_record
TN:
SF:src/components/Links/Link.styles.ts
FNF:0
FNH:0
LF:0
LH:0
BRF:0
BRH:0
end_of_record
TN:
SF:src/components/Links/Link.tsx
FN:32,(anonymous_0)
FN:35,(anonymous_1)
FN:41,(anonymous_2)
FN:47,(anonymous_3)
FN:75,(anonymous_4)
FNF:5
FNH:3
FNDA:3,(anonymous_0)
FNDA:0,(anonymous_1)
FNDA:0,(anonymous_2)
FNDA:2,(anonymous_3)
FNDA:8,(anonymous_4)
DA:23,3
DA:32,3
DA:33,3
DA:35,3
DA:36,0
DA:41,3
DA:42,0
DA:47,3
DA:48,2
DA:49,0
DA:51,2
DA:52,1
DA:53,1
DA:63,1
DA:74,3
DA:75,8
DA:94,3
DA:95,3
DA:97,3
LF:19
LH:16
BRDA:48,0,0,0
BRDA:48,0,1,2
BRDA:51,1,0,1
BRDA:51,1,1,1
BRDA:104,2,0,3
BRDA:104,2,1,2
BRF:6
BRH:5
end_of_record
TN:
SF:src/components/Links/index.ts
FNF:0
FNH:0
LF:0
LH:0
BRF:0
BRH:0
end_of_record
TN:
SF:src/components/Modals/FullScreenModal.tsx
FN:29,(anonymous_0)
FN:33,(anonymous_1)
FN:48,(anonymous_2)
FN:54,(anonymous_3)
FN:73,(anonymous_4)
FNF:5
FNH:0
FNDA:0,(anonymous_0)
FNDA:0,(anonymous_1)
FNDA:0,(anonymous_2)
FNDA:0,(anonymous_3)
FNDA:0,(anonymous_4)
DA:27,2
DA:29,2
DA:30,0
DA:32,0
DA:33,0
DA:48,0
DA:49,0
DA:54,0
DA:55,0
DA:60,0
DA:62,0
DA:73,2
DA:74,0
LF:13
LH:3
BRF:0
BRH:0
end_of_record
TN:
SF:src/components/Modals/Modals.style.ts
FNF:0
FNH:0
LF:0
LH:0
BRF:0
BRH:0
end_of_record
TN:
SF:src/components/Modals/countries.ts
FN:3,(anonymous_0)
FN:5,(anonymous_1)
FN:10,(anonymous_2)
FN:14,(anonymous_3)
FNF:4
FNH:0
FNDA:0,(anonymous_0)
FNDA:0,(anonymous_1)
FNDA:0,(anonymous_2)
FNDA:0,(anonymous_3)
DA:3,2
DA:4,0
DA:6,0
DA:10,2
DA:14,0
DA:15,0
DA:16,0
DA:18,0
LF:8
LH:2
BRDA:3,0,0,0
BRDA:4,1,0,0
BRDA:4,1,1,0
BRDA:12,2,0,0
BRDA:15,3,0,0
BRDA:15,3,1,0
BRF:6
BRH:0
end_of_record
TN:
SF:src/components/Modals/index.ts
FNF:0
FNH:0
LF:0
LH:0
BRF:0
BRH:0
end_of_record
TN:
SF:src/components/Navigation/AuthNavigator.tsx
FN:11,(anonymous_0)
FN:12,(anonymous_1)
FNF:2
FNH:0
FNDA:0,(anonymous_0)
FNDA:0,(anonymous_1)
DA:6,2
DA:8,2
DA:9,2
DA:11,2
DA:12,0
LF:5
LH:4
BRF:0
BRH:0
end_of_record
TN:
SF:src/components/Option/Option.styles.tsx
FNF:0
FNH:0
LF:0
LH:0
BRF:0
BRH:0
end_of_record
TN:
SF:src/components/Option/OptionWithIcon.tsx
FN:31,(anonymous_0)
FN:35,(anonymous_1)
FN:48,(anonymous_2)
FN:66,(anonymous_3)
FN:73,(anonymous_4)
FN:77,(anonymous_5)
FNF:6
FNH:4
FNDA:20,(anonymous_0)
FNDA:11,(anonymous_1)
FNDA:18,(anonymous_2)
FNDA:18,(anonymous_3)
FNDA:0,(anonymous_4)
FNDA:0,(anonymous_5)
DA:17,2
DA:18,2
DA:32,20
DA:33,20
DA:35,20
DA:36,11
DA:37,8
DA:41,3
DA:47,20
DA:48,18
DA:65,20
DA:66,18
DA:73,20
DA:74,0
DA:77,20
DA:78,0
DA:83,20
DA:89,20
DA:90,20
DA:95,20
LF:20
LH:18
BRDA:36,0,0,8
BRDA:36,0,1,3
BRDA:93,1,0,20
BRDA:93,1,1,7
BRF:4
BRH:4
end_of_record
TN:
SF:src/components/Typography/BodyCopy.tsx
FN:6,(anonymous_0)
FNF:1
FNH:1
FNDA:77,(anonymous_0)
DA:7,77
LF:1
LH:1
BRF:0
BRH:0
end_of_record
TN:
SF:src/components/Typography/Subtitle.tsx
FN:6,(anonymous_0)
FNF:1
FNH:1
FNDA:1,(anonymous_0)
DA:7,1
LF:1
LH:1
BRF:0
BRH:0
end_of_record
TN:
SF:src/components/Typography/Title.tsx
FN:6,(anonymous_0)
FNF:1
FNH:1
FNDA:32,(anonymous_0)
DA:7,32
LF:1
LH:1
BRF:0
BRH:0
end_of_record
TN:
SF:src/components/Typography/Typography.styles.ts
FNF:0
FNH:0
LF:0
LH:0
BRF:0
BRH:0
end_of_record
TN:
SF:src/components/Typography/index.ts
FNF:0
FNH:0
LF:0
LH:0
BRF:0
BRH:0
end_of_record
TN:
SF:src/screens/Login/Email.tsx
FN:26,(anonymous_0)
FNF:1
FNH:1
FNDA:1,(anonymous_0)
DA:15,2
DA:26,2
DA:34,1
DA:35,1
LF:4
LH:4
BRDA:51,0,0,1
BRDA:51,0,1,0
BRF:2
BRH:1
end_of_record
TN:
SF:src/screens/Login/Form.tsx
FN:34,(anonymous_0)
FN:49,(anonymous_1)
FN:51,(anonymous_2)
FN:59,(anonymous_3)
FN:75,(anonymous_4)
FNF:5
FNH:2
FNDA:1,(anonymous_0)
FNDA:0,(anonymous_1)
FNDA:0,(anonymous_2)
FNDA:1,(anonymous_3)
FNDA:0,(anonymous_4)
DA:15,2
DA:17,2
DA:26,2
DA:30,2
DA:34,2
DA:35,1
DA:36,1
DA:37,1
DA:41,1
DA:50,0
DA:51,0
DA:53,0
DA:60,1
DA:75,0
LF:14
LH:10
BRDA:61,0,0,1
BRDA:61,0,1,1
BRDA:71,1,0,1
BRDA:71,1,1,0
BRF:4
BRH:3
end_of_record
TN:
SF:src/screens/Login/Login.styles.ts
FNF:0
FNH:0
LF:0
LH:0
BRF:0
BRH:0
end_of_record
TN:
SF:src/screens/Login/Login.tsx
FN:8,(anonymous_0)
FNF:1
FNH:1
FNDA:1,(anonymous_0)
DA:8,2
DA:9,1
LF:2
LH:2
BRF:0
BRH:0
end_of_record
TN:
SF:src/screens/Login/Password.tsx
FN:46,(anonymous_0)
FN:52,(anonymous_1)
FN:75,(anonymous_2)
FN:81,(anonymous_3)
FN:83,(anonymous_4)
FN:87,(anonymous_5)
FN:91,(anonymous_6)
FN:95,(anonymous_7)
FN:105,(anonymous_8)
FN:106,(anonymous_9)
FN:110,(anonymous_10)
FNF:11
FNH:0
FNDA:0,(anonymous_0)
FNDA:0,(anonymous_1)
FNDA:0,(anonymous_2)
FNDA:0,(anonymous_3)
FNDA:0,(anonymous_4)
FNDA:0,(anonymous_5)
FNDA:0,(anonymous_6)
FNDA:0,(anonymous_7)
FNDA:0,(anonymous_8)
FNDA:0,(anonymous_9)
FNDA:0,(anonymous_10)
DA:20,2
DA:28,2
DA:32,2
DA:36,2
DA:46,2
DA:47,0
DA:48,0
DA:50,0
DA:52,0
DA:62,0
DA:63,0
DA:64,0
DA:67,0
DA:68,0
DA:69,0
DA:73,0
DA:75,0
DA:79,0
DA:82,0
DA:83,0
DA:87,0
DA:88,0
DA:91,0
DA:95,0
DA:96,0
DA:106,0
DA:107,0
DA:111,0
DA:130,0
LF:29
LH:5
BRDA:62,0,0,0
BRDA:62,0,1,0
BRDA:67,1,0,0
BRDA:67,1,1,0
BRDA:118,2,0,0
BRDA:118,2,1,0
BRDA:136,3,0,0
BRDA:136,3,1,0
BRDA:137,4,0,0
BRDA:137,4,1,0
BRF:10
BRH:0
end_of_record
TN:
SF:src/screens/Login/index.ts
FNF:0
FNH:0
LF:0
LH:0
BRF:0
BRH:0
end_of_record
TN:
SF:src/screens/Register/Register.Check.tsx
FN:28,(anonymous_0)
FN:38,(anonymous_1)
FN:48,(anonymous_2)
FN:55,(anonymous_3)
FN:60,(anonymous_4)
FN:69,(anonymous_5)
FN:74,(anonymous_6)
FN:79,(anonymous_7)
FN:85,(anonymous_8)
FN:103,(anonymous_9)
FNF:10
FNH:0
FNDA:0,(anonymous_0)
FNDA:0,(anonymous_1)
FNDA:0,(anonymous_2)
FNDA:0,(anonymous_3)
FNDA:0,(anonymous_4)
FNDA:0,(anonymous_5)
FNDA:0,(anonymous_6)
FNDA:0,(anonymous_7)
FNDA:0,(anonymous_8)
FNDA:0,(anonymous_9)
DA:28,2
DA:29,0
DA:30,0
DA:38,2
DA:39,0
DA:40,0
DA:41,0
DA:48,0
DA:55,0
DA:60,0
DA:69,0
DA:74,0
DA:79,0
DA:85,0
DA:103,0
LF:15
LH:2
BRDA:33,0,0,0
BRDA:33,0,1,0
BRDA:43,1,0,0
BRDA:43,1,1,0
BRDA:65,2,0,0
BRDA:65,2,1,0
BRF:6
BRH:0
end_of_record
TN:
SF:src/screens/Register/Register.ControlPanel.tsx
FN:15,(anonymous_0)
FNF:1
FNH:1
FNDA:32,(anonymous_0)
DA:21,32
DA:22,32
LF:2
LH:2
BRDA:23,0,0,0
BRDA:23,0,1,32
BRF:2
BRH:1
end_of_record
TN:
SF:src/screens/Register/Register.Fieldcheck.tsx
FN:23,(anonymous_0)
FN:27,(anonymous_1)
FN:38,(anonymous_2)
FN:51,(anonymous_3)
FNF:4
FNH:0
FNDA:0,(anonymous_0)
FNDA:0,(anonymous_1)
FNDA:0,(anonymous_2)
FNDA:0,(anonymous_3)
DA:20,2
DA:21,2
DA:23,2
DA:24,0
DA:26,0
DA:27,0
DA:37,0
DA:38,0
DA:48,0
DA:49,0
DA:51,0
DA:52,0
DA:53,0
DA:57,0
DA:63,0
LF:15
LH:3
BRDA:52,0,0,0
BRDA:52,0,1,0
BRF:2
BRH:0
end_of_record
TN:
SF:src/screens/Register/Register.FormNavigation.tsx
FN:32,(anonymous_0)
FN:64,(anonymous_1)
FN:88,(anonymous_2)
FN:115,(anonymous_3)
FN:199,(anonymous_4)
FNF:5
FNH:4
FNDA:32,(anonymous_0)
FNDA:2,(anonymous_1)
FNDA:3,(anonymous_2)
FNDA:2,(anonymous_3)
FNDA:0,(anonymous_4)
DA:32,2
DA:43,32
DA:44,32
DA:65,2
DA:88,3
DA:116,2
DA:117,2
DA:199,0
LF:8
LH:7
BRDA:46,0,0,32
BRDA:46,0,1,11
BRDA:73,1,0,32
BRDA:73,1,1,9
BRDA:93,2,0,32
BRDA:93,2,1,11
BRDA:117,3,0,1
BRDA:117,3,1,1
BRDA:128,4,0,32
BRDA:128,4,1,1
BRDA:137,5,0,0
BRDA:137,5,1,1
BRDA:147,6,0,32
BRDA:147,6,1,0
BRDA:159,7,0,0
BRDA:159,7,1,0
BRDA:159,7,2,0
BRDA:172,8,0,32
BRDA:172,8,1,0
BRDA:185,9,0,0
BRDA:185,9,1,0
BRDA:192,10,0,32
BRDA:192,10,1,0
BRDA:200,11,0,0
BRDA:200,11,1,0
BRF:25
BRH:14
end_of_record
TN:
SF:src/screens/Register/Register.Location.tsx
FN:15,(anonymous_0)
FN:16,(anonymous_1)
FN:18,(anonymous_2)
FN:21,(anonymous_3)
FN:29,(anonymous_4)
FNF:5
FNH:0
FNDA:0,(anonymous_0)
FNDA:0,(anonymous_1)
FNDA:0,(anonymous_2)
FNDA:0,(anonymous_3)
FNDA:0,(anonymous_4)
DA:15,2
DA:16,0
DA:17,0
DA:18,0
DA:19,0
DA:20,0
DA:21,0
DA:22,0
DA:23,0
DA:25,0
DA:29,0
DA:30,0
DA:31,0
LF:13
LH:1
BRDA:43,0,0,0
BRDA:43,0,1,0
BRF:2
BRH:0
end_of_record
TN:
SF:src/screens/Register/Register.Password.tsx
FN:16,(anonymous_0)
FNF:1
FNH:0
FNDA:0,(anonymous_0)
DA:16,2
DA:17,0
DA:19,0
LF:3
LH:1
BRDA:68,0,0,0
BRDA:68,0,1,0
BRF:2
BRH:0
end_of_record
TN:
SF:src/screens/Register/Register.Photo.tsx
FN:17,(anonymous_0)
FN:22,(anonymous_1)
FN:37,(anonymous_2)
FN:39,(anonymous_3)
FN:40,(anonymous_4)
FN:43,(anonymous_5)
FN:44,(anonymous_6)
FN:47,(anonymous_7)
FN:72,(anonymous_8)
FNF:9
FNH:2
FNDA:1,(anonymous_0)
FNDA:0,(anonymous_1)
FNDA:0,(anonymous_2)
FNDA:0,(anonymous_3)
FNDA:0,(anonymous_4)
FNDA:0,(anonymous_5)
FNDA:0,(anonymous_6)
FNDA:1,(anonymous_7)
FNDA:0,(anonymous_8)
DA:17,2
DA:18,1
DA:20,1
DA:22,1
DA:23,0
DA:24,0
DA:25,0
DA:26,0
DA:27,0
DA:28,0
DA:29,0
DA:31,0
DA:34,0
DA:37,1
DA:38,0
DA:39,0
DA:40,0
DA:43,1
DA:44,0
DA:47,1
DA:48,1
DA:62,1
DA:63,1
DA:65,1
DA:72,0
LF:25
LH:11
BRDA:23,0,0,0
BRDA:23,0,1,0
BRDA:24,1,0,0
BRDA:24,1,1,0
BRDA:26,2,0,0
BRDA:26,2,1,0
BRDA:67,3,0,1
BRDA:67,3,1,1
BRDA:68,4,0,1
BRDA:68,4,1,0
BRDA:75,5,0,0
BRDA:75,5,1,0
BRF:12
BRH:3
end_of_record
TN:
SF:src/screens/Register/Register.SelectGender.tsx
FN:13,(anonymous_0)
FN:22,(anonymous_1)
FN:29,(anonymous_2)
FNF:3
FNH:3
FNDA:9,(anonymous_0)
FNDA:1,(anonymous_1)
FNDA:2,(anonymous_2)
DA:14,9
DA:15,9
DA:22,1
DA:29,2
LF:4
LH:4
BRF:0
BRH:0
end_of_record
TN:
SF:src/screens/Register/Register.Step.tsx
FN:37,(anonymous_0)
FN:60,(anonymous_1)
FNF:2
FNH:2
FNDA:32,(anonymous_0)
FNDA:32,(anonymous_1)
DA:13,2
DA:37,2
DA:44,32
DA:73,32
LF:4
LH:4
BRDA:51,0,0,32
BRDA:51,0,1,0
BRF:2
BRH:1
end_of_record
TN:
SF:src/screens/Register/Register.StepTracker.tsx
FN:20,(anonymous_0)
FN:29,(anonymous_1)
FN:32,(anonymous_2)
FNF:3
FNH:3
FNDA:224,(anonymous_0)
FNDA:32,(anonymous_1)
FNDA:224,(anonymous_2)
DA:20,2
DA:21,224
DA:26,224
DA:29,2
DA:30,32
DA:33,224
LF:6
LH:6
BRDA:23,0,0,32
BRDA:23,0,1,192
BRDA:23,1,0,34
BRDA:23,1,1,158
BRF:4
BRH:4
end_of_record
TN:
SF:src/screens/Register/Register.graphql.ts
FNF:0
FNH:0
DA:3,2
LF:1
LH:1
BRF:0
BRH:0
end_of_record
TN:
SF:src/screens/Register/Register.styles.ts
FNF:0
FNH:0
LF:0
LH:0
BRF:0
BRH:0
end_of_record
TN:
SF:src/screens/Register/Register.tsx
FN:29,(anonymous_0)
FN:34,(anonymous_1)
FN:36,(anonymous_2)
FN:48,(anonymous_3)
FN:50,(anonymous_4)
FN:55,(anonymous_5)
FN:60,(anonymous_6)
FN:65,(anonymous_7)
FN:69,(anonymous_8)
FN:79,(anonymous_9)
FN:99,(anonymous_10)
FN:101,(anonymous_11)
FN:107,(anonymous_12)
FN:139,(anonymous_13)
FN:141,(anonymous_14)
FNF:15
FNH:5
FNDA:9,(anonymous_0)
FNDA:4,(anonymous_1)
FNDA:1,(anonymous_2)
FNDA:0,(anonymous_3)
FNDA:0,(anonymous_4)
FNDA:1,(anonymous_5)
FNDA:0,(anonymous_6)
FNDA:0,(anonymous_7)
FNDA:0,(anonymous_8)
FNDA:0,(anonymous_9)
FNDA:0,(anonymous_10)
FNDA:0,(anonymous_11)
FNDA:0,(anonymous_12)
FNDA:0,(anonymous_13)
FNDA:34,(anonymous_14)
DA:29,2
DA:33,9
DA:34,9
DA:35,9
DA:36,9
DA:37,1
DA:38,1
DA:39,1
DA:41,0
DA:42,0
DA:45,9
DA:47,9
DA:48,9
DA:50,9
DA:51,0
DA:52,0
DA:55,9
DA:56,1
DA:60,0
DA:65,0
DA:69,9
DA:70,0
DA:71,0
DA:72,0
DA:74,0
DA:75,0
DA:79,9
DA:83,0
DA:84,0
DA:88,0
DA:89,0
DA:90,0
DA:93,0
DA:97,9
DA:100,0
DA:102,0
DA:103,0
DA:107,9
DA:108,0
DA:109,0
DA:110,0
DA:125,9
DA:139,0
DA:142,34
LF:44
LH:20
BRDA:37,0,0,1
BRDA:37,0,1,0
BRDA:70,1,0,0
BRDA:70,1,1,0
BRDA:83,2,0,0
BRDA:83,2,1,0
BRDA:137,3,0,9
BRDA:137,3,1,0
BRF:8
BRH:2
end_of_record
TN:
SF:src/screens/Register/Register.utils.ts
FN:73,(anonymous_0)
FN:73,(anonymous_1)
FN:79,(anonymous_2)
FN:80,(anonymous_3)
FN:82,(anonymous_4)
FNF:5
FNH:4
FNDA:9,(anonymous_0)
FNDA:9,(anonymous_1)
FNDA:0,(anonymous_2)
FNDA:9,(anonymous_3)
FNDA:123,(anonymous_4)
DA:8,2
DA:16,2
DA:31,2
DA:38,2
DA:45,2
DA:46,2
DA:63,2
DA:73,9
DA:74,9
DA:79,0
DA:81,9
DA:82,123
DA:90,2
LF:13
LH:12
BRDA:84,0,0,123
BRDA:84,0,1,81
BRF:2
BRH:2
end_of_record
TN:
SF:src/screens/Register/index.ts
FNF:0
FNH:0
LF:0
LH:0
BRF:0
BRH:0
end_of_record
TN:
SF:src/utils/animationConstants.ts
FNF:0
FNH:0
DA:1,5
DA:7,5
LF:2
LH:2
BRF:0
BRH:0
end_of_record
TN:
SF:src/utils/colors.ts
FN:21,(anonymous_0)
FNF:1
FNH:1
FNDA:5,(anonymous_0)
DA:1,5
DA:21,5
DA:22,5
DA:23,5
DA:24,60
DA:26,5
DA:29,5
LF:7
LH:7
BRF:0
BRH:0
end_of_record
TN:
SF:src/utils/countries.ts
FNF:0
FNH:0
DA:10,2
LF:1
LH:1
BRF:0
BRH:0
end_of_record
TN:
SF:src/utils/photo.ts
FN:2,(anonymous_0)
FNF:1
FNH:0
FNDA:0,(anonymous_0)
DA:2,2
DA:3,0
LF:2
LH:1
BRDA:3,0,0,0
BRDA:3,0,1,0
BRF:2
BRH:0
end_of_record
TN:
SF:src/utils/photos.ts
FN:16,(anonymous_0)
FN:21,(anonymous_1)
FN:22,(anonymous_2)
FN:25,(anonymous_3)
FN:30,(anonymous_4)
FN:31,(anonymous_5)
FNF:6
FNH:0
FNDA:0,(anonymous_0)
FNDA:0,(anonymous_1)
FNDA:0,(anonymous_2)
FNDA:0,(anonymous_3)
FNDA:0,(anonymous_4)
FNDA:0,(anonymous_5)
DA:4,2
DA:16,2
DA:20,0
DA:21,0
DA:22,0
DA:25,2
DA:29,0
DA:30,0
DA:31,0
DA:34,2
DA:35,2
LF:11
LH:5
BRF:0
BRH:0
end_of_record
TN:
SF:src/utils/test-utils.tsx
FN:24,renderWithProviders
FNF:1
FNH:1
FNDA:6,renderWithProviders
DA:14,2
DA:33,6
LF:2
LH:2
BRDA:26,0,0,5
BRDA:27,1,0,6
BRDA:28,2,0,6
BRDA:29,3,0,6
BRF:4
BRH:4
end_of_record
TN:
SF:src/utils/toasts.ts
FN:5,(anonymous_0)
FN:18,(anonymous_1)
FN:30,(anonymous_2)
FN:45,(anonymous_3)
FN:60,(anonymous_4)
FNF:5
FNH:0
FNDA:0,(anonymous_0)
FNDA:0,(anonymous_1)
FNDA:0,(anonymous_2)
FNDA:0,(anonymous_3)
FNDA:0,(anonymous_4)
DA:5,2
DA:10,0
DA:18,2
DA:23,0
DA:30,2
DA:35,0
DA:45,2
DA:50,0
DA:60,2
DA:61,0
DA:62,0
DA:64,0
LF:12
LH:5
BRDA:24,0,0,0
BRDA:24,0,1,0
BRDA:25,1,0,0
BRDA:25,1,1,0
BRF:4
BRH:0
end_of_record
TN:
SF:src/utils/slices/anketSlice.ts
FN:16,(anonymous_0)
FN:19,(anonymous_1)
FNF:2
FNH:0
FNDA:0,(anonymous_0)
FNDA:0,(anonymous_1)
DA:8,2
DA:12,2
DA:17,0
DA:20,0
DA:25,2
LF:5
LH:3
BRF:0
BRH:0
end_of_record
TN:
SF:src/utils/slices/authSlice.ts
FN:16,(anonymous_0)
FN:19,(anonymous_1)
FNF:2
FNH:0
FNDA:0,(anonymous_0)
FNDA:0,(anonymous_1)
DA:8,2
DA:12,2
DA:17,0
DA:20,0
DA:21,0
DA:26,2
LF:6
LH:3
BRF:0
BRH:0
end_of_record
TN:
SF:src/utils/slices/contactsInputSlice.ts
FN:17,(anonymous_0)
FN:20,(anonymous_1)
FN:23,(anonymous_2)
FN:26,(anonymous_3)
FNF:4
FNH:0
FNDA:0,(anonymous_0)
FNDA:0,(anonymous_1)
FNDA:0,(anonymous_2)
FNDA:0,(anonymous_3)
DA:8,2
DA:13,2
DA:18,0
DA:21,0
DA:24,0
DA:27,0
DA:33,2
LF:7
LH:3
BRF:0
BRH:0
end_of_record
TN:
SF:src/utils/slices/firebaseTokenSlice.ts
FN:15,(anonymous_0)
FNF:1
FNH:0
FNDA:0,(anonymous_0)
DA:7,2
DA:11,2
DA:16,0
DA:21,2
LF:4
LH:3
BRF:0
BRH:0
end_of_record
TN:
SF:src/utils/slices/inChatSlice.ts
FN:15,(anonymous_0)
FN:18,(anonymous_1)
FNF:2
FNH:0
FNDA:0,(anonymous_0)
FNDA:0,(anonymous_1)
DA:7,2
DA:11,2
DA:16,0
DA:19,0
DA:24,2
LF:5
LH:3
BRF:0
BRH:0
end_of_record
TN:
SF:src/utils/slices/requestResultSlice.ts
FN:16,(anonymous_0)
FN:19,(anonymous_1)
FNF:2
FNH:0
FNDA:0,(anonymous_0)
FNDA:0,(anonymous_1)
DA:8,2
DA:12,2
DA:17,0
DA:20,0
DA:26,2
LF:5
LH:3
BRF:0
BRH:0
end_of_record
TN:
SF:src/utils/slices/searchSettingsSlice.ts
FN:17,(anonymous_0)
FNF:1
FNH:0
FNDA:0,(anonymous_0)
DA:3,2
DA:4,2
DA:9,2
DA:13,2
DA:21,0
DA:26,2
LF:6
LH:5
BRF:0
BRH:0
end_of_record
